0 info it worked if it ends with ok
1 verbose cli [
1 verbose cli   '/usr/local/bin/node',
1 verbose cli   '/usr/local/bin/npm',
1 verbose cli   'install',
1 verbose cli   '--ignore-scripts',
1 verbose cli   '@types/lz-string@ts3.6',
1 verbose cli   '@types/media-typer@ts3.6',
1 verbose cli   '@types/memory-fs@ts3.6',
1 verbose cli   '@types/memorystream@ts3.6',
1 verbose cli   '@types/merge-descriptors@ts3.6',
1 verbose cli   '@types/merge-stream@ts3.6',
1 verbose cli   '@types/merge2@ts3.6',
1 verbose cli   '@types/methods@ts3.6',
1 verbose cli   '@types/micromatch@ts3.6',
1 verbose cli   '@types/mime@ts3.6',
1 verbose cli   '@types/mime-db@ts3.6',
1 verbose cli   '@types/mime-types@ts3.6',
1 verbose cli   '@types/min-indent@ts3.6',
1 verbose cli   '@types/minimalistic-assert@ts3.6',
1 verbose cli   '@types/minimatch@ts3.6',
1 verbose cli   '@types/minimist@ts3.6',
1 verbose cli   '@types/minipass@ts3.6',
1 verbose cli   '@types/minizlib@ts3.6',
1 verbose cli   '@types/mkdirp@ts3.6',
1 verbose cli   '@types/move-concurrently@ts3.6',
1 verbose cli   '@types/ms@ts3.6',
1 verbose cli   '@types/multicast-dns@ts3.6',
1 verbose cli   '@types/natural-compare@ts3.6',
1 verbose cli   '@types/negotiator@ts3.6',
1 verbose cli   '@types/next-tick@ts3.6',
1 verbose cli   '@types/nice-try@ts3.6',
1 verbose cli   '@types/node-forge@ts3.6',
1 verbose cli   '@types/node-int64@ts3.6',
1 verbose cli   '@types/node-notifier@ts3.6',
1 verbose cli   '@types/normalize-package-data@ts3.6',
1 verbose cli   '@types/normalize-path@ts3.6',
1 verbose cli   '@types/num2fraction@ts3.6',
1 verbose cli   '@types/nwsapi@ts3.6',
1 verbose cli   '@types/object-assign@ts3.6',
1 verbose cli   '@types/object-inspect@ts3.6',
1 verbose cli   '@types/object-keys@ts3.6',
1 verbose cli   '@types/object.fromentries@ts3.6',
1 verbose cli   '@types/object.getownpropertydescriptors@ts3.6',
1 verbose cli   '@types/object.pick@ts3.6',
1 verbose cli   '@types/on-finished@ts3.6',
1 verbose cli   '@types/on-headers@ts3.6',
1 verbose cli   '@types/once@ts3.6',
1 verbose cli   '@types/optimize-css-assets-webpack-plugin@ts3.6',
1 verbose cli   '@types/pako@ts3.6',
1 verbose cli   '@types/parallel-transform@ts3.6',
1 verbose cli   '@types/parse-json@ts3.6',
1 verbose cli   '@types/parse5@ts3.6',
1 verbose cli   '@types/parseurl@ts3.6',
1 verbose cli   '@types/pascalcase@ts3.6',
1 verbose cli   '@types/path-browserify@ts3.6',
1 verbose cli   '@types/path-is-absolute@ts3.6',
1 verbose cli   '@types/path-is-inside@ts3.6',
1 verbose cli   '@types/path-parse@ts3.6',
1 verbose cli   '@types/pbkdf2@ts3.6',
1 verbose cli   '@types/picomatch@ts3.6',
1 verbose cli   '@types/pify@ts3.6',
1 verbose cli   '@types/postcss-flexbugs-fixes@ts3.6',
1 verbose cli   '@types/postcss-gap-properties@ts3.6',
1 verbose cli   '@types/postcss-modules-extract-imports@ts3.6',
1 verbose cli   '@types/postcss-modules-local-by-default@ts3.6',
1 verbose cli   '@types/postcss-modules-scope@ts3.6',
1 verbose cli   '@types/postcss-modules-values@ts3.6',
1 verbose cli   '@types/postcss-normalize@ts3.6',
1 verbose cli   '@types/postcss-preset-env@ts3.6',
1 verbose cli   '@types/postcss-safe-parser@ts3.6',
1 verbose cli   '@types/prelude-ls@ts3.6',
1 verbose cli   '@types/prettier-linter-helpers@ts3.6',
1 verbose cli   '@types/progress@ts3.6',
1 verbose cli   '@types/promise-inflight@ts3.6',
1 verbose cli   '@types/prompts@ts3.6',
1 verbose cli   '@types/prop-types@ts3.6',
1 verbose cli   '@types/proxy-addr@ts3.6',
1 verbose cli   '@types/psl@ts3.6',
1 verbose cli   '@types/pump@ts3.6',
1 verbose cli   '@types/pumpify@ts3.6',
1 verbose cli   '@types/punycode@ts3.6',
1 verbose cli   '@types/q@ts3.6',
1 verbose cli   '@types/qs@ts3.6',
1 verbose cli   '@types/querystringify@ts3.6',
1 verbose cli   '@types/raf@ts3.6',
1 verbose cli   '@types/randombytes@ts3.6',
1 verbose cli   '@types/range-parser@ts3.6',
1 verbose cli   '@types/react-dev-utils@ts3.6',
1 verbose cli   '@types/react-is@ts3.6',
1 verbose cli   '@types/readable-stream@ts3.6',
1 verbose cli   '@types/recursive-readdir@ts3.6',
1 verbose cli   '@types/regenerate@ts3.6',
1 verbose cli   '@types/regenerator-runtime@ts3.6',
1 verbose cli   '@types/regex-not@ts3.6',
1 verbose cli   '@types/relateurl@ts3.6',
1 verbose cli   '@types/repeat-element@ts3.6',
1 verbose cli   '@types/repeat-string@ts3.6',
1 verbose cli   '@types/require-directory@ts3.6',
1 verbose cli   '@types/require-from-string@ts3.6',
1 verbose cli   '@types/requires-port@ts3.6',
1 verbose cli   '@types/resolve@ts3.6',
1 verbose cli   ... 102 more items
1 verbose cli ]
2 info using npm@6.14.6
3 info using node@v12.18.3
4 verbose npm-session d1f3fc149ce1c725
5 silly install loadCurrentTree
6 silly install readLocalPackageData
7 http fetch GET 304 https://registry.npmjs.org/@types%2fmerge-descriptors 472ms (from cache)
8 http fetch GET 304 https://registry.npmjs.org/@types%2fmemorystream 477ms (from cache)
9 http fetch GET 304 https://registry.npmjs.org/@types%2fmerge-stream 470ms (from cache)
10 http fetch GET 304 https://registry.npmjs.org/@types%2flz-string 487ms (from cache)
11 http fetch GET 304 https://registry.npmjs.org/@types%2fmedia-typer 493ms (from cache)
12 silly pacote tag manifest for @types/merge-stream@ts3.6 fetched in 507ms
13 silly pacote tag manifest for @types/merge-descriptors@ts3.6 fetched in 519ms
14 silly pacote tag manifest for @types/memorystream@ts3.6 fetched in 523ms
15 silly pacote tag manifest for @types/lz-string@ts3.6 fetched in 540ms
16 silly pacote tag manifest for @types/media-typer@ts3.6 fetched in 529ms
17 http fetch GET 304 https://registry.npmjs.org/@types%2fmerge2 525ms (from cache)
18 http fetch GET 304 https://registry.npmjs.org/@types%2fmime 515ms (from cache)
19 http fetch GET 304 https://registry.npmjs.org/@types%2fmethods 524ms (from cache)
20 silly pacote tag manifest for @types/merge2@ts3.6 fetched in 544ms
21 silly pacote tag manifest for @types/mime@ts3.6 fetched in 541ms
22 silly pacote tag manifest for @types/methods@ts3.6 fetched in 550ms
23 http fetch GET 304 https://registry.npmjs.org/@types%2fmemory-fs 580ms (from cache)
24 http fetch GET 304 https://registry.npmjs.org/@types%2fmicromatch 562ms (from cache)
25 silly pacote tag manifest for @types/memory-fs@ts3.6 fetched in 600ms
26 silly pacote tag manifest for @types/micromatch@ts3.6 fetched in 593ms
27 http fetch GET 304 https://registry.npmjs.org/@types%2fmime-db 131ms (from cache)
28 silly pacote tag manifest for @types/mime-db@ts3.6 fetched in 168ms
29 http fetch GET 304 https://registry.npmjs.org/@types%2fmin-indent 198ms (from cache)
30 http fetch GET 304 https://registry.npmjs.org/@types%2fmime-types 200ms (from cache)
31 http fetch GET 304 https://registry.npmjs.org/@types%2fminimist 166ms (from cache)
32 http fetch GET 304 https://registry.npmjs.org/@types%2fminimatch 204ms (from cache)
33 http fetch GET 304 https://registry.npmjs.org/@types%2fminimalistic-assert 210ms (from cache)
34 silly pacote tag manifest for @types/mime-types@ts3.6 fetched in 216ms
35 silly pacote tag manifest for @types/min-indent@ts3.6 fetched in 216ms
36 silly pacote tag manifest for @types/minimist@ts3.6 fetched in 181ms
37 silly pacote tag manifest for @types/minimatch@ts3.6 fetched in 243ms
38 silly pacote tag manifest for @types/minimalistic-assert@ts3.6 fetched in 249ms
39 http fetch GET 304 https://registry.npmjs.org/@types%2fminizlib 209ms (from cache)
40 http fetch GET 304 https://registry.npmjs.org/@types%2fmove-concurrently 173ms (from cache)
41 http fetch GET 304 https://registry.npmjs.org/@types%2fminipass 212ms (from cache)
42 silly pacote tag manifest for @types/minizlib@ts3.6 fetched in 233ms
43 silly pacote tag manifest for @types/minipass@ts3.6 fetched in 243ms
44 silly pacote tag manifest for @types/move-concurrently@ts3.6 fetched in 208ms
45 http fetch GET 304 https://registry.npmjs.org/@types%2fmkdirp 221ms (from cache)
46 silly pacote tag manifest for @types/mkdirp@ts3.6 fetched in 240ms
47 http fetch GET 304 https://registry.npmjs.org/@types%2fnext-tick 135ms (from cache)
48 silly pacote tag manifest for @types/next-tick@ts3.6 fetched in 184ms
49 http fetch GET 304 https://registry.npmjs.org/@types%2fnatural-compare 231ms (from cache)
50 http fetch GET 304 https://registry.npmjs.org/@types%2fmulticast-dns 239ms (from cache)
51 silly pacote tag manifest for @types/natural-compare@ts3.6 fetched in 248ms
52 silly pacote tag manifest for @types/multicast-dns@ts3.6 fetched in 273ms
53 http fetch GET 304 https://registry.npmjs.org/@types%2fnice-try 245ms (from cache)
54 http fetch GET 200 https://registry.npmjs.org/@types%2fnode-forge 233ms
55 silly pacote tag manifest for @types/nice-try@ts3.6 fetched in 265ms
56 http fetch GET 304 https://registry.npmjs.org/@types%2fnegotiator 300ms (from cache)
57 http fetch GET 304 https://registry.npmjs.org/@types%2fnode-int64 240ms (from cache)
58 http fetch GET 304 https://registry.npmjs.org/@types%2fnormalize-package-data 220ms (from cache)
59 http fetch GET 304 https://registry.npmjs.org/@types%2fnode-notifier 244ms (from cache)
60 silly pacote tag manifest for @types/negotiator@ts3.6 fetched in 314ms
61 silly pacote tag manifest for @types/node-forge@ts3.6 fetched in 262ms
62 silly pacote tag manifest for @types/node-int64@ts3.6 fetched in 252ms
63 silly pacote tag manifest for @types/normalize-package-data@ts3.6 fetched in 233ms
64 silly pacote tag manifest for @types/node-notifier@ts3.6 fetched in 265ms
65 http fetch GET 304 https://registry.npmjs.org/@types%2fnormalize-path 198ms (from cache)
66 http fetch GET 304 https://registry.npmjs.org/@types%2fnum2fraction 168ms (from cache)
67 silly pacote tag manifest for @types/normalize-path@ts3.6 fetched in 213ms
68 silly pacote tag manifest for @types/num2fraction@ts3.6 fetched in 182ms
69 http fetch GET 304 https://registry.npmjs.org/@types%2fobject-assign 185ms (from cache)
70 silly pacote tag manifest for @types/object-assign@ts3.6 fetched in 200ms
71 http fetch GET 304 https://registry.npmjs.org/@types%2fnwsapi 235ms (from cache)
72 http fetch GET 304 https://registry.npmjs.org/@types%2fobject-inspect 191ms (from cache)
73 silly pacote tag manifest for @types/nwsapi@ts3.6 fetched in 248ms
74 http fetch GET 304 https://registry.npmjs.org/@types%2fobject.pick 185ms (from cache)
75 http fetch GET 304 https://registry.npmjs.org/@types%2fobject.fromentries 202ms (from cache)
76 http fetch GET 304 https://registry.npmjs.org/@types%2fobject-keys 204ms (from cache)
77 silly pacote tag manifest for @types/object-keys@ts3.6 fetched in 221ms
78 silly pacote tag manifest for @types/object.fromentries@ts3.6 fetched in 224ms
79 http fetch GET 304 https://registry.npmjs.org/@types%2fobject.getownpropertydescriptors 225ms (from cache)
80 silly pacote tag manifest for @types/object-inspect@ts3.6 fetched in 237ms
81 silly pacote tag manifest for @types/object.pick@ts3.6 fetched in 219ms
82 silly pacote tag manifest for @types/object.getownpropertydescriptors@ts3.6 fetched in 255ms
83 http fetch GET 304 https://registry.npmjs.org/@types%2fon-finished 177ms (from cache)
84 http fetch GET 304 https://registry.npmjs.org/@types%2fms 678ms (from cache)
85 http fetch GET 304 https://registry.npmjs.org/@types%2foptimize-css-assets-webpack-plugin 104ms (from cache)
86 silly pacote tag manifest for @types/on-finished@ts3.6 fetched in 202ms
87 silly pacote tag manifest for @types/ms@ts3.6 fetched in 697ms
88 silly pacote tag manifest for @types/optimize-css-assets-webpack-plugin@ts3.6 fetched in 117ms
89 http fetch GET 304 https://registry.npmjs.org/@types%2fonce 195ms (from cache)
90 http fetch GET 304 https://registry.npmjs.org/@types%2fparallel-transform 157ms (from cache)
91 http fetch GET 304 https://registry.npmjs.org/@types%2fparse5 149ms (from cache)
92 http fetch GET 304 https://registry.npmjs.org/@types%2fpako 162ms (from cache)
93 silly pacote tag manifest for @types/once@ts3.6 fetched in 214ms
94 silly pacote tag manifest for @types/parallel-transform@ts3.6 fetched in 170ms
95 silly pacote tag manifest for @types/parse5@ts3.6 fetched in 162ms
96 silly pacote tag manifest for @types/pako@ts3.6 fetched in 199ms
97 http fetch GET 304 https://registry.npmjs.org/@types%2fparse-json 211ms (from cache)
98 http fetch GET 304 https://registry.npmjs.org/@types%2fpath-is-absolute 142ms (from cache)
99 http fetch GET 304 https://registry.npmjs.org/@types%2fpascalcase 150ms (from cache)
100 http fetch GET 304 https://registry.npmjs.org/@types%2fpath-browserify 148ms (from cache)
101 silly registry:manifest no matching version for @types/path-browserify@ts3.6 in the cache. Forcing revalidation.
102 silly pacote tag manifest for @types/parse-json@ts3.6 fetched in 232ms
103 silly pacote tag manifest for @types/path-is-absolute@ts3.6 fetched in 154ms
104 silly pacote tag manifest for @types/pascalcase@ts3.6 fetched in 159ms
105 http fetch GET 304 https://registry.npmjs.org/@types%2fpath-parse 120ms (from cache)
106 http fetch GET 304 https://registry.npmjs.org/@types%2fpbkdf2 122ms (from cache)
107 http fetch GET 304 https://registry.npmjs.org/@types%2fpath-is-inside 138ms (from cache)
108 silly pacote tag manifest for @types/path-is-inside@ts3.6 fetched in 155ms
109 silly pacote tag manifest for @types/path-parse@ts3.6 fetched in 151ms
110 silly pacote tag manifest for @types/pbkdf2@ts3.6 fetched in 151ms
111 http fetch GET 304 https://registry.npmjs.org/@types%2fpicomatch 162ms (from cache)
112 silly pacote tag manifest for @types/picomatch@ts3.6 fetched in 177ms
113 http fetch GET 304 https://registry.npmjs.org/@types%2fpostcss-gap-properties 149ms (from cache)
114 silly pacote tag manifest for @types/postcss-gap-properties@ts3.6 fetched in 156ms
115 http fetch GET 304 https://registry.npmjs.org/@types%2fpify 178ms (from cache)
116 http fetch GET 304 https://registry.npmjs.org/@types%2fpostcss-flexbugs-fixes 177ms (from cache)
117 silly pacote tag manifest for @types/postcss-flexbugs-fixes@ts3.6 fetched in 184ms
118 silly pacote tag manifest for @types/pify@ts3.6 fetched in 188ms
119 http fetch GET 304 https://registry.npmjs.org/@types%2fpostcss-modules-scope 122ms (from cache)
120 silly pacote tag manifest for @types/postcss-modules-scope@ts3.6 fetched in 129ms
121 http fetch GET 304 https://registry.npmjs.org/@types%2fpostcss-modules-extract-imports 153ms (from cache)
122 silly pacote tag manifest for @types/postcss-modules-extract-imports@ts3.6 fetched in 159ms
123 http fetch GET 304 https://registry.npmjs.org/@types%2fpostcss-modules-local-by-default 171ms (from cache)
124 silly pacote tag manifest for @types/postcss-modules-local-by-default@ts3.6 fetched in 181ms
125 http fetch GET 304 https://registry.npmjs.org/@types%2fpostcss-normalize 112ms (from cache)
126 silly pacote tag manifest for @types/postcss-normalize@ts3.6 fetched in 128ms
127 http fetch GET 304 https://registry.npmjs.org/@types%2fpostcss-safe-parser 159ms (from cache)
128 http fetch GET 304 https://registry.npmjs.org/@types%2fpostcss-preset-env 163ms (from cache)
129 silly registry:manifest no matching version for @types/postcss-preset-env@ts3.6 in the cache. Forcing revalidation.
130 http fetch GET 304 https://registry.npmjs.org/@types%2fon-headers 716ms (from cache)
131 silly pacote tag manifest for @types/postcss-safe-parser@ts3.6 fetched in 179ms
132 silly pacote tag manifest for @types/on-headers@ts3.6 fetched in 729ms
133 http fetch GET 304 https://registry.npmjs.org/@types%2fprelude-ls 165ms (from cache)
134 silly pacote tag manifest for @types/prelude-ls@ts3.6 fetched in 181ms
135 http fetch GET 304 https://registry.npmjs.org/@types%2fprettier-linter-helpers 162ms (from cache)
136 http fetch GET 304 https://registry.npmjs.org/@types%2fprogress 151ms (from cache)
137 silly pacote tag manifest for @types/prettier-linter-helpers@ts3.6 fetched in 181ms
138 silly pacote tag manifest for @types/progress@ts3.6 fetched in 168ms
139 http fetch GET 304 https://registry.npmjs.org/@types%2fpromise-inflight 169ms (from cache)
140 http fetch GET 304 https://registry.npmjs.org/@types%2fparseurl 678ms (from cache)
141 silly pacote tag manifest for @types/promise-inflight@ts3.6 fetched in 184ms
142 http fetch GET 200 https://registry.npmjs.org/@types%2fpostcss-preset-env 125ms
143 silly fetchPackageMetaData error for @types/postcss-preset-env@ts3.6 No matching version found for @types/postcss-preset-env@ts3.6.
144 silly pacote tag manifest for @types/parseurl@ts3.6 fetched in 698ms
145 http fetch GET 304 https://registry.npmjs.org/@types%2fprompts 151ms (from cache)
146 http fetch GET 304 https://registry.npmjs.org/@types%2fprop-types 154ms (from cache)
147 http fetch GET 304 https://registry.npmjs.org/@types%2fproxy-addr 146ms (from cache)
148 silly pacote tag manifest for @types/prompts@ts3.6 fetched in 183ms
149 silly pacote tag manifest for @types/prop-types@ts3.6 fetched in 184ms
150 silly pacote tag manifest for @types/proxy-addr@ts3.6 fetched in 160ms
151 http fetch GET 304 https://registry.npmjs.org/@types%2fpsl 198ms (from cache)
152 http fetch GET 304 https://registry.npmjs.org/@types%2fpump 197ms (from cache)
153 http fetch GET 304 https://registry.npmjs.org/@types%2fpumpify 155ms (from cache)
154 silly pacote tag manifest for @types/psl@ts3.6 fetched in 212ms
155 http fetch GET 304 https://registry.npmjs.org/@types%2fpunycode 147ms (from cache)
156 silly pacote tag manifest for @types/pumpify@ts3.6 fetched in 181ms
157 silly pacote tag manifest for @types/punycode@ts3.6 fetched in 169ms
158 silly pacote tag manifest for @types/pump@ts3.6 fetched in 228ms
159 http fetch GET 200 https://registry.npmjs.org/@types%2fpath-browserify 670ms
160 silly fetchPackageMetaData error for @types/path-browserify@ts3.6 No matching version found for @types/path-browserify@ts3.6.
161 http fetch GET 304 https://registry.npmjs.org/@types%2fq 190ms (from cache)
162 silly pacote tag manifest for @types/q@ts3.6 fetched in 224ms
163 http fetch GET 304 https://registry.npmjs.org/@types%2fquerystringify 186ms (from cache)
164 http fetch GET 304 https://registry.npmjs.org/@types%2fraf 190ms (from cache)
165 http fetch GET 304 https://registry.npmjs.org/@types%2fqs 192ms (from cache)
166 http fetch GET 304 https://registry.npmjs.org/@types%2frandombytes 119ms (from cache)
167 silly pacote tag manifest for @types/raf@ts3.6 fetched in 204ms
168 silly pacote tag manifest for @types/querystringify@ts3.6 fetched in 207ms
169 silly pacote tag manifest for @types/qs@ts3.6 fetched in 208ms
170 silly pacote tag manifest for @types/randombytes@ts3.6 fetched in 156ms
171 http fetch GET 304 https://registry.npmjs.org/@types%2freact-dev-utils 175ms (from cache)
172 http fetch GET 304 https://registry.npmjs.org/@types%2freadable-stream 164ms (from cache)
173 http fetch GET 304 https://registry.npmjs.org/@types%2frange-parser 179ms (from cache)
174 http fetch GET 304 https://registry.npmjs.org/@types%2frecursive-readdir 128ms (from cache)
175 silly pacote tag manifest for @types/react-dev-utils@ts3.6 fetched in 207ms
176 silly pacote tag manifest for @types/readable-stream@ts3.6 fetched in 196ms
177 silly pacote tag manifest for @types/recursive-readdir@ts3.6 fetched in 155ms
178 silly pacote tag manifest for @types/range-parser@ts3.6 fetched in 218ms
179 http fetch GET 304 https://registry.npmjs.org/@types%2fregenerator-runtime 152ms (from cache)
180 silly pacote tag manifest for @types/regenerator-runtime@ts3.6 fetched in 157ms
181 http fetch GET 304 https://registry.npmjs.org/@types%2fregenerate 169ms (from cache)
182 silly registry:manifest no matching version for @types/regenerate@ts3.6 in the cache. Forcing revalidation.
183 http fetch GET 304 https://registry.npmjs.org/@types%2frelateurl 143ms (from cache)
184 silly pacote tag manifest for @types/relateurl@ts3.6 fetched in 156ms
185 http fetch GET 304 https://registry.npmjs.org/@types%2fregex-not 190ms (from cache)
186 silly registry:manifest no matching version for @types/regex-not@ts3.6 in the cache. Forcing revalidation.
187 http fetch GET 304 https://registry.npmjs.org/@types%2frepeat-element 121ms (from cache)
188 http fetch GET 304 https://registry.npmjs.org/@types%2frequire-directory 115ms (from cache)
189 http fetch GET 304 https://registry.npmjs.org/@types%2frequire-from-string 119ms (from cache)
190 silly pacote tag manifest for @types/repeat-element@ts3.6 fetched in 132ms
191 silly pacote tag manifest for @types/require-directory@ts3.6 fetched in 124ms
192 silly pacote tag manifest for @types/require-from-string@ts3.6 fetched in 124ms
193 http fetch GET 200 https://registry.npmjs.org/@types%2fregex-not 108ms
194 silly fetchPackageMetaData error for @types/regex-not@ts3.6 No matching version found for @types/regex-not@ts3.6.
195 http fetch GET 304 https://registry.npmjs.org/@types%2frequires-port 155ms (from cache)
196 silly pacote tag manifest for @types/requires-port@ts3.6 fetched in 164ms
197 http fetch GET 304 https://registry.npmjs.org/@types%2fresolve 150ms (from cache)
198 silly pacote tag manifest for @types/resolve@ts3.6 fetched in 171ms
199 http fetch GET 304 https://registry.npmjs.org/@types%2frimraf 130ms (from cache)
200 http fetch GET 304 https://registry.npmjs.org/@types%2fripemd160 129ms (from cache)
201 http fetch GET 304 https://registry.npmjs.org/@types%2fretry 135ms (from cache)
202 silly pacote tag manifest for @types/ripemd160@ts3.6 fetched in 138ms
203 silly pacote tag manifest for @types/rimraf@ts3.6 fetched in 144ms
204 silly pacote tag manifest for @types/retry@ts3.6 fetched in 150ms
205 http fetch GET 304 https://registry.npmjs.org/@types%2frsvp 113ms (from cache)
206 silly pacote tag manifest for @types/rsvp@ts3.6 fetched in 131ms
207 http fetch GET 304 https://registry.npmjs.org/@types%2frun-parallel 118ms (from cache)
208 silly pacote tag manifest for @types/run-parallel@ts3.6 fetched in 137ms
209 http fetch GET 304 https://registry.npmjs.org/@types%2fsafe-regex 119ms (from cache)
210 silly pacote tag manifest for @types/safe-regex@ts3.6 fetched in 134ms
211 http fetch GET 304 https://registry.npmjs.org/@types%2fsafer-buffer 121ms (from cache)
212 http fetch GET 304 https://registry.npmjs.org/@types%2fsass-loader 116ms (from cache)
213 silly pacote tag manifest for @types/sass-loader@ts3.6 fetched in 132ms
214 silly pacote tag manifest for @types/safer-buffer@ts3.6 fetched in 144ms
215 http fetch GET 304 https://registry.npmjs.org/@types%2fsane 149ms (from cache)
216 silly pacote tag manifest for @types/sane@ts3.6 fetched in 160ms
217 http fetch GET 304 https://registry.npmjs.org/@types%2fsax 118ms (from cache)
218 silly pacote tag manifest for @types/sax@ts3.6 fetched in 132ms
219 http fetch GET 304 https://registry.npmjs.org/@types%2fscheduler 118ms (from cache)
220 http fetch GET 304 https://registry.npmjs.org/@types%2freact-is 684ms (from cache)
221 silly pacote tag manifest for @types/react-is@ts3.6 fetched in 699ms
222 silly pacote tag manifest for @types/scheduler@ts3.6 fetched in 138ms
223 http fetch GET 304 https://registry.npmjs.org/@types%2fselfsigned 120ms (from cache)
224 silly registry:manifest no matching version for @types/selfsigned@ts3.6 in the cache. Forcing revalidation.
225 http fetch GET 304 https://registry.npmjs.org/@types%2fsemver-compare 115ms (from cache)
226 silly pacote tag manifest for @types/semver-compare@ts3.6 fetched in 132ms
227 http fetch GET 304 https://registry.npmjs.org/@types%2fsend 120ms (from cache)
228 silly pacote tag manifest for @types/send@ts3.6 fetched in 139ms
229 http fetch GET 304 https://registry.npmjs.org/@types%2fserialize-javascript 122ms (from cache)
230 silly pacote tag manifest for @types/serialize-javascript@ts3.6 fetched in 141ms
231 http fetch GET 304 https://registry.npmjs.org/@types%2fserve-index 123ms (from cache)
232 http fetch GET 304 https://registry.npmjs.org/@types%2fserve-static 122ms (from cache)
233 silly pacote tag manifest for @types/serve-static@ts3.6 fetched in 136ms
234 silly pacote tag manifest for @types/serve-index@ts3.6 fetched in 141ms
235 http fetch GET 200 https://registry.npmjs.org/@types%2fregenerate 604ms
236 silly fetchPackageMetaData error for @types/regenerate@ts3.6 No matching version found for @types/regenerate@ts3.6.
237 http fetch GET 304 https://registry.npmjs.org/@types%2fset-value 146ms (from cache)
238 http fetch GET 304 https://registry.npmjs.org/@types%2frepeat-string 698ms (from cache)
239 silly pacote tag manifest for @types/repeat-string@ts3.6 fetched in 713ms
240 silly pacote tag manifest for @types/set-value@ts3.6 fetched in 164ms
241 http fetch GET 304 https://registry.npmjs.org/@types%2fsetimmediate 145ms (from cache)
242 silly pacote tag manifest for @types/setimmediate@ts3.6 fetched in 164ms
243 http fetch GET 304 https://registry.npmjs.org/@types%2fshebang-command 145ms (from cache)
244 http fetch GET 304 https://registry.npmjs.org/@types%2fshell-quote 145ms (from cache)
245 http fetch GET 304 https://registry.npmjs.org/@types%2fsha.js 176ms (from cache)
246 silly pacote tag manifest for @types/shebang-command@ts3.6 fetched in 159ms
247 silly pacote tag manifest for @types/shell-quote@ts3.6 fetched in 159ms
248 http fetch GET 304 https://registry.npmjs.org/@types%2fsignal-exit 131ms (from cache)
249 silly pacote tag manifest for @types/signal-exit@ts3.6 fetched in 151ms
250 silly pacote tag manifest for @types/sha.js@ts3.6 fetched in 220ms
251 http fetch GET 304 https://registry.npmjs.org/@types%2fsimple-swizzle 168ms (from cache)
252 silly registry:manifest no matching version for @types/simple-swizzle@ts3.6 in the cache. Forcing revalidation.
253 http fetch GET 304 https://registry.npmjs.org/@types%2fslice-ansi 169ms (from cache)
254 silly pacote tag manifest for @types/slice-ansi@ts3.6 fetched in 184ms
255 http fetch GET 304 https://registry.npmjs.org/@types%2fsockjs 166ms (from cache)
256 silly pacote tag manifest for @types/sockjs@ts3.6 fetched in 187ms
257 http fetch GET 304 https://registry.npmjs.org/@types%2fsockjs-client 139ms (from cache)
258 silly pacote tag manifest for @types/sockjs-client@ts3.6 fetched in 162ms
259 http fetch GET 304 https://registry.npmjs.org/@types%2fsource-list-map 174ms (from cache)
260 http fetch GET 304 https://registry.npmjs.org/@types%2fsource-map-support 149ms (from cache)
261 http fetch GET 304 https://registry.npmjs.org/@types%2fspdx-correct 146ms (from cache)
262 silly pacote tag manifest for @types/source-map-support@ts3.6 fetched in 161ms
263 silly pacote tag manifest for @types/spdx-correct@ts3.6 fetched in 158ms
264 silly pacote tag manifest for @types/source-list-map@ts3.6 fetched in 193ms
265 http fetch GET 304 https://registry.npmjs.org/@types%2fspdx-expression-parse 95ms (from cache)
266 silly pacote tag manifest for @types/spdx-expression-parse@ts3.6 fetched in 109ms
267 http fetch GET 304 https://registry.npmjs.org/@types%2fspdy 121ms (from cache)
268 http fetch GET 304 https://registry.npmjs.org/@types%2fsemver 638ms (from cache)
269 silly pacote tag manifest for @types/spdy@ts3.6 fetched in 135ms
270 silly pacote tag manifest for @types/semver@ts3.6 fetched in 653ms
271 http fetch GET 200 https://registry.npmjs.org/@types%2fselfsigned 592ms
272 silly fetchPackageMetaData error for @types/selfsigned@ts3.6 No matching version found for @types/selfsigned@ts3.6.
273 http fetch GET 304 https://registry.npmjs.org/@types%2fsprintf-js 120ms (from cache)
274 http fetch GET 304 https://registry.npmjs.org/@types%2fstack-utils 115ms (from cache)
275 silly pacote tag manifest for @types/sprintf-js@ts3.6 fetched in 135ms
276 silly pacote tag manifest for @types/stack-utils@ts3.6 fetched in 129ms
277 http fetch GET 304 https://registry.npmjs.org/@types%2fssri 170ms (from cache)
278 silly pacote tag manifest for @types/ssri@ts3.6 fetched in 192ms
279 http fetch GET 304 https://registry.npmjs.org/@types%2fstream-each 120ms (from cache)
280 http fetch GET 304 https://registry.npmjs.org/@types%2fstream-shift 118ms (from cache)
281 silly pacote tag manifest for @types/stream-shift@ts3.6 fetched in 135ms
282 silly pacote tag manifest for @types/stream-each@ts3.6 fetched in 140ms
283 http fetch GET 304 https://registry.npmjs.org/@types%2fstatuses 231ms (from cache)
284 http fetch GET 304 https://registry.npmjs.org/@types%2fstrict-uri-encode 145ms (from cache)
285 silly pacote tag manifest for @types/statuses@ts3.6 fetched in 246ms
286 silly pacote tag manifest for @types/strict-uri-encode@ts3.6 fetched in 159ms
287 http fetch GET 304 https://registry.npmjs.org/@types%2fstring.prototype.matchall 160ms (from cache)
288 http fetch GET 304 https://registry.npmjs.org/@types%2fstring-natural-compare 162ms (from cache)
289 silly pacote tag manifest for @types/string-natural-compare@ts3.6 fetched in 169ms
290 silly pacote tag manifest for @types/string.prototype.matchall@ts3.6 fetched in 171ms
291 http fetch GET 304 https://registry.npmjs.org/@types%2fstringify-object 120ms (from cache)
292 http fetch GET 304 https://registry.npmjs.org/@types%2fstrip-comments 122ms (from cache)
293 silly pacote tag manifest for @types/stringify-object@ts3.6 fetched in 158ms
294 silly pacote tag manifest for @types/strip-comments@ts3.6 fetched in 155ms
295 http fetch GET 200 https://registry.npmjs.org/@types%2fsvg-parser 116ms
296 http fetch GET 304 https://registry.npmjs.org/@types%2fsprintf 420ms (from cache)
297 http fetch GET 304 https://registry.npmjs.org/@types%2fsupports-color 129ms (from cache)
298 silly pacote tag manifest for @types/sprintf@ts3.6 fetched in 429ms
299 silly pacote tag manifest for @types/supports-color@ts3.6 fetched in 141ms
300 http fetch GET 200 https://registry.npmjs.org/@types%2fsymbol-tree 135ms
301 http fetch GET 304 https://registry.npmjs.org/@types%2fthrough 75ms (from cache)
302 http fetch GET 304 https://registry.npmjs.org/@types%2fsvgo 212ms (from cache)
303 http fetch GET 200 https://registry.npmjs.org/@types%2ftext-table 118ms
304 http fetch GET 200 https://registry.npmjs.org/@types%2ftar 154ms
305 http fetch GET 200 https://registry.npmjs.org/@types%2ftapable 202ms
306 http fetch GET 200 https://registry.npmjs.org/@types%2fsimple-swizzle 688ms
307 silly fetchPackageMetaData error for @types/simple-swizzle@ts3.6 No matching version found for @types/simple-swizzle@ts3.6.
308 http fetch GET 200 https://registry.npmjs.org/@types/symbol-tree/-/symbol-tree-3.2.2.tgz 133ms
309 http fetch GET 304 https://registry.npmjs.org/@types%2fpostcss-modules-values 2328ms (from cache)
310 silly pacote tag manifest for @types/symbol-tree@ts3.6 fetched in 311ms
311 silly pacote tag manifest for @types/postcss-modules-values@ts3.6 fetched in 2349ms
312 http fetch GET 200 https://registry.npmjs.org/@types%2fthrough2 77ms
313 http fetch GET 200 https://registry.npmjs.org/@types/tapable/-/tapable-2.2.2.tgz 109ms
314 silly pacote tag manifest for @types/tapable@ts3.6 fetched in 345ms
315 http fetch GET 200 https://registry.npmjs.org/@types%2fthunky 100ms
316 http fetch GET 200 https://registry.npmjs.org/@types/svg-parser/-/svg-parser-2.0.3.tgz 360ms
317 http fetch GET 200 https://registry.npmjs.org/@types%2ftimsort 138ms
318 silly pacote tag manifest for @types/svg-parser@ts3.6 fetched in 502ms
319 http fetch GET 200 https://registry.npmjs.org/@types%2ftmpl 135ms
320 silly fetchPackageMetaData error for @types/tmpl@ts3.6 No matching version found for @types/tmpl@ts3.6.
321 http fetch GET 304 https://registry.npmjs.org/@types%2fstrip-final-newline 622ms (from cache)
322 silly pacote tag manifest for @types/strip-final-newline@ts3.6 fetched in 635ms
323 http fetch GET 200 https://registry.npmjs.org/@types/text-table/-/text-table-0.2.2.tgz 361ms
324 http fetch GET 200 https://registry.npmjs.org/@types/svgo/-/svgo-2.3.1.tgz 369ms
325 silly pacote tag manifest for @types/text-table@ts3.6 fetched in 493ms
326 silly pacote tag manifest for @types/svgo@ts3.6 fetched in 595ms
327 http fetch GET 200 https://registry.npmjs.org/@types%2fto-regex-range 109ms
328 http fetch GET 200 https://registry.npmjs.org/@types/tar/-/tar-4.0.5.tgz 377ms
329 http fetch GET 200 https://registry.npmjs.org/@types/timsort/-/timsort-0.3.0.tgz 154ms
330 silly fetchPackageMetaData error for @types/to-regex-range@ts3.6 No matching version found for @types/to-regex-range@ts3.6.
331 http fetch GET 200 https://registry.npmjs.org/@types/through/-/through-0.0.30.tgz 456ms
332 http fetch GET 200 https://registry.npmjs.org/@types%2ftough-cookie 107ms
333 silly pacote tag manifest for @types/tar@ts3.6 fetched in 592ms
334 silly pacote tag manifest for @types/timsort@ts3.6 fetched in 338ms
335 silly pacote tag manifest for @types/through@ts3.6 fetched in 563ms
336 http fetch GET 200 https://registry.npmjs.org/@types%2fto-regex 216ms
337 silly fetchPackageMetaData error for @types/to-regex@ts3.6 No matching version found for @types/to-regex@ts3.6.
338 http fetch GET 200 https://registry.npmjs.org/@types%2ftype-check 114ms
339 http fetch GET 200 https://registry.npmjs.org/@types/through2/-/through2-2.0.36.tgz 372ms
340 silly pacote tag manifest for @types/through2@ts3.6 fetched in 464ms
341 http fetch GET 200 https://registry.npmjs.org/@types/thunky/-/thunky-1.1.0.tgz 343ms
342 silly pacote tag manifest for @types/thunky@ts3.6 fetched in 456ms
343 http fetch GET 200 https://registry.npmjs.org/@types%2funiq 127ms
344 http fetch GET 200 https://registry.npmjs.org/@types%2ftypedarray-to-buffer 133ms
345 silly fetchPackageMetaData error for @types/typedarray-to-buffer@ts3.6 No matching version found for @types/typedarray-to-buffer@ts3.6.
346 http fetch GET 200 https://registry.npmjs.org/@types%2funiversalify 119ms
347 http fetch GET 200 https://registry.npmjs.org/@types%2furl-parse 77ms
348 http fetch GET 200 https://registry.npmjs.org/@types%2furix 125ms
349 http fetch GET 200 https://registry.npmjs.org/@types/uniq/-/uniq-0.0.27.tgz 97ms
350 silly pacote tag manifest for @types/uniq@ts3.6 fetched in 246ms
351 http fetch GET 200 https://registry.npmjs.org/@types%2futil-deprecate 138ms
352 http fetch GET 200 https://registry.npmjs.org/@types%2futil.promisify 121ms
353 http fetch GET 200 https://registry.npmjs.org/@types/tough-cookie/-/tough-cookie-4.0.1.tgz 379ms
354 silly pacote tag manifest for @types/tough-cookie@ts3.6 fetched in 521ms
355 http fetch GET 200 https://registry.npmjs.org/@types/util.promisify/-/util.promisify-1.0.4.tgz 108ms
356 http fetch GET 200 https://registry.npmjs.org/@types/type-check/-/type-check-0.3.27.tgz 446ms
357 http fetch GET 200 https://registry.npmjs.org/@types/universalify/-/universalify-1.0.0.tgz 340ms
358 silly pacote tag manifest for @types/util.promisify@ts3.6 fetched in 244ms
359 silly pacote tag manifest for @types/type-check@ts3.6 fetched in 575ms
360 silly pacote tag manifest for @types/universalify@ts3.6 fetched in 479ms
361 http fetch GET 200 https://registry.npmjs.org/@types%2futils-merge 149ms
362 http fetch GET 200 https://registry.npmjs.org/@types%2ftype-detect 594ms
363 http fetch GET 200 https://registry.npmjs.org/@types%2fuuid 101ms
364 http fetch GET 200 https://registry.npmjs.org/@types/urix/-/urix-0.1.0.tgz 360ms
365 http fetch GET 200 https://registry.npmjs.org/@types%2fvary 126ms
366 silly pacote tag manifest for @types/urix@ts3.6 fetched in 551ms
367 http fetch GET 200 https://registry.npmjs.org/@types%2fvalidate-npm-package-license 160ms
368 http fetch GET 200 https://registry.npmjs.org/@types%2ftype-is 702ms
369 http fetch GET 200 https://registry.npmjs.org/@types%2fw3c-hr-time 111ms
370 http fetch GET 200 https://registry.npmjs.org/@types/type-is/-/type-is-1.6.3.tgz 93ms
371 silly pacote tag manifest for @types/type-is@ts3.6 fetched in 830ms
372 http fetch GET 200 https://registry.npmjs.org/@types/validate-npm-package-license/-/validate-npm-package-license-3.0.1.tgz 151ms
373 silly pacote tag manifest for @types/validate-npm-package-license@ts3.6 fetched in 344ms
374 http fetch GET 200 https://registry.npmjs.org/@types/w3c-hr-time/-/w3c-hr-time-1.0.0.tgz 111ms
375 silly pacote tag manifest for @types/w3c-hr-time@ts3.6 fetched in 245ms
376 http fetch GET 200 https://registry.npmjs.org/@types%2fw3c-xmlserializer 124ms
377 http fetch GET 200 https://registry.npmjs.org/@types%2fwatchpack 108ms
378 http fetch GET 200 https://registry.npmjs.org/@types/type-detect/-/type-detect-4.0.1.tgz 374ms
379 http fetch GET 200 https://registry.npmjs.org/@types%2ftryer 1068ms
380 silly pacote tag manifest for @types/type-detect@ts3.6 fetched in 1016ms
381 http fetch GET 200 https://registry.npmjs.org/@types%2fwebidl-conversions 117ms
382 http fetch GET 200 https://registry.npmjs.org/@types/utils-merge/-/utils-merge-0.0.28.tgz 423ms
383 silly pacote tag manifest for @types/utils-merge@ts3.6 fetched in 622ms
384 http fetch GET 200 https://registry.npmjs.org/@types/tryer/-/tryer-1.0.2.tgz 91ms
385 http fetch GET 200 https://registry.npmjs.org/@types/w3c-xmlserializer/-/w3c-xmlserializer-2.0.2.tgz 101ms
386 silly pacote tag manifest for @types/tryer@ts3.6 fetched in 1169ms
387 silly pacote tag manifest for @types/w3c-xmlserializer@ts3.6 fetched in 271ms
388 http fetch GET 200 https://registry.npmjs.org/@types%2fwebpack-manifest-plugin 135ms
389 http fetch GET 200 https://registry.npmjs.org/@types%2fwebpack 236ms
390 http fetch GET 200 https://registry.npmjs.org/@types/url-parse/-/url-parse-1.4.4.tgz 1092ms
391 silly pacote tag manifest for @types/url-parse@ts3.6 fetched in 1176ms
392 http fetch GET 200 https://registry.npmjs.org/@types%2fwebpack-sources 216ms
393 http fetch GET 200 https://registry.npmjs.org/@types%2fwhatwg-mimetype 101ms
394 http fetch GET 200 https://registry.npmjs.org/@types/util-deprecate/-/util-deprecate-1.0.0.tgz 1111ms
395 silly pacote tag manifest for @types/util-deprecate@ts3.6 fetched in 1274ms
396 http fetch GET 200 https://registry.npmjs.org/@types/whatwg-mimetype/-/whatwg-mimetype-2.1.1.tgz 182ms
397 http fetch GET 200 https://registry.npmjs.org/@types/webpack-manifest-plugin/-/webpack-manifest-plugin-3.0.3.tgz 374ms
398 http fetch GET 200 https://registry.npmjs.org/@types%2fwhatwg-url 152ms
399 silly pacote tag manifest for @types/whatwg-mimetype@ts3.6 fetched in 296ms
400 silly pacote tag manifest for @types/webpack-manifest-plugin@ts3.6 fetched in 553ms
401 http fetch GET 200 https://registry.npmjs.org/@types%2fwhich 122ms
402 http fetch GET 200 https://registry.npmjs.org/@types/uuid/-/uuid-8.3.1.tgz 1110ms
403 silly pacote tag manifest for @types/uuid@ts3.6 fetched in 1242ms
404 http fetch GET 200 https://registry.npmjs.org/@types/vary/-/vary-1.1.0.tgz 1107ms
405 silly pacote tag manifest for @types/vary@ts3.6 fetched in 1268ms
406 http fetch GET 200 https://registry.npmjs.org/@types%2fworkbox-build 85ms
407 http fetch GET 200 https://registry.npmjs.org/@types%2fworkbox-sw 82ms
408 http fetch GET 200 https://registry.npmjs.org/@types/whatwg-url/-/whatwg-url-8.2.1.tgz 381ms
409 http fetch GET 200 https://registry.npmjs.org/@types/workbox-build/-/workbox-build-5.0.1.tgz 132ms
410 silly pacote tag manifest for @types/whatwg-url@ts3.6 fetched in 573ms
411 silly pacote tag manifest for @types/workbox-build@ts3.6 fetched in 252ms
412 http fetch GET 200 https://registry.npmjs.org/@types/webidl-conversions/-/webidl-conversions-6.1.1.tgz 1045ms
413 silly pacote tag manifest for @types/webidl-conversions@ts3.6 fetched in 1183ms
414 http fetch GET 200 https://registry.npmjs.org/@types%2fworkbox-webpack-plugin 91ms
415 http fetch GET 200 https://registry.npmjs.org/@types%2fwrap-ansi 88ms
416 http fetch GET 200 https://registry.npmjs.org/@types/which/-/which-2.0.1.tgz 353ms
417 silly pacote tag manifest for @types/which@ts3.6 fetched in 513ms
418 http fetch GET 200 https://registry.npmjs.org/@types/watchpack/-/watchpack-1.1.5.tgz 1173ms
419 silly pacote tag manifest for @types/watchpack@ts3.6 fetched in 1292ms
420 http fetch GET 200 https://registry.npmjs.org/@types%2fwrite-file-atomic 80ms
421 http fetch GET 200 https://registry.npmjs.org/@types/workbox-sw/-/workbox-sw-4.3.2.tgz 305ms
422 silly pacote tag manifest for @types/workbox-sw@ts3.6 fetched in 395ms
423 http fetch GET 200 https://registry.npmjs.org/@types%2fws 98ms
424 http fetch GET 200 https://registry.npmjs.org/@types%2fxml-name-validator 97ms
425 silly fetchPackageMetaData error for @types/xml-name-validator@ts3.6 No matching version found for @types/xml-name-validator@ts3.6.
426 http fetch GET 200 https://registry.npmjs.org/@types%2fxtend 95ms
427 http fetch GET 200 https://registry.npmjs.org/@types%2fyallist 99ms
428 http fetch GET 200 https://registry.npmjs.org/@types/webpack/-/webpack-4.41.26.tgz 1122ms
429 silly pacote tag manifest for @types/webpack@ts3.6 fetched in 1401ms
430 http fetch GET 200 https://registry.npmjs.org/@types/yallist/-/yallist-4.0.1.tgz 90ms
431 http fetch GET 200 https://registry.npmjs.org/@types/webpack-sources/-/webpack-sources-3.2.0.tgz 1137ms
432 silly pacote tag manifest for @types/yallist@ts3.6 fetched in 209ms
433 silly pacote tag manifest for @types/webpack-sources@ts3.6 fetched in 1367ms
434 http fetch GET 200 https://registry.npmjs.org/@types/wrap-ansi/-/wrap-ansi-8.0.1.tgz 357ms
435 silly pacote tag manifest for @types/wrap-ansi@ts3.6 fetched in 475ms
436 http fetch GET 200 https://registry.npmjs.org/@types/xtend/-/xtend-4.0.3.tgz 312ms
437 silly pacote tag manifest for @types/xtend@ts3.6 fetched in 412ms
438 http fetch GET 200 https://registry.npmjs.org/@types%2fyargs 203ms
439 http fetch GET 200 https://registry.npmjs.org/@types%2fyargs-parser 205ms
440 http fetch GET 200 https://registry.npmjs.org/@types/yargs-parser/-/yargs-parser-20.2.1.tgz 49ms (from cache)
441 silly pacote tag manifest for @types/yargs-parser@ts3.6 fetched in 269ms
442 http fetch GET 200 https://registry.npmjs.org/@types%2fwhatwg-encoding 1637ms
443 http fetch GET 200 https://registry.npmjs.org/@types/whatwg-encoding/-/whatwg-encoding-1.0.0.tgz 158ms
444 silly pacote tag manifest for @types/whatwg-encoding@ts3.6 fetched in 1801ms
445 http fetch GET 200 https://registry.npmjs.org/@types%2fwhich-pm-runs 1334ms
446 http fetch GET 200 https://registry.npmjs.org/@types/yargs/-/yargs-17.0.2.tgz 333ms
447 silly pacote tag manifest for @types/yargs@ts3.6 fetched in 570ms
448 http fetch GET 200 https://registry.npmjs.org/@types/workbox-webpack-plugin/-/workbox-webpack-plugin-5.1.5.tgz 1086ms
449 silly pacote tag manifest for @types/workbox-webpack-plugin@ts3.6 fetched in 1209ms
450 http fetch GET 200 https://registry.npmjs.org/@types/write-file-atomic/-/write-file-atomic-3.0.2.tgz 1130ms
451 http fetch GET 200 https://registry.npmjs.org/@types/ws/-/ws-7.4.7.tgz 1082ms
452 http fetch GET 200 https://registry.npmjs.org/@types/which-pm-runs/-/which-pm-runs-1.0.0.tgz 377ms
453 silly pacote tag manifest for @types/write-file-atomic@ts3.6 fetched in 1230ms
454 silly pacote tag manifest for @types/ws@ts3.6 fetched in 1206ms
455 silly pacote tag manifest for @types/which-pm-runs@ts3.6 fetched in 1716ms
456 http fetch GET 200 https://registry.npmjs.org/@types%2fvideo-react 2640ms
457 silly fetchPackageMetaData error for @types/video-react@ts3.6 No matching version found for @types/video-react@ts3.6.
458 timing stage:rollbackFailedOptional Completed in 2ms
459 timing stage:runTopLevelLifecycles Completed in 9567ms
460 verbose type tag
461 verbose stack @types/postcss-preset-env: No matching version found for @types/postcss-preset-env@ts3.6.
461 verbose stack     at pickManifest (/usr/local/lib/node_modules/npm/node_modules/npm-pick-manifest/index.js:122:13)
461 verbose stack     at /usr/local/lib/node_modules/npm/node_modules/pacote/lib/fetchers/registry/manifest.js:43:18
461 verbose stack     at tryCatcher (/usr/local/lib/node_modules/npm/node_modules/bluebird/js/release/util.js:16:23)
461 verbose stack     at Promise._settlePromiseFromHandler (/usr/local/lib/node_modules/npm/node_modules/bluebird/js/release/promise.js:517:31)
461 verbose stack     at Promise._settlePromise (/usr/local/lib/node_modules/npm/node_modules/bluebird/js/release/promise.js:574:18)
461 verbose stack     at Promise._settlePromise0 (/usr/local/lib/node_modules/npm/node_modules/bluebird/js/release/promise.js:619:10)
461 verbose stack     at Promise._settlePromises (/usr/local/lib/node_modules/npm/node_modules/bluebird/js/release/promise.js:699:18)
461 verbose stack     at _drainQueueStep (/usr/local/lib/node_modules/npm/node_modules/bluebird/js/release/async.js:138:12)
461 verbose stack     at _drainQueue (/usr/local/lib/node_modules/npm/node_modules/bluebird/js/release/async.js:131:9)
461 verbose stack     at Async._drainQueues (/usr/local/lib/node_modules/npm/node_modules/bluebird/js/release/async.js:147:5)
461 verbose stack     at Immediate.Async.drainQueues [as _onImmediate] (/usr/local/lib/node_modules/npm/node_modules/bluebird/js/release/async.js:17:14)
461 verbose stack     at processImmediate (internal/timers.js:456:21)
462 verbose cwd /home/theia/.cache/typescript/3.6
463 verbose Linux 5.10.102.1-microsoft-standard-WSL2
464 verbose argv "/usr/local/bin/node" "/usr/local/bin/npm" "install" "--ignore-scripts" "@types/lz-string@ts3.6" "@types/media-typer@ts3.6" "@types/memory-fs@ts3.6" "@types/memorystream@ts3.6" "@types/merge-descriptors@ts3.6" "@types/merge-stream@ts3.6" "@types/merge2@ts3.6" "@types/methods@ts3.6" "@types/micromatch@ts3.6" "@types/mime@ts3.6" "@types/mime-db@ts3.6" "@types/mime-types@ts3.6" "@types/min-indent@ts3.6" "@types/minimalistic-assert@ts3.6" "@types/minimatch@ts3.6" "@types/minimist@ts3.6" "@types/minipass@ts3.6" "@types/minizlib@ts3.6" "@types/mkdirp@ts3.6" "@types/move-concurrently@ts3.6" "@types/ms@ts3.6" "@types/multicast-dns@ts3.6" "@types/natural-compare@ts3.6" "@types/negotiator@ts3.6" "@types/next-tick@ts3.6" "@types/nice-try@ts3.6" "@types/node-forge@ts3.6" "@types/node-int64@ts3.6" "@types/node-notifier@ts3.6" "@types/normalize-package-data@ts3.6" "@types/normalize-path@ts3.6" "@types/num2fraction@ts3.6" "@types/nwsapi@ts3.6" "@types/object-assign@ts3.6" "@types/object-inspect@ts3.6" "@types/object-keys@ts3.6" "@types/object.fromentries@ts3.6" "@types/object.getownpropertydescriptors@ts3.6" "@types/object.pick@ts3.6" "@types/on-finished@ts3.6" "@types/on-headers@ts3.6" "@types/once@ts3.6" "@types/optimize-css-assets-webpack-plugin@ts3.6" "@types/pako@ts3.6" "@types/parallel-transform@ts3.6" "@types/parse-json@ts3.6" "@types/parse5@ts3.6" "@types/parseurl@ts3.6" "@types/pascalcase@ts3.6" "@types/path-browserify@ts3.6" "@types/path-is-absolute@ts3.6" "@types/path-is-inside@ts3.6" "@types/path-parse@ts3.6" "@types/pbkdf2@ts3.6" "@types/picomatch@ts3.6" "@types/pify@ts3.6" "@types/postcss-flexbugs-fixes@ts3.6" "@types/postcss-gap-properties@ts3.6" "@types/postcss-modules-extract-imports@ts3.6" "@types/postcss-modules-local-by-default@ts3.6" "@types/postcss-modules-scope@ts3.6" "@types/postcss-modules-values@ts3.6" "@types/postcss-normalize@ts3.6" "@types/postcss-preset-env@ts3.6" "@types/postcss-safe-parser@ts3.6" "@types/prelude-ls@ts3.6" "@types/prettier-linter-helpers@ts3.6" "@types/progress@ts3.6" "@types/promise-inflight@ts3.6" "@types/prompts@ts3.6" "@types/prop-types@ts3.6" "@types/proxy-addr@ts3.6" "@types/psl@ts3.6" "@types/pump@ts3.6" "@types/pumpify@ts3.6" "@types/punycode@ts3.6" "@types/q@ts3.6" "@types/qs@ts3.6" "@types/querystringify@ts3.6" "@types/raf@ts3.6" "@types/randombytes@ts3.6" "@types/range-parser@ts3.6" "@types/react-dev-utils@ts3.6" "@types/react-is@ts3.6" "@types/readable-stream@ts3.6" "@types/recursive-readdir@ts3.6" "@types/regenerate@ts3.6" "@types/regenerator-runtime@ts3.6" "@types/regex-not@ts3.6" "@types/relateurl@ts3.6" "@types/repeat-element@ts3.6" "@types/repeat-string@ts3.6" "@types/require-directory@ts3.6" "@types/require-from-string@ts3.6" "@types/requires-port@ts3.6" "@types/resolve@ts3.6" "@types/retry@ts3.6" "@types/rimraf@ts3.6" "@types/ripemd160@ts3.6" "@types/rsvp@ts3.6" "@types/run-parallel@ts3.6" "@types/safe-regex@ts3.6" "@types/safer-buffer@ts3.6" "@types/sane@ts3.6" "@types/sass-loader@ts3.6" "@types/sax@ts3.6" "@types/scheduler@ts3.6" "@types/selfsigned@ts3.6" "@types/semver@ts3.6" "@types/semver-compare@ts3.6" "@types/send@ts3.6" "@types/serialize-javascript@ts3.6" "@types/serve-index@ts3.6" "@types/serve-static@ts3.6" "@types/set-value@ts3.6" "@types/setimmediate@ts3.6" "@types/sha.js@ts3.6" "@types/shebang-command@ts3.6" "@types/shell-quote@ts3.6" "@types/signal-exit@ts3.6" "@types/simple-swizzle@ts3.6" "@types/slice-ansi@ts3.6" "@types/sockjs@ts3.6" "@types/sockjs-client@ts3.6" "@types/source-list-map@ts3.6" "@types/source-map-support@ts3.6" "@types/spdx-correct@ts3.6" "@types/spdx-expression-parse@ts3.6" "@types/spdy@ts3.6" "@types/sprintf@ts3.6" "@types/sprintf-js@ts3.6" "@types/ssri@ts3.6" "@types/stack-utils@ts3.6" "@types/statuses@ts3.6" "@types/stream-each@ts3.6" "@types/stream-shift@ts3.6" "@types/strict-uri-encode@ts3.6" "@types/string-natural-compare@ts3.6" "@types/string.prototype.matchall@ts3.6" "@types/stringify-object@ts3.6" "@types/strip-comments@ts3.6" "@types/strip-final-newline@ts3.6" "@types/supports-color@ts3.6" "@types/svg-parser@ts3.6" "@types/svgo@ts3.6" "@types/symbol-tree@ts3.6" "@types/tapable@ts3.6" "@types/tar@ts3.6" "@types/text-table@ts3.6" "@types/through@ts3.6" "@types/through2@ts3.6" "@types/thunky@ts3.6" "@types/timsort@ts3.6" "@types/tmpl@ts3.6" "@types/to-regex@ts3.6" "@types/to-regex-range@ts3.6" "@types/tough-cookie@ts3.6" "@types/tryer@ts3.6" "@types/type-check@ts3.6" "@types/type-detect@ts3.6" "@types/type-is@ts3.6" "@types/typedarray-to-buffer@ts3.6" "@types/uniq@ts3.6" "@types/universalify@ts3.6" "@types/urix@ts3.6" "@types/url-parse@ts3.6" "@types/util-deprecate@ts3.6" "@types/util.promisify@ts3.6" "@types/utils-merge@ts3.6" "@types/uuid@ts3.6" "@types/validate-npm-package-license@ts3.6" "@types/vary@ts3.6" "@types/w3c-hr-time@ts3.6" "@types/w3c-xmlserializer@ts3.6" "@types/watchpack@ts3.6" "@types/webidl-conversions@ts3.6" "@types/webpack@ts3.6" "@types/webpack-manifest-plugin@ts3.6" "@types/webpack-sources@ts3.6" "@types/whatwg-encoding@ts3.6" "@types/whatwg-mimetype@ts3.6" "@types/whatwg-url@ts3.6" "@types/which@ts3.6" "@types/which-pm-runs@ts3.6" "@types/workbox-build@ts3.6" "@types/workbox-sw@ts3.6" "@types/workbox-webpack-plugin@ts3.6" "@types/wrap-ansi@ts3.6" "@types/write-file-atomic@ts3.6" "@types/ws@ts3.6" "@types/xml-name-validator@ts3.6" "@types/xtend@ts3.6" "@types/yallist@ts3.6" "@types/yargs@ts3.6" "@types/yargs-parser@ts3.6" "@types/video-react@ts3.6" "--save-dev" "--user-agent=typesInstaller/3.6.3"
465 verbose node v12.18.3
466 verbose npm  v6.14.6
467 error code ETARGET
468 error notarget No matching version found for @types/postcss-preset-env@ts3.6.
469 error notarget In most cases you or one of your dependencies are requesting
469 error notarget a package version that doesn't exist.
470 verbose exit [ 1, true ]
