0 info it worked if it ends with ok
1 verbose cli [
1 verbose cli   '/usr/local/bin/node',
1 verbose cli   '/usr/local/bin/npm',
1 verbose cli   'install',
1 verbose cli   '--ignore-scripts',
1 verbose cli   '@types/memory-fs@ts3.6',
1 verbose cli   '@types/memorystream@ts3.6',
1 verbose cli   '@types/merge-descriptors@ts3.6',
1 verbose cli   '@types/merge-stream@ts3.6',
1 verbose cli   '@types/merge2@ts3.6',
1 verbose cli   '@types/methods@ts3.6',
1 verbose cli   '@types/micromatch@ts3.6',
1 verbose cli   '@types/mime@ts3.6',
1 verbose cli   '@types/mime-db@ts3.6',
1 verbose cli   '@types/mime-types@ts3.6',
1 verbose cli   '@types/min-indent@ts3.6',
1 verbose cli   '@types/minimalistic-assert@ts3.6',
1 verbose cli   '@types/minimatch@ts3.6',
1 verbose cli   '@types/minimist@ts3.6',
1 verbose cli   '@types/minipass@ts3.6',
1 verbose cli   '@types/minizlib@ts3.6',
1 verbose cli   '@types/mkdirp@ts3.6',
1 verbose cli   '@types/move-concurrently@ts3.6',
1 verbose cli   '@types/ms@ts3.6',
1 verbose cli   '@types/multicast-dns@ts3.6',
1 verbose cli   '@types/natural-compare@ts3.6',
1 verbose cli   '@types/negotiator@ts3.6',
1 verbose cli   '@types/next-tick@ts3.6',
1 verbose cli   '@types/nice-try@ts3.6',
1 verbose cli   '@types/node-forge@ts3.6',
1 verbose cli   '@types/node-int64@ts3.6',
1 verbose cli   '@types/node-notifier@ts3.6',
1 verbose cli   '@types/normalize-package-data@ts3.6',
1 verbose cli   '@types/normalize-path@ts3.6',
1 verbose cli   '@types/num2fraction@ts3.6',
1 verbose cli   '@types/nwsapi@ts3.6',
1 verbose cli   '@types/object-assign@ts3.6',
1 verbose cli   '@types/object-inspect@ts3.6',
1 verbose cli   '@types/object-keys@ts3.6',
1 verbose cli   '@types/object.fromentries@ts3.6',
1 verbose cli   '@types/object.getownpropertydescriptors@ts3.6',
1 verbose cli   '@types/object.pick@ts3.6',
1 verbose cli   '@types/on-finished@ts3.6',
1 verbose cli   '@types/on-headers@ts3.6',
1 verbose cli   '@types/once@ts3.6',
1 verbose cli   '@types/optimize-css-assets-webpack-plugin@ts3.6',
1 verbose cli   '@types/pako@ts3.6',
1 verbose cli   '@types/parallel-transform@ts3.6',
1 verbose cli   '@types/parse-json@ts3.6',
1 verbose cli   '@types/parse5@ts3.6',
1 verbose cli   '@types/parseurl@ts3.6',
1 verbose cli   '@types/pascalcase@ts3.6',
1 verbose cli   '@types/path-browserify@ts3.6',
1 verbose cli   '@types/path-is-absolute@ts3.6',
1 verbose cli   '@types/path-is-inside@ts3.6',
1 verbose cli   '@types/path-parse@ts3.6',
1 verbose cli   '@types/pbkdf2@ts3.6',
1 verbose cli   '@types/picomatch@ts3.6',
1 verbose cli   '@types/pify@ts3.6',
1 verbose cli   '@types/postcss-flexbugs-fixes@ts3.6',
1 verbose cli   '@types/postcss-gap-properties@ts3.6',
1 verbose cli   '@types/postcss-modules-extract-imports@ts3.6',
1 verbose cli   '@types/postcss-modules-local-by-default@ts3.6',
1 verbose cli   '@types/postcss-modules-scope@ts3.6',
1 verbose cli   '@types/postcss-modules-values@ts3.6',
1 verbose cli   '@types/postcss-normalize@ts3.6',
1 verbose cli   '@types/postcss-preset-env@ts3.6',
1 verbose cli   '@types/postcss-safe-parser@ts3.6',
1 verbose cli   '@types/prelude-ls@ts3.6',
1 verbose cli   '@types/prettier-linter-helpers@ts3.6',
1 verbose cli   '@types/progress@ts3.6',
1 verbose cli   '@types/promise-inflight@ts3.6',
1 verbose cli   '@types/prompts@ts3.6',
1 verbose cli   '@types/prop-types@ts3.6',
1 verbose cli   '@types/proxy-addr@ts3.6',
1 verbose cli   '@types/psl@ts3.6',
1 verbose cli   '@types/pump@ts3.6',
1 verbose cli   '@types/pumpify@ts3.6',
1 verbose cli   '@types/punycode@ts3.6',
1 verbose cli   '@types/q@ts3.6',
1 verbose cli   '@types/qs@ts3.6',
1 verbose cli   '@types/querystringify@ts3.6',
1 verbose cli   '@types/raf@ts3.6',
1 verbose cli   '@types/randombytes@ts3.6',
1 verbose cli   '@types/range-parser@ts3.6',
1 verbose cli   '@types/react-dev-utils@ts3.6',
1 verbose cli   '@types/react-is@ts3.6',
1 verbose cli   '@types/readable-stream@ts3.6',
1 verbose cli   '@types/recursive-readdir@ts3.6',
1 verbose cli   '@types/regenerate@ts3.6',
1 verbose cli   '@types/regenerator-runtime@ts3.6',
1 verbose cli   '@types/regex-not@ts3.6',
1 verbose cli   '@types/relateurl@ts3.6',
1 verbose cli   '@types/repeat-element@ts3.6',
1 verbose cli   '@types/repeat-string@ts3.6',
1 verbose cli   '@types/require-directory@ts3.6',
1 verbose cli   '@types/require-from-string@ts3.6',
1 verbose cli   '@types/requires-port@ts3.6',
1 verbose cli   '@types/resolve@ts3.6',
1 verbose cli   '@types/retry@ts3.6',
1 verbose cli   '@types/rimraf@ts3.6',
1 verbose cli   ... 99 more items
1 verbose cli ]
2 info using npm@6.14.6
3 info using node@v12.18.3
4 verbose npm-session 060544eee5181223
5 silly install loadCurrentTree
6 silly install readLocalPackageData
7 http fetch GET 304 https://registry.npmjs.org/@types%2fmime 347ms (from cache)
8 silly pacote tag manifest for @types/mime@ts3.6 fetched in 355ms
9 http fetch GET 304 https://registry.npmjs.org/@types%2fmin-indent 129ms (from cache)
10 http fetch GET 304 https://registry.npmjs.org/@types%2fmime-types 489ms (from cache)
11 silly pacote tag manifest for @types/min-indent@ts3.6 fetched in 136ms
12 silly pacote tag manifest for @types/mime-types@ts3.6 fetched in 500ms
13 http fetch GET 304 https://registry.npmjs.org/@types%2fminimalistic-assert 146ms (from cache)
14 silly pacote tag manifest for @types/minimalistic-assert@ts3.6 fetched in 149ms
15 http fetch GET 304 https://registry.npmjs.org/@types%2fminimatch 169ms (from cache)
16 silly pacote tag manifest for @types/minimatch@ts3.6 fetched in 172ms
17 http fetch GET 304 https://registry.npmjs.org/@types%2fmicromatch 740ms (from cache)
18 silly pacote tag manifest for @types/micromatch@ts3.6 fetched in 747ms
19 http fetch GET 304 https://registry.npmjs.org/@types%2fminimist 144ms (from cache)
20 silly pacote tag manifest for @types/minimist@ts3.6 fetched in 151ms
21 http fetch GET 304 https://registry.npmjs.org/@types%2fmethods 820ms (from cache)
22 http fetch GET 304 https://registry.npmjs.org/@types%2fmime-db 823ms (from cache)
23 silly pacote tag manifest for @types/methods@ts3.6 fetched in 830ms
24 silly pacote tag manifest for @types/mime-db@ts3.6 fetched in 834ms
25 http fetch GET 304 https://registry.npmjs.org/@types%2fminipass 190ms (from cache)
26 silly pacote tag manifest for @types/minipass@ts3.6 fetched in 194ms
27 http fetch GET 304 https://registry.npmjs.org/@types%2fminizlib 130ms (from cache)
28 silly pacote tag manifest for @types/minizlib@ts3.6 fetched in 134ms
29 http fetch GET 304 https://registry.npmjs.org/@types%2fmkdirp 109ms (from cache)
30 silly pacote tag manifest for @types/mkdirp@ts3.6 fetched in 114ms
31 http fetch GET 304 https://registry.npmjs.org/@types%2fms 119ms (from cache)
32 silly pacote tag manifest for @types/ms@ts3.6 fetched in 124ms
33 http fetch GET 304 https://registry.npmjs.org/@types%2fnegotiator 107ms (from cache)
34 silly pacote tag manifest for @types/negotiator@ts3.6 fetched in 111ms
35 http fetch GET 304 https://registry.npmjs.org/@types%2fnice-try 106ms (from cache)
36 silly pacote tag manifest for @types/nice-try@ts3.6 fetched in 110ms
37 http fetch GET 304 https://registry.npmjs.org/@types%2fmove-concurrently 740ms (from cache)
38 http fetch GET 304 https://registry.npmjs.org/@types%2fmerge-stream 1577ms (from cache)
39 http fetch GET 304 https://registry.npmjs.org/@types%2fmemory-fs 1584ms (from cache)
40 http fetch GET 304 https://registry.npmjs.org/@types%2fmemorystream 1584ms (from cache)
41 http fetch GET 304 https://registry.npmjs.org/@types%2fnatural-compare 695ms (from cache)
42 silly pacote tag manifest for @types/move-concurrently@ts3.6 fetched in 747ms
43 silly pacote tag manifest for @types/merge-stream@ts3.6 fetched in 1586ms
44 silly pacote tag manifest for @types/memory-fs@ts3.6 fetched in 1598ms
45 silly pacote tag manifest for @types/memorystream@ts3.6 fetched in 1591ms
46 silly pacote tag manifest for @types/natural-compare@ts3.6 fetched in 703ms
47 http fetch GET 304 https://registry.npmjs.org/@types%2fnext-tick 643ms (from cache)
48 silly pacote tag manifest for @types/next-tick@ts3.6 fetched in 648ms
49 http fetch GET 304 https://registry.npmjs.org/@types%2fmerge-descriptors 1628ms (from cache)
50 silly pacote tag manifest for @types/merge-descriptors@ts3.6 fetched in 1630ms
51 http fetch GET 304 https://registry.npmjs.org/@types%2fnormalize-package-data 149ms (from cache)
52 silly pacote tag manifest for @types/normalize-package-data@ts3.6 fetched in 152ms
53 http fetch GET 304 https://registry.npmjs.org/@types%2fobject-assign 128ms (from cache)
54 silly pacote tag manifest for @types/object-assign@ts3.6 fetched in 130ms
55 http fetch GET 304 https://registry.npmjs.org/@types%2fobject-keys 142ms (from cache)
56 silly pacote tag manifest for @types/object-keys@ts3.6 fetched in 145ms
57 http fetch GET 304 https://registry.npmjs.org/@types%2fmulticast-dns 1209ms (from cache)
58 silly pacote tag manifest for @types/multicast-dns@ts3.6 fetched in 1215ms
59 http fetch GET 304 https://registry.npmjs.org/@types%2fmerge2 2224ms (from cache)
60 silly pacote tag manifest for @types/merge2@ts3.6 fetched in 2229ms
61 http fetch GET 304 https://registry.npmjs.org/@types%2fnwsapi 659ms (from cache)
62 silly pacote tag manifest for @types/nwsapi@ts3.6 fetched in 666ms
63 http fetch GET 304 https://registry.npmjs.org/@types%2fon-finished 93ms (from cache)
64 silly pacote tag manifest for @types/on-finished@ts3.6 fetched in 97ms
65 http fetch GET 304 https://registry.npmjs.org/@types%2fobject.pick 184ms (from cache)
66 silly pacote tag manifest for @types/object.pick@ts3.6 fetched in 189ms
67 http fetch GET 304 https://registry.npmjs.org/@types%2fon-headers 106ms (from cache)
68 silly pacote tag manifest for @types/on-headers@ts3.6 fetched in 118ms
69 http fetch GET 304 https://registry.npmjs.org/@types%2fonce 141ms (from cache)
70 silly pacote tag manifest for @types/once@ts3.6 fetched in 143ms
71 http fetch GET 304 https://registry.npmjs.org/@types%2fobject.getownpropertydescriptors 573ms (from cache)
72 silly pacote tag manifest for @types/object.getownpropertydescriptors@ts3.6 fetched in 576ms
73 http fetch GET 304 https://registry.npmjs.org/@types%2fnode-forge 1532ms (from cache)
74 silly pacote tag manifest for @types/node-forge@ts3.6 fetched in 1538ms
75 http fetch GET 304 https://registry.npmjs.org/@types%2fpako 126ms (from cache)
76 silly pacote tag manifest for @types/pako@ts3.6 fetched in 129ms
77 http fetch GET 304 https://registry.npmjs.org/@types%2fparse-json 110ms (from cache)
78 silly pacote tag manifest for @types/parse-json@ts3.6 fetched in 113ms
79 http fetch GET 304 https://registry.npmjs.org/@types%2fnode-notifier 1289ms (from cache)
80 silly pacote tag manifest for @types/node-notifier@ts3.6 fetched in 1304ms
81 http fetch GET 304 https://registry.npmjs.org/@types%2fparseurl 169ms (from cache)
82 silly pacote tag manifest for @types/parseurl@ts3.6 fetched in 175ms
83 http fetch GET 304 https://registry.npmjs.org/@types%2fnode-int64 1385ms (from cache)
84 silly pacote tag manifest for @types/node-int64@ts3.6 fetched in 1392ms
85 http fetch GET 304 https://registry.npmjs.org/@types%2fobject.fromentries 1149ms (from cache)
86 silly pacote tag manifest for @types/object.fromentries@ts3.6 fetched in 1156ms
87 http fetch GET 304 https://registry.npmjs.org/@types%2fpath-browserify 117ms (from cache)
88 silly registry:manifest no matching version for @types/path-browserify@ts3.6 in the cache. Forcing revalidation.
89 http fetch GET 304 https://registry.npmjs.org/@types%2fpath-is-absolute 110ms (from cache)
90 silly pacote tag manifest for @types/path-is-absolute@ts3.6 fetched in 111ms
91 http fetch GET 304 https://registry.npmjs.org/@types%2fpath-parse 113ms (from cache)
92 silly pacote tag manifest for @types/path-parse@ts3.6 fetched in 116ms
93 http fetch GET 304 https://registry.npmjs.org/@types%2fobject-inspect 1915ms (from cache)
94 http fetch GET 304 https://registry.npmjs.org/@types%2fpascalcase 762ms (from cache)
95 silly pacote tag manifest for @types/object-inspect@ts3.6 fetched in 1920ms
96 silly pacote tag manifest for @types/pascalcase@ts3.6 fetched in 769ms
97 http fetch GET 304 https://registry.npmjs.org/@types%2fnormalize-path 2076ms (from cache)
98 silly pacote tag manifest for @types/normalize-path@ts3.6 fetched in 2084ms
99 http fetch GET 200 https://registry.npmjs.org/@types%2fpath-browserify 787ms
100 silly fetchPackageMetaData error for @types/path-browserify@ts3.6 No matching version found for @types/path-browserify@ts3.6.
101 http fetch GET 304 https://registry.npmjs.org/@types%2fpbkdf2 714ms (from cache)
102 silly pacote tag manifest for @types/pbkdf2@ts3.6 fetched in 719ms
103 http fetch GET 304 https://registry.npmjs.org/@types%2fnum2fraction 2338ms (from cache)
104 silly pacote tag manifest for @types/num2fraction@ts3.6 fetched in 2347ms
105 http fetch GET 304 https://registry.npmjs.org/@types%2fparallel-transform 1273ms (from cache)
106 silly pacote tag manifest for @types/parallel-transform@ts3.6 fetched in 1276ms
107 http fetch GET 304 https://registry.npmjs.org/@types%2fparse5 1253ms (from cache)
108 silly pacote tag manifest for @types/parse5@ts3.6 fetched in 1254ms
109 http fetch GET 304 https://registry.npmjs.org/@types%2fpostcss-gap-properties 146ms (from cache)
110 silly pacote tag manifest for @types/postcss-gap-properties@ts3.6 fetched in 165ms
111 http fetch GET 304 https://registry.npmjs.org/@types%2fpostcss-modules-values 240ms (from cache)
112 silly pacote tag manifest for @types/postcss-modules-values@ts3.6 fetched in 249ms
113 http fetch GET 304 https://registry.npmjs.org/@types%2foptimize-css-assets-webpack-plugin 1709ms (from cache)
114 silly pacote tag manifest for @types/optimize-css-assets-webpack-plugin@ts3.6 fetched in 1724ms
115 http fetch GET 304 https://registry.npmjs.org/@types%2fpostcss-normalize 177ms (from cache)
116 silly pacote tag manifest for @types/postcss-normalize@ts3.6 fetched in 188ms
117 http fetch GET 304 https://registry.npmjs.org/@types%2fpicomatch 649ms (from cache)
118 http fetch GET 304 https://registry.npmjs.org/@types%2fpostcss-flexbugs-fixes 635ms (from cache)
119 http fetch GET 304 https://registry.npmjs.org/@types%2fpify 647ms (from cache)
120 silly pacote tag manifest for @types/picomatch@ts3.6 fetched in 652ms
121 silly pacote tag manifest for @types/postcss-flexbugs-fixes@ts3.6 fetched in 640ms
122 silly pacote tag manifest for @types/pify@ts3.6 fetched in 653ms
123 http fetch GET 304 https://registry.npmjs.org/@types%2fprelude-ls 99ms (from cache)
124 silly pacote tag manifest for @types/prelude-ls@ts3.6 fetched in 102ms
125 http fetch GET 304 https://registry.npmjs.org/@types%2fprettier-linter-helpers 101ms (from cache)
126 silly pacote tag manifest for @types/prettier-linter-helpers@ts3.6 fetched in 102ms
127 http fetch GET 304 https://registry.npmjs.org/@types%2fprompts 109ms (from cache)
128 silly pacote tag manifest for @types/prompts@ts3.6 fetched in 110ms
129 http fetch GET 304 https://registry.npmjs.org/@types%2fprop-types 75ms (from cache)
130 silly pacote tag manifest for @types/prop-types@ts3.6 fetched in 77ms
131 http fetch GET 304 https://registry.npmjs.org/@types%2fpostcss-modules-scope 584ms (from cache)
132 silly pacote tag manifest for @types/postcss-modules-scope@ts3.6 fetched in 585ms
133 http fetch GET 304 https://registry.npmjs.org/@types%2fpostcss-modules-extract-imports 617ms (from cache)
134 silly pacote tag manifest for @types/postcss-modules-extract-imports@ts3.6 fetched in 619ms
135 http fetch GET 304 https://registry.npmjs.org/@types%2fpostcss-modules-local-by-default 607ms (from cache)
136 silly pacote tag manifest for @types/postcss-modules-local-by-default@ts3.6 fetched in 611ms
137 http fetch GET 304 https://registry.npmjs.org/@types%2fproxy-addr 100ms (from cache)
138 silly pacote tag manifest for @types/proxy-addr@ts3.6 fetched in 102ms
139 http fetch GET 304 https://registry.npmjs.org/@types%2fpsl 94ms (from cache)
140 silly pacote tag manifest for @types/psl@ts3.6 fetched in 96ms
141 http fetch GET 304 https://registry.npmjs.org/@types%2fq 93ms (from cache)
142 silly pacote tag manifest for @types/q@ts3.6 fetched in 96ms
143 http fetch GET 304 https://registry.npmjs.org/@types%2fqs 100ms (from cache)
144 silly pacote tag manifest for @types/qs@ts3.6 fetched in 103ms
145 http fetch GET 304 https://registry.npmjs.org/@types%2fquerystringify 136ms (from cache)
146 silly pacote tag manifest for @types/querystringify@ts3.6 fetched in 147ms
147 http fetch GET 304 https://registry.npmjs.org/@types%2fraf 170ms (from cache)
148 silly pacote tag manifest for @types/raf@ts3.6 fetched in 174ms
149 http fetch GET 304 https://registry.npmjs.org/@types%2fpostcss-safe-parser 641ms (from cache)
150 silly pacote tag manifest for @types/postcss-safe-parser@ts3.6 fetched in 647ms
151 http fetch GET 304 https://registry.npmjs.org/@types%2fpath-is-inside 1843ms (from cache)
152 silly pacote tag manifest for @types/path-is-inside@ts3.6 fetched in 1847ms
153 http fetch GET 304 https://registry.npmjs.org/@types%2frandombytes 116ms (from cache)
154 silly pacote tag manifest for @types/randombytes@ts3.6 fetched in 119ms
155 http fetch GET 304 https://registry.npmjs.org/@types%2frange-parser 102ms (from cache)
156 silly pacote tag manifest for @types/range-parser@ts3.6 fetched in 106ms
157 http fetch GET 304 https://registry.npmjs.org/@types%2freadable-stream 100ms (from cache)
158 silly pacote tag manifest for @types/readable-stream@ts3.6 fetched in 106ms
159 http fetch GET 304 https://registry.npmjs.org/@types%2frecursive-readdir 108ms (from cache)
160 http fetch GET 304 https://registry.npmjs.org/@types%2freact-is 173ms (from cache)
161 silly pacote tag manifest for @types/recursive-readdir@ts3.6 fetched in 113ms
162 silly pacote tag manifest for @types/react-is@ts3.6 fetched in 178ms
163 http fetch GET 304 https://registry.npmjs.org/@types%2fregenerate 170ms (from cache)
164 silly registry:manifest no matching version for @types/regenerate@ts3.6 in the cache. Forcing revalidation.
165 http fetch GET 304 https://registry.npmjs.org/@types%2fregex-not 141ms (from cache)
166 silly registry:manifest no matching version for @types/regex-not@ts3.6 in the cache. Forcing revalidation.
167 http fetch GET 304 https://registry.npmjs.org/@types%2fregenerator-runtime 162ms (from cache)
168 silly pacote tag manifest for @types/regenerator-runtime@ts3.6 fetched in 166ms
169 http fetch GET 200 https://registry.npmjs.org/@types%2fregenerate 97ms
170 silly fetchPackageMetaData error for @types/regenerate@ts3.6 No matching version found for @types/regenerate@ts3.6.
171 http fetch GET 200 https://registry.npmjs.org/@types%2fregex-not 113ms
172 silly fetchPackageMetaData error for @types/regex-not@ts3.6 No matching version found for @types/regex-not@ts3.6.
173 http fetch GET 304 https://registry.npmjs.org/@types%2frelateurl 178ms (from cache)
174 silly pacote tag manifest for @types/relateurl@ts3.6 fetched in 185ms
175 http fetch GET 304 https://registry.npmjs.org/@types%2frepeat-element 179ms (from cache)
176 silly pacote tag manifest for @types/repeat-element@ts3.6 fetched in 187ms
177 http fetch GET 304 https://registry.npmjs.org/@types%2frequire-from-string 189ms (from cache)
178 http fetch GET 304 https://registry.npmjs.org/@types%2fprogress 1391ms (from cache)
179 silly pacote tag manifest for @types/require-from-string@ts3.6 fetched in 203ms
180 silly pacote tag manifest for @types/progress@ts3.6 fetched in 1410ms
181 http fetch GET 304 https://registry.npmjs.org/@types%2fpump 1246ms (from cache)
182 silly pacote tag manifest for @types/pump@ts3.6 fetched in 1251ms
183 http fetch GET 304 https://registry.npmjs.org/@types%2fpumpify 1280ms (from cache)
184 silly pacote tag manifest for @types/pumpify@ts3.6 fetched in 1287ms
185 http fetch GET 304 https://registry.npmjs.org/@types%2fresolve 159ms (from cache)
186 silly pacote tag manifest for @types/resolve@ts3.6 fetched in 164ms
187 http fetch GET 304 https://registry.npmjs.org/@types%2fpunycode 1345ms (from cache)
188 http fetch GET 304 https://registry.npmjs.org/@types%2frequires-port 183ms (from cache)
189 silly pacote tag manifest for @types/punycode@ts3.6 fetched in 1353ms
190 silly pacote tag manifest for @types/requires-port@ts3.6 fetched in 191ms
191 http fetch GET 304 https://registry.npmjs.org/@types%2fretry 140ms (from cache)
192 silly pacote tag manifest for @types/retry@ts3.6 fetched in 146ms
193 http fetch GET 304 https://registry.npmjs.org/@types%2frimraf 104ms (from cache)
194 silly pacote tag manifest for @types/rimraf@ts3.6 fetched in 107ms
195 http fetch GET 304 https://registry.npmjs.org/@types%2fsafer-buffer 87ms (from cache)
196 silly pacote tag manifest for @types/safer-buffer@ts3.6 fetched in 90ms
197 http fetch GET 304 https://registry.npmjs.org/@types%2frepeat-string 686ms (from cache)
198 silly pacote tag manifest for @types/repeat-string@ts3.6 fetched in 689ms
199 http fetch GET 304 https://registry.npmjs.org/@types%2frun-parallel 165ms (from cache)
200 silly pacote tag manifest for @types/run-parallel@ts3.6 fetched in 168ms
201 http fetch GET 304 https://registry.npmjs.org/@types%2fpostcss-preset-env 1887ms (from cache)
202 silly registry:manifest no matching version for @types/postcss-preset-env@ts3.6 in the cache. Forcing revalidation.
203 http fetch GET 304 https://registry.npmjs.org/@types%2fsass-loader 93ms (from cache)
204 silly pacote tag manifest for @types/sass-loader@ts3.6 fetched in 98ms
205 http fetch GET 304 https://registry.npmjs.org/@types%2fpromise-inflight 1863ms (from cache)
206 silly pacote tag manifest for @types/promise-inflight@ts3.6 fetched in 1867ms
207 http fetch GET 304 https://registry.npmjs.org/@types%2freact-dev-utils 1314ms (from cache)
208 silly pacote tag manifest for @types/react-dev-utils@ts3.6 fetched in 1319ms
209 http fetch GET 304 https://registry.npmjs.org/@types%2fsax 123ms (from cache)
210 silly pacote tag manifest for @types/sax@ts3.6 fetched in 127ms
211 http fetch GET 304 https://registry.npmjs.org/@types%2fscheduler 79ms (from cache)
212 silly pacote tag manifest for @types/scheduler@ts3.6 fetched in 83ms
213 http fetch GET 200 https://registry.npmjs.org/@types%2fpostcss-preset-env 164ms
214 silly fetchPackageMetaData error for @types/postcss-preset-env@ts3.6 No matching version found for @types/postcss-preset-env@ts3.6.
215 http fetch GET 304 https://registry.npmjs.org/@types%2fsemver 80ms (from cache)
216 silly pacote tag manifest for @types/semver@ts3.6 fetched in 82ms
217 http fetch GET 304 https://registry.npmjs.org/@types%2fsemver-compare 141ms (from cache)
218 silly pacote tag manifest for @types/semver-compare@ts3.6 fetched in 144ms
219 http fetch GET 304 https://registry.npmjs.org/@types%2fsend 158ms (from cache)
220 silly pacote tag manifest for @types/send@ts3.6 fetched in 162ms
221 http fetch GET 304 https://registry.npmjs.org/@types%2fserve-index 109ms (from cache)
222 silly pacote tag manifest for @types/serve-index@ts3.6 fetched in 116ms
223 http fetch GET 304 https://registry.npmjs.org/@types%2fserialize-javascript 166ms (from cache)
224 silly pacote tag manifest for @types/serialize-javascript@ts3.6 fetched in 170ms
225 http fetch GET 304 https://registry.npmjs.org/@types%2fserve-static 100ms (from cache)
226 silly pacote tag manifest for @types/serve-static@ts3.6 fetched in 104ms
227 http fetch GET 304 https://registry.npmjs.org/@types%2fripemd160 615ms (from cache)
228 http fetch GET 304 https://registry.npmjs.org/@types%2fset-value 123ms (from cache)
229 silly pacote tag manifest for @types/ripemd160@ts3.6 fetched in 620ms
230 http fetch GET 304 https://registry.npmjs.org/@types%2fsetimmediate 124ms (from cache)
231 silly pacote tag manifest for @types/set-value@ts3.6 fetched in 132ms
232 silly pacote tag manifest for @types/setimmediate@ts3.6 fetched in 134ms
233 http fetch GET 304 https://registry.npmjs.org/@types%2fshebang-command 125ms (from cache)
234 silly pacote tag manifest for @types/shebang-command@ts3.6 fetched in 128ms
235 http fetch GET 304 https://registry.npmjs.org/@types%2fshell-quote 99ms (from cache)
236 http fetch GET 304 https://registry.npmjs.org/@types%2fsignal-exit 94ms (from cache)
237 silly pacote tag manifest for @types/shell-quote@ts3.6 fetched in 103ms
238 silly pacote tag manifest for @types/signal-exit@ts3.6 fetched in 98ms
239 http fetch GET 304 https://registry.npmjs.org/@types%2frequire-directory 1219ms (from cache)
240 http fetch GET 304 https://registry.npmjs.org/@types%2fsimple-swizzle 135ms (from cache)
241 silly registry:manifest no matching version for @types/simple-swizzle@ts3.6 in the cache. Forcing revalidation.
242 silly pacote tag manifest for @types/require-directory@ts3.6 fetched in 1224ms
243 http fetch GET 304 https://registry.npmjs.org/@types%2fsockjs 95ms (from cache)
244 http fetch GET 304 https://registry.npmjs.org/@types%2fslice-ansi 131ms (from cache)
245 silly pacote tag manifest for @types/sockjs@ts3.6 fetched in 98ms
246 silly pacote tag manifest for @types/slice-ansi@ts3.6 fetched in 134ms
247 http fetch GET 304 https://registry.npmjs.org/@types%2fsource-list-map 96ms (from cache)
248 silly pacote tag manifest for @types/source-list-map@ts3.6 fetched in 97ms
249 http fetch GET 304 https://registry.npmjs.org/@types%2fspdx-correct 97ms (from cache)
250 silly pacote tag manifest for @types/spdx-correct@ts3.6 fetched in 98ms
251 http fetch GET 304 https://registry.npmjs.org/@types%2fspdx-expression-parse 118ms (from cache)
252 silly pacote tag manifest for @types/spdx-expression-parse@ts3.6 fetched in 120ms
253 http fetch GET 304 https://registry.npmjs.org/@types%2fspdy 152ms (from cache)
254 silly pacote tag manifest for @types/spdy@ts3.6 fetched in 167ms
255 http fetch GET 304 https://registry.npmjs.org/@types%2fsprintf 137ms (from cache)
256 silly pacote tag manifest for @types/sprintf@ts3.6 fetched in 144ms
257 http fetch GET 304 https://registry.npmjs.org/@types%2fsprintf-js 157ms (from cache)
258 silly pacote tag manifest for @types/sprintf-js@ts3.6 fetched in 166ms
259 http fetch GET 304 https://registry.npmjs.org/@types%2fsafe-regex 1237ms (from cache)
260 silly pacote tag manifest for @types/safe-regex@ts3.6 fetched in 1257ms
261 http fetch GET 304 https://registry.npmjs.org/@types%2frsvp 1374ms (from cache)
262 http fetch GET 304 https://registry.npmjs.org/@types%2fsockjs-client 669ms (from cache)
263 silly pacote tag manifest for @types/rsvp@ts3.6 fetched in 1389ms
264 silly pacote tag manifest for @types/sockjs-client@ts3.6 fetched in 695ms
265 http fetch GET 304 https://registry.npmjs.org/@types%2fstack-utils 218ms (from cache)
266 silly pacote tag manifest for @types/stack-utils@ts3.6 fetched in 231ms
267 http fetch GET 304 https://registry.npmjs.org/@types%2fsane 1397ms (from cache)
268 silly pacote tag manifest for @types/sane@ts3.6 fetched in 1402ms
269 http fetch GET 304 https://registry.npmjs.org/@types%2fstrict-uri-encode 136ms (from cache)
270 silly pacote tag manifest for @types/strict-uri-encode@ts3.6 fetched in 146ms
271 http fetch GET 304 https://registry.npmjs.org/@types%2fstring.prototype.matchall 130ms (from cache)
272 silly pacote tag manifest for @types/string.prototype.matchall@ts3.6 fetched in 135ms
273 http fetch GET 304 https://registry.npmjs.org/@types%2fstringify-object 121ms (from cache)
274 silly pacote tag manifest for @types/stringify-object@ts3.6 fetched in 126ms
275 http fetch GET 200 https://registry.npmjs.org/@types%2fsimple-swizzle 1247ms
276 silly fetchPackageMetaData error for @types/simple-swizzle@ts3.6 No matching version found for @types/simple-swizzle@ts3.6.
277 http fetch GET 304 https://registry.npmjs.org/@types%2fstrip-comments 126ms (from cache)
278 silly pacote tag manifest for @types/strip-comments@ts3.6 fetched in 127ms
279 http fetch GET 304 https://registry.npmjs.org/@types%2fsupports-color 86ms (from cache)
280 silly pacote tag manifest for @types/supports-color@ts3.6 fetched in 91ms
281 http fetch GET 304 https://registry.npmjs.org/@types%2fstring-natural-compare 593ms (from cache)
282 silly pacote tag manifest for @types/string-natural-compare@ts3.6 fetched in 595ms
283 http fetch GET 304 https://registry.npmjs.org/@types%2fselfsigned 1856ms (from cache)
284 silly registry:manifest no matching version for @types/selfsigned@ts3.6 in the cache. Forcing revalidation.
285 http fetch GET 304 https://registry.npmjs.org/@types%2fsvgo 68ms (from cache)
286 silly pacote tag manifest for @types/svgo@ts3.6 fetched in 70ms
287 http fetch GET 304 https://registry.npmjs.org/@types%2fsvg-parser 94ms (from cache)
288 silly pacote tag manifest for @types/svg-parser@ts3.6 fetched in 98ms
289 http fetch GET 304 https://registry.npmjs.org/@types%2fsha.js 1802ms (from cache)
290 silly pacote tag manifest for @types/sha.js@ts3.6 fetched in 1804ms
291 http fetch GET 304 https://registry.npmjs.org/@types%2ftapable 130ms (from cache)
292 silly pacote tag manifest for @types/tapable@ts3.6 fetched in 131ms
293 http fetch GET 304 https://registry.npmjs.org/@types%2fstatuses 1180ms (from cache)
294 silly pacote tag manifest for @types/statuses@ts3.6 fetched in 1184ms
295 http fetch GET 304 https://registry.npmjs.org/@types%2ftext-table 127ms (from cache)
296 silly pacote tag manifest for @types/text-table@ts3.6 fetched in 129ms
297 http fetch GET 304 https://registry.npmjs.org/@types%2fssri 1380ms (from cache)
298 silly pacote tag manifest for @types/ssri@ts3.6 fetched in 1382ms
299 http fetch GET 304 https://registry.npmjs.org/@types%2fthrough 144ms (from cache)
300 silly pacote tag manifest for @types/through@ts3.6 fetched in 147ms
301 http fetch GET 304 https://registry.npmjs.org/@types%2fstrip-final-newline 606ms (from cache)
302 silly pacote tag manifest for @types/strip-final-newline@ts3.6 fetched in 608ms
303 http fetch GET 304 https://registry.npmjs.org/@types%2fthrough2 148ms (from cache)
304 silly pacote tag manifest for @types/through2@ts3.6 fetched in 151ms
305 http fetch GET 200 https://registry.npmjs.org/@types%2fselfsigned 576ms
306 silly fetchPackageMetaData error for @types/selfsigned@ts3.6 No matching version found for @types/selfsigned@ts3.6.
307 http fetch GET 200 https://registry.npmjs.org/@types%2fto-regex 92ms
308 silly fetchPackageMetaData error for @types/to-regex@ts3.6 No matching version found for @types/to-regex@ts3.6.
309 http fetch GET 304 https://registry.npmjs.org/@types%2ftough-cookie 107ms (from cache)
310 silly pacote tag manifest for @types/tough-cookie@ts3.6 fetched in 111ms
311 http fetch GET 304 https://registry.npmjs.org/@types%2fsource-map-support 2103ms (from cache)
312 silly pacote tag manifest for @types/source-map-support@ts3.6 fetched in 2107ms
313 http fetch GET 304 https://registry.npmjs.org/@types%2ftryer 99ms (from cache)
314 silly pacote tag manifest for @types/tryer@ts3.6 fetched in 101ms
315 http fetch GET 304 https://registry.npmjs.org/@types%2ftype-check 98ms (from cache)
316 silly pacote tag manifest for @types/type-check@ts3.6 fetched in 102ms
317 http fetch GET 304 https://registry.npmjs.org/@types%2ftype-detect 147ms (from cache)
318 silly pacote tag manifest for @types/type-detect@ts3.6 fetched in 154ms
319 http fetch GET 304 https://registry.npmjs.org/@types%2ftype-is 106ms (from cache)
320 silly pacote tag manifest for @types/type-is@ts3.6 fetched in 111ms
321 http fetch GET 304 https://registry.npmjs.org/@types%2ftimsort 617ms (from cache)
322 silly pacote tag manifest for @types/timsort@ts3.6 fetched in 621ms
323 http fetch GET 200 https://registry.npmjs.org/@types%2fto-regex-range 595ms
324 silly fetchPackageMetaData error for @types/to-regex-range@ts3.6 No matching version found for @types/to-regex-range@ts3.6.
325 http fetch GET 304 https://registry.npmjs.org/@types%2ftar 1148ms (from cache)
326 silly pacote tag manifest for @types/tar@ts3.6 fetched in 1154ms
327 http fetch GET 304 https://registry.npmjs.org/@types%2fstream-shift 2130ms (from cache)
328 silly pacote tag manifest for @types/stream-shift@ts3.6 fetched in 2138ms
329 http fetch GET 304 https://registry.npmjs.org/@types%2fsymbol-tree 1388ms (from cache)
330 silly pacote tag manifest for @types/symbol-tree@ts3.6 fetched in 1392ms
331 http fetch GET 304 https://registry.npmjs.org/@types%2funiq 612ms (from cache)
332 silly pacote tag manifest for @types/uniq@ts3.6 fetched in 618ms
333 http fetch GET 304 https://registry.npmjs.org/@types%2fthunky 1388ms (from cache)
334 silly pacote tag manifest for @types/thunky@ts3.6 fetched in 1392ms
335 http fetch GET 304 https://registry.npmjs.org/@types%2futils-merge 180ms (from cache)
336 silly pacote tag manifest for @types/utils-merge@ts3.6 fetched in 187ms
337 http fetch GET 304 https://registry.npmjs.org/@types%2fvalidate-npm-package-license 130ms (from cache)
338 silly pacote tag manifest for @types/validate-npm-package-license@ts3.6 fetched in 136ms
339 http fetch GET 304 https://registry.npmjs.org/@types%2fuuid 181ms (from cache)
340 silly pacote tag manifest for @types/uuid@ts3.6 fetched in 188ms
341 http fetch GET 304 https://registry.npmjs.org/@types%2futil-deprecate 611ms (from cache)
342 silly pacote tag manifest for @types/util-deprecate@ts3.6 fetched in 616ms
343 http fetch GET 304 https://registry.npmjs.org/@types%2fvary 155ms (from cache)
344 silly pacote tag manifest for @types/vary@ts3.6 fetched in 160ms
345 http fetch GET 200 https://registry.npmjs.org/@types%2ftmpl 1712ms
346 silly fetchPackageMetaData error for @types/tmpl@ts3.6 No matching version found for @types/tmpl@ts3.6.
347 http fetch GET 304 https://registry.npmjs.org/@types%2fwatchpack 142ms (from cache)
348 silly pacote tag manifest for @types/watchpack@ts3.6 fetched in 148ms
349 http fetch GET 304 https://registry.npmjs.org/@types%2fstream-each 3110ms (from cache)
350 http fetch GET 304 https://registry.npmjs.org/@types%2fwebidl-conversions 169ms (from cache)
351 silly pacote tag manifest for @types/stream-each@ts3.6 fetched in 3119ms
352 silly pacote tag manifest for @types/webidl-conversions@ts3.6 fetched in 185ms
353 http fetch GET 304 https://registry.npmjs.org/@types%2fwebpack 200ms (from cache)
354 silly pacote tag manifest for @types/webpack@ts3.6 fetched in 216ms
355 http fetch GET 304 https://registry.npmjs.org/@types%2fwebpack-sources 141ms (from cache)
356 silly pacote tag manifest for @types/webpack-sources@ts3.6 fetched in 144ms
357 http fetch GET 304 https://registry.npmjs.org/@types%2fw3c-hr-time 592ms (from cache)
358 silly pacote tag manifest for @types/w3c-hr-time@ts3.6 fetched in 593ms
359 http fetch GET 304 https://registry.npmjs.org/@types%2futil.promisify 1448ms (from cache)
360 silly pacote tag manifest for @types/util.promisify@ts3.6 fetched in 1464ms
361 http fetch GET 304 https://registry.npmjs.org/@types%2funiversalify 1875ms (from cache)
362 silly pacote tag manifest for @types/universalify@ts3.6 fetched in 1885ms
363 http fetch GET 304 https://registry.npmjs.org/@types%2furix 1850ms (from cache)
364 silly pacote tag manifest for @types/urix@ts3.6 fetched in 1858ms
365 http fetch GET 304 https://registry.npmjs.org/@types%2fwebpack-manifest-plugin 671ms (from cache)
366 silly pacote tag manifest for @types/webpack-manifest-plugin@ts3.6 fetched in 680ms
367 http fetch GET 304 https://registry.npmjs.org/@types%2fwhich 143ms (from cache)
368 silly pacote tag manifest for @types/which@ts3.6 fetched in 151ms
369 http fetch GET 304 https://registry.npmjs.org/@types%2fwhatwg-encoding 647ms (from cache)
370 silly pacote tag manifest for @types/whatwg-encoding@ts3.6 fetched in 653ms
371 http fetch GET 304 https://registry.npmjs.org/@types%2fwhatwg-mimetype 601ms (from cache)
372 silly pacote tag manifest for @types/whatwg-mimetype@ts3.6 fetched in 606ms
373 http fetch GET 304 https://registry.npmjs.org/@types%2fwhatwg-url 629ms (from cache)
374 silly pacote tag manifest for @types/whatwg-url@ts3.6 fetched in 633ms
375 http fetch GET 200 https://registry.npmjs.org/@types%2ftypedarray-to-buffer 2271ms
376 silly fetchPackageMetaData error for @types/typedarray-to-buffer@ts3.6 No matching version found for @types/typedarray-to-buffer@ts3.6.
377 http fetch GET 304 https://registry.npmjs.org/@types%2furl-parse 1903ms (from cache)
378 silly pacote tag manifest for @types/url-parse@ts3.6 fetched in 1910ms
379 http fetch GET 304 https://registry.npmjs.org/@types%2fw3c-xmlserializer 1259ms (from cache)
380 silly pacote tag manifest for @types/w3c-xmlserializer@ts3.6 fetched in 1265ms
381 http fetch GET 304 https://registry.npmjs.org/@types%2fws 128ms (from cache)
382 silly pacote tag manifest for @types/ws@ts3.6 fetched in 140ms
383 http fetch GET 200 https://registry.npmjs.org/@types%2fxml-name-validator 117ms
384 silly fetchPackageMetaData error for @types/xml-name-validator@ts3.6 No matching version found for @types/xml-name-validator@ts3.6.
385 http fetch GET 304 https://registry.npmjs.org/@types%2fwrite-file-atomic 226ms (from cache)
386 silly pacote tag manifest for @types/write-file-atomic@ts3.6 fetched in 233ms
387 http fetch GET 304 https://registry.npmjs.org/@types%2fyargs 152ms (from cache)
388 silly pacote tag manifest for @types/yargs@ts3.6 fetched in 163ms
389 http fetch GET 304 https://registry.npmjs.org/@types%2fyargs-parser 140ms (from cache)
390 silly pacote tag manifest for @types/yargs-parser@ts3.6 fetched in 144ms
391 http fetch GET 304 https://registry.npmjs.org/@types%2fworkbox-webpack-plugin 604ms (from cache)
392 silly pacote tag manifest for @types/workbox-webpack-plugin@ts3.6 fetched in 611ms
393 http fetch GET 304 https://registry.npmjs.org/@types%2fwrap-ansi 639ms (from cache)
394 silly pacote tag manifest for @types/wrap-ansi@ts3.6 fetched in 644ms
395 http fetch GET 304 https://registry.npmjs.org/@types%2fworkbox-build 1240ms (from cache)
396 silly pacote tag manifest for @types/workbox-build@ts3.6 fetched in 1244ms
397 http fetch GET 304 https://registry.npmjs.org/@types%2fworkbox-sw 1304ms (from cache)
398 silly pacote tag manifest for @types/workbox-sw@ts3.6 fetched in 1310ms
399 http fetch GET 304 https://registry.npmjs.org/@types%2fyallist 1375ms (from cache)
400 silly pacote tag manifest for @types/yallist@ts3.6 fetched in 1387ms
401 http fetch GET 304 https://registry.npmjs.org/@types%2fwhich-pm-runs 1922ms (from cache)
402 silly pacote tag manifest for @types/which-pm-runs@ts3.6 fetched in 1943ms
403 http fetch GET 304 https://registry.npmjs.org/@types%2fxtend 1917ms (from cache)
404 silly pacote tag manifest for @types/xtend@ts3.6 fetched in 1926ms
405 timing stage:rollbackFailedOptional Completed in 6ms
406 timing stage:runTopLevelLifecycles Completed in 13406ms
407 verbose type tag
408 verbose stack @types/path-browserify: No matching version found for @types/path-browserify@ts3.6.
408 verbose stack     at pickManifest (/usr/local/lib/node_modules/npm/node_modules/npm-pick-manifest/index.js:122:13)
408 verbose stack     at /usr/local/lib/node_modules/npm/node_modules/pacote/lib/fetchers/registry/manifest.js:43:18
408 verbose stack     at tryCatcher (/usr/local/lib/node_modules/npm/node_modules/bluebird/js/release/util.js:16:23)
408 verbose stack     at Promise._settlePromiseFromHandler (/usr/local/lib/node_modules/npm/node_modules/bluebird/js/release/promise.js:517:31)
408 verbose stack     at Promise._settlePromise (/usr/local/lib/node_modules/npm/node_modules/bluebird/js/release/promise.js:574:18)
408 verbose stack     at Promise._settlePromise0 (/usr/local/lib/node_modules/npm/node_modules/bluebird/js/release/promise.js:619:10)
408 verbose stack     at Promise._settlePromises (/usr/local/lib/node_modules/npm/node_modules/bluebird/js/release/promise.js:699:18)
408 verbose stack     at _drainQueueStep (/usr/local/lib/node_modules/npm/node_modules/bluebird/js/release/async.js:138:12)
408 verbose stack     at _drainQueue (/usr/local/lib/node_modules/npm/node_modules/bluebird/js/release/async.js:131:9)
408 verbose stack     at Async._drainQueues (/usr/local/lib/node_modules/npm/node_modules/bluebird/js/release/async.js:147:5)
408 verbose stack     at Immediate.Async.drainQueues [as _onImmediate] (/usr/local/lib/node_modules/npm/node_modules/bluebird/js/release/async.js:17:14)
408 verbose stack     at processImmediate (internal/timers.js:456:21)
409 verbose cwd /home/theia/.cache/typescript/3.6
410 verbose Linux 5.10.102.1-microsoft-standard-WSL2
411 verbose argv "/usr/local/bin/node" "/usr/local/bin/npm" "install" "--ignore-scripts" "@types/memory-fs@ts3.6" "@types/memorystream@ts3.6" "@types/merge-descriptors@ts3.6" "@types/merge-stream@ts3.6" "@types/merge2@ts3.6" "@types/methods@ts3.6" "@types/micromatch@ts3.6" "@types/mime@ts3.6" "@types/mime-db@ts3.6" "@types/mime-types@ts3.6" "@types/min-indent@ts3.6" "@types/minimalistic-assert@ts3.6" "@types/minimatch@ts3.6" "@types/minimist@ts3.6" "@types/minipass@ts3.6" "@types/minizlib@ts3.6" "@types/mkdirp@ts3.6" "@types/move-concurrently@ts3.6" "@types/ms@ts3.6" "@types/multicast-dns@ts3.6" "@types/natural-compare@ts3.6" "@types/negotiator@ts3.6" "@types/next-tick@ts3.6" "@types/nice-try@ts3.6" "@types/node-forge@ts3.6" "@types/node-int64@ts3.6" "@types/node-notifier@ts3.6" "@types/normalize-package-data@ts3.6" "@types/normalize-path@ts3.6" "@types/num2fraction@ts3.6" "@types/nwsapi@ts3.6" "@types/object-assign@ts3.6" "@types/object-inspect@ts3.6" "@types/object-keys@ts3.6" "@types/object.fromentries@ts3.6" "@types/object.getownpropertydescriptors@ts3.6" "@types/object.pick@ts3.6" "@types/on-finished@ts3.6" "@types/on-headers@ts3.6" "@types/once@ts3.6" "@types/optimize-css-assets-webpack-plugin@ts3.6" "@types/pako@ts3.6" "@types/parallel-transform@ts3.6" "@types/parse-json@ts3.6" "@types/parse5@ts3.6" "@types/parseurl@ts3.6" "@types/pascalcase@ts3.6" "@types/path-browserify@ts3.6" "@types/path-is-absolute@ts3.6" "@types/path-is-inside@ts3.6" "@types/path-parse@ts3.6" "@types/pbkdf2@ts3.6" "@types/picomatch@ts3.6" "@types/pify@ts3.6" "@types/postcss-flexbugs-fixes@ts3.6" "@types/postcss-gap-properties@ts3.6" "@types/postcss-modules-extract-imports@ts3.6" "@types/postcss-modules-local-by-default@ts3.6" "@types/postcss-modules-scope@ts3.6" "@types/postcss-modules-values@ts3.6" "@types/postcss-normalize@ts3.6" "@types/postcss-preset-env@ts3.6" "@types/postcss-safe-parser@ts3.6" "@types/prelude-ls@ts3.6" "@types/prettier-linter-helpers@ts3.6" "@types/progress@ts3.6" "@types/promise-inflight@ts3.6" "@types/prompts@ts3.6" "@types/prop-types@ts3.6" "@types/proxy-addr@ts3.6" "@types/psl@ts3.6" "@types/pump@ts3.6" "@types/pumpify@ts3.6" "@types/punycode@ts3.6" "@types/q@ts3.6" "@types/qs@ts3.6" "@types/querystringify@ts3.6" "@types/raf@ts3.6" "@types/randombytes@ts3.6" "@types/range-parser@ts3.6" "@types/react-dev-utils@ts3.6" "@types/react-is@ts3.6" "@types/readable-stream@ts3.6" "@types/recursive-readdir@ts3.6" "@types/regenerate@ts3.6" "@types/regenerator-runtime@ts3.6" "@types/regex-not@ts3.6" "@types/relateurl@ts3.6" "@types/repeat-element@ts3.6" "@types/repeat-string@ts3.6" "@types/require-directory@ts3.6" "@types/require-from-string@ts3.6" "@types/requires-port@ts3.6" "@types/resolve@ts3.6" "@types/retry@ts3.6" "@types/rimraf@ts3.6" "@types/ripemd160@ts3.6" "@types/rsvp@ts3.6" "@types/run-parallel@ts3.6" "@types/safe-regex@ts3.6" "@types/safer-buffer@ts3.6" "@types/sane@ts3.6" "@types/sass-loader@ts3.6" "@types/sax@ts3.6" "@types/scheduler@ts3.6" "@types/selfsigned@ts3.6" "@types/semver@ts3.6" "@types/semver-compare@ts3.6" "@types/send@ts3.6" "@types/serialize-javascript@ts3.6" "@types/serve-index@ts3.6" "@types/serve-static@ts3.6" "@types/set-value@ts3.6" "@types/setimmediate@ts3.6" "@types/sha.js@ts3.6" "@types/shebang-command@ts3.6" "@types/shell-quote@ts3.6" "@types/signal-exit@ts3.6" "@types/simple-swizzle@ts3.6" "@types/slice-ansi@ts3.6" "@types/sockjs@ts3.6" "@types/sockjs-client@ts3.6" "@types/source-list-map@ts3.6" "@types/source-map-support@ts3.6" "@types/spdx-correct@ts3.6" "@types/spdx-expression-parse@ts3.6" "@types/spdy@ts3.6" "@types/sprintf@ts3.6" "@types/sprintf-js@ts3.6" "@types/ssri@ts3.6" "@types/stack-utils@ts3.6" "@types/statuses@ts3.6" "@types/stream-each@ts3.6" "@types/stream-shift@ts3.6" "@types/strict-uri-encode@ts3.6" "@types/string-natural-compare@ts3.6" "@types/string.prototype.matchall@ts3.6" "@types/stringify-object@ts3.6" "@types/strip-comments@ts3.6" "@types/strip-final-newline@ts3.6" "@types/supports-color@ts3.6" "@types/svg-parser@ts3.6" "@types/svgo@ts3.6" "@types/symbol-tree@ts3.6" "@types/tapable@ts3.6" "@types/tar@ts3.6" "@types/text-table@ts3.6" "@types/through@ts3.6" "@types/through2@ts3.6" "@types/thunky@ts3.6" "@types/timsort@ts3.6" "@types/tmpl@ts3.6" "@types/to-regex@ts3.6" "@types/to-regex-range@ts3.6" "@types/tough-cookie@ts3.6" "@types/tryer@ts3.6" "@types/type-check@ts3.6" "@types/type-detect@ts3.6" "@types/type-is@ts3.6" "@types/typedarray-to-buffer@ts3.6" "@types/uniq@ts3.6" "@types/universalify@ts3.6" "@types/urix@ts3.6" "@types/url-parse@ts3.6" "@types/util-deprecate@ts3.6" "@types/util.promisify@ts3.6" "@types/utils-merge@ts3.6" "@types/uuid@ts3.6" "@types/validate-npm-package-license@ts3.6" "@types/vary@ts3.6" "@types/w3c-hr-time@ts3.6" "@types/w3c-xmlserializer@ts3.6" "@types/watchpack@ts3.6" "@types/webidl-conversions@ts3.6" "@types/webpack@ts3.6" "@types/webpack-manifest-plugin@ts3.6" "@types/webpack-sources@ts3.6" "@types/whatwg-encoding@ts3.6" "@types/whatwg-mimetype@ts3.6" "@types/whatwg-url@ts3.6" "@types/which@ts3.6" "@types/which-pm-runs@ts3.6" "@types/workbox-build@ts3.6" "@types/workbox-sw@ts3.6" "@types/workbox-webpack-plugin@ts3.6" "@types/wrap-ansi@ts3.6" "@types/write-file-atomic@ts3.6" "@types/ws@ts3.6" "@types/xml-name-validator@ts3.6" "@types/xtend@ts3.6" "@types/yallist@ts3.6" "@types/yargs@ts3.6" "@types/yargs-parser@ts3.6" "--save-dev" "--user-agent=typesInstaller/3.6.3"
412 verbose node v12.18.3
413 verbose npm  v6.14.6
414 error code ETARGET
415 error notarget No matching version found for @types/path-browserify@ts3.6.
416 error notarget In most cases you or one of your dependencies are requesting
416 error notarget a package version that doesn't exist.
417 verbose exit [ 1, true ]
