0 info it worked if it ends with ok
1 verbose cli [
1 verbose cli   '/usr/local/bin/node',
1 verbose cli   '/usr/local/bin/npm',
1 verbose cli   'install',
1 verbose cli   '--ignore-scripts',
1 verbose cli   '@types/accepts@ts3.6',
1 verbose cli   '@types/acorn@ts3.6',
1 verbose cli   '@types/argparse@ts3.6',
1 verbose cli   '@types/aria-query@ts3.6',
1 verbose cli   '@types/arr-diff@ts3.6',
1 verbose cli   '@types/arr-union@ts3.6',
1 verbose cli   '@types/array-unique@ts3.6',
1 verbose cli   '@types/array.prototype.flat@ts3.6',
1 verbose cli   '@types/array.prototype.flatmap@ts3.6',
1 verbose cli   '@types/asap@ts3.6',
1 verbose cli   '@types/assert@ts3.6',
1 verbose cli   '@types/async@ts3.6',
1 verbose cli   '@types/atob@ts3.6',
1 verbose cli   '@types/babel-plugin-macros@ts3.6',
1 verbose cli   '@types/babylon@ts3.6',
1 verbose cli   '@types/balanced-match@ts3.6',
1 verbose cli   '@types/big.js@ts3.6',
1 verbose cli   '@types/bluebird@ts3.6',
1 verbose cli   '@types/bn.js@ts3.6',
1 verbose cli   '@types/body-parser@ts3.6',
1 verbose cli   '@types/bonjour@ts3.6',
1 verbose cli   '@types/boolbase@ts3.6',
1 verbose cli   '@types/brace-expansion@ts3.6',
1 verbose cli   '@types/braces@ts3.6',
1 verbose cli   '@types/brorand@ts3.6',
1 verbose cli   '@types/bser@ts3.6',
1 verbose cli   '@types/buffer-from@ts3.6',
1 verbose cli   '@types/buffer-xor@ts3.6',
1 verbose cli   '@types/bytes@ts3.6',
1 verbose cli   '@types/cacache@ts3.6',
1 verbose cli   '@types/call-bind@ts3.6',
1 verbose cli   '@types/caniuse-api@ts3.6',
1 verbose cli   '@types/caniuse-lite@ts3.6',
1 verbose cli   '@types/case-sensitive-paths-webpack-plugin@ts3.6',
1 verbose cli   '@types/check-types@ts3.6',
1 verbose cli   '@types/chownr@ts3.6',
1 verbose cli   '@types/cipher-base@ts3.6',
1 verbose cli   '@types/clean-css@ts3.6',
1 verbose cli   '@types/co@ts3.6',
1 verbose cli   '@types/color@ts3.6',
1 verbose cli   '@types/color-convert@ts3.6',
1 verbose cli   '@types/color-name@ts3.6',
1 verbose cli   '@types/color-string@ts3.6',
1 verbose cli   '@types/combined-stream@ts3.6',
1 verbose cli   '@types/common-tags@ts3.6',
1 verbose cli   '@types/commondir@ts3.6',
1 verbose cli   '@types/component-emitter@ts3.6',
1 verbose cli   '@types/compose-function@ts3.6',
1 verbose cli   '@types/compressible@ts3.6',
1 verbose cli   '@types/compression@ts3.6',
1 verbose cli   '@types/concat-map@ts3.6',
1 verbose cli   '@types/concat-stream@ts3.6',
1 verbose cli   '@types/confusing-browser-globals@ts3.6',
1 verbose cli   '@types/connect-history-api-fallback@ts3.6',
1 verbose cli   '@types/content-disposition@ts3.6',
1 verbose cli   '@types/content-type@ts3.6',
1 verbose cli   '@types/convert-source-map@ts3.6',
1 verbose cli   '@types/cookie@ts3.6',
1 verbose cli   '@types/cookie-signature@ts3.6',
1 verbose cli   '@types/core-js@ts3.6',
1 verbose cli   '@types/create-hash@ts3.6',
1 verbose cli   '@types/create-hmac@ts3.6',
1 verbose cli   '@types/cross-spawn@ts3.6',
1 verbose cli   '@types/css@ts3.6',
1 verbose cli   '@types/css-declaration-sorter@ts3.6',
1 verbose cli   '@types/css-tree@ts3.6',
1 verbose cli   '@types/cssesc@ts3.6',
1 verbose cli   '@types/csso@ts3.6',
1 verbose cli   '@types/cssom@ts3.6',
1 verbose cli   '@types/cssstyle@ts3.6',
1 verbose cli   '@types/d@ts3.6',
1 verbose cli   '@types/damerau-levenshtein@ts3.6',
1 verbose cli   '@types/data-urls@ts3.6',
1 verbose cli   '@types/debug@ts3.6',
1 verbose cli   '@types/decode-uri-component@ts3.6',
1 verbose cli   '@types/dedent@ts3.6',
1 verbose cli   '@types/deep-equal@ts3.6',
1 verbose cli   '@types/default-gateway@ts3.6',
1 verbose cli   '@types/define-properties@ts3.6',
1 verbose cli   '@types/depd@ts3.6',
1 verbose cli   '@types/destroy@ts3.6',
1 verbose cli   '@types/detect-node@ts3.6',
1 verbose cli   '@types/diffie-hellman@ts3.6',
1 verbose cli   '@types/dir-glob@ts3.6',
1 verbose cli   '@types/dns-packet@ts3.6',
1 verbose cli   '@types/doctrine@ts3.6',
1 verbose cli   '@types/domexception@ts3.6',
1 verbose cli   '@types/domutils@ts3.6',
1 verbose cli   '@types/duplexify@ts3.6',
1 verbose cli   '@types/ee-first@ts3.6',
1 verbose cli   '@types/ejs@ts3.6',
1 verbose cli   '@types/elliptic@ts3.6',
1 verbose cli   '@types/encodeurl@ts3.6',
1 verbose cli   '@types/end-of-stream@ts3.6',
1 verbose cli   '@types/enhanced-resolve@ts3.6',
1 verbose cli   '@types/es-abstract@ts3.6',
1 verbose cli   ... 99 more items
1 verbose cli ]
2 info using npm@6.14.6
3 info using node@v12.18.3
4 verbose npm-session 7d06ad23a8f32c5f
5 silly install loadCurrentTree
6 silly install readLocalPackageData
7 http fetch GET 304 https://registry.npmjs.org/@types%2farray.prototype.flat 306ms (from cache)
8 silly pacote tag manifest for @types/array.prototype.flat@ts3.6 fetched in 313ms
9 http fetch GET 304 https://registry.npmjs.org/@types%2facorn 385ms (from cache)
10 silly pacote tag manifest for @types/acorn@ts3.6 fetched in 389ms
11 http fetch GET 304 https://registry.npmjs.org/@types%2fasync 123ms (from cache)
12 silly pacote tag manifest for @types/async@ts3.6 fetched in 130ms
13 http fetch GET 304 https://registry.npmjs.org/@types%2faria-query 529ms (from cache)
14 silly pacote tag manifest for @types/aria-query@ts3.6 fetched in 532ms
15 http fetch GET 304 https://registry.npmjs.org/@types%2fasap 571ms (from cache)
16 silly pacote tag manifest for @types/asap@ts3.6 fetched in 574ms
17 http fetch GET 304 https://registry.npmjs.org/@types%2faccepts 625ms (from cache)
18 silly pacote tag manifest for @types/accepts@ts3.6 fetched in 634ms
19 http fetch GET 304 https://registry.npmjs.org/@types%2fatob 105ms (from cache)
20 silly pacote tag manifest for @types/atob@ts3.6 fetched in 108ms
21 http fetch GET 304 https://registry.npmjs.org/@types%2fbabylon 147ms (from cache)
22 silly pacote tag manifest for @types/babylon@ts3.6 fetched in 152ms
23 http fetch GET 304 https://registry.npmjs.org/@types%2fbalanced-match 134ms (from cache)
24 silly pacote tag manifest for @types/balanced-match@ts3.6 fetched in 139ms
25 http fetch GET 304 https://registry.npmjs.org/@types%2fbig.js 168ms (from cache)
26 silly pacote tag manifest for @types/big.js@ts3.6 fetched in 171ms
27 http fetch GET 304 https://registry.npmjs.org/@types%2farr-union 799ms (from cache)
28 silly pacote tag manifest for @types/arr-union@ts3.6 fetched in 802ms
29 http fetch GET 304 https://registry.npmjs.org/@types%2farray-unique 801ms (from cache)
30 http fetch GET 304 https://registry.npmjs.org/@types%2farr-diff 810ms (from cache)
31 silly pacote tag manifest for @types/array-unique@ts3.6 fetched in 807ms
32 silly pacote tag manifest for @types/arr-diff@ts3.6 fetched in 813ms
33 http fetch GET 304 https://registry.npmjs.org/@types%2fbluebird 97ms (from cache)
34 silly pacote tag manifest for @types/bluebird@ts3.6 fetched in 100ms
35 http fetch GET 304 https://registry.npmjs.org/@types%2fbn.js 114ms (from cache)
36 silly pacote tag manifest for @types/bn.js@ts3.6 fetched in 117ms
37 http fetch GET 304 https://registry.npmjs.org/@types%2fbonjour 81ms (from cache)
38 silly pacote tag manifest for @types/bonjour@ts3.6 fetched in 85ms
39 http fetch GET 304 https://registry.npmjs.org/@types%2fassert 586ms (from cache)
40 http fetch GET 304 https://registry.npmjs.org/@types%2fbrace-expansion 91ms (from cache)
41 silly pacote tag manifest for @types/assert@ts3.6 fetched in 588ms
42 silly pacote tag manifest for @types/brace-expansion@ts3.6 fetched in 95ms
43 http fetch GET 304 https://registry.npmjs.org/@types%2fbody-parser 116ms (from cache)
44 silly pacote tag manifest for @types/body-parser@ts3.6 fetched in 119ms
45 http fetch GET 304 https://registry.npmjs.org/@types%2fbuffer-from 67ms (from cache)
46 http fetch GET 304 https://registry.npmjs.org/@types%2fbrorand 98ms (from cache)
47 silly pacote tag manifest for @types/buffer-from@ts3.6 fetched in 70ms
48 silly pacote tag manifest for @types/brorand@ts3.6 fetched in 100ms
49 http fetch GET 304 https://registry.npmjs.org/@types%2fbytes 107ms (from cache)
50 silly pacote tag manifest for @types/bytes@ts3.6 fetched in 108ms
51 http fetch GET 304 https://registry.npmjs.org/@types%2fcall-bind 86ms (from cache)
52 silly registry:manifest no matching version for @types/call-bind@ts3.6 in the cache. Forcing revalidation.
53 http fetch GET 304 https://registry.npmjs.org/@types%2fcaniuse-api 113ms (from cache)
54 silly pacote tag manifest for @types/caniuse-api@ts3.6 fetched in 131ms
55 http fetch GET 200 https://registry.npmjs.org/@types%2fcall-bind 104ms
56 silly fetchPackageMetaData error for @types/call-bind@ts3.6 No matching version found for @types/call-bind@ts3.6.
57 http fetch GET 304 https://registry.npmjs.org/@types%2fbser 337ms (from cache)
58 silly pacote tag manifest for @types/bser@ts3.6 fetched in 340ms
59 http fetch GET 304 https://registry.npmjs.org/@types%2fcaniuse-lite 97ms (from cache)
60 silly pacote tag manifest for @types/caniuse-lite@ts3.6 fetched in 100ms
61 http fetch GET 304 https://registry.npmjs.org/@types%2fcase-sensitive-paths-webpack-plugin 88ms (from cache)
62 silly pacote tag manifest for @types/case-sensitive-paths-webpack-plugin@ts3.6 fetched in 89ms
63 http fetch GET 304 https://registry.npmjs.org/@types%2fchownr 102ms (from cache)
64 silly pacote tag manifest for @types/chownr@ts3.6 fetched in 107ms
65 http fetch GET 304 https://registry.npmjs.org/@types%2fcipher-base 100ms (from cache)
66 silly pacote tag manifest for @types/cipher-base@ts3.6 fetched in 104ms
67 http fetch GET 304 https://registry.npmjs.org/@types%2fco 87ms (from cache)
68 silly pacote tag manifest for @types/co@ts3.6 fetched in 90ms
69 http fetch GET 304 https://registry.npmjs.org/@types%2fclean-css 137ms (from cache)
70 silly pacote tag manifest for @types/clean-css@ts3.6 fetched in 141ms
71 http fetch GET 304 https://registry.npmjs.org/@types%2fcolor 93ms (from cache)
72 silly pacote tag manifest for @types/color@ts3.6 fetched in 96ms
73 http fetch GET 304 https://registry.npmjs.org/@types%2fcolor-convert 107ms (from cache)
74 silly pacote tag manifest for @types/color-convert@ts3.6 fetched in 110ms
75 http fetch GET 304 https://registry.npmjs.org/@types%2fcolor-name 92ms (from cache)
76 silly pacote tag manifest for @types/color-name@ts3.6 fetched in 94ms
77 http fetch GET 304 https://registry.npmjs.org/@types%2fcolor-string 88ms (from cache)
78 silly pacote tag manifest for @types/color-string@ts3.6 fetched in 90ms
79 http fetch GET 304 https://registry.npmjs.org/@types%2fcombined-stream 90ms (from cache)
80 http fetch GET 304 https://registry.npmjs.org/@types%2fbabel-plugin-macros 1217ms (from cache)
81 silly pacote tag manifest for @types/combined-stream@ts3.6 fetched in 93ms
82 silly pacote tag manifest for @types/babel-plugin-macros@ts3.6 fetched in 1220ms
83 http fetch GET 304 https://registry.npmjs.org/@types%2fcommon-tags 102ms (from cache)
84 silly pacote tag manifest for @types/common-tags@ts3.6 fetched in 104ms
85 http fetch GET 304 https://registry.npmjs.org/@types%2fcommondir 95ms (from cache)
86 silly pacote tag manifest for @types/commondir@ts3.6 fetched in 96ms
87 http fetch GET 304 https://registry.npmjs.org/@types%2fcomponent-emitter 144ms (from cache)
88 silly pacote tag manifest for @types/component-emitter@ts3.6 fetched in 149ms
89 http fetch GET 304 https://registry.npmjs.org/@types%2fcompose-function 140ms (from cache)
90 silly pacote tag manifest for @types/compose-function@ts3.6 fetched in 144ms
91 http fetch GET 304 https://registry.npmjs.org/@types%2fcompressible 115ms (from cache)
92 silly pacote tag manifest for @types/compressible@ts3.6 fetched in 118ms
93 http fetch GET 304 https://registry.npmjs.org/@types%2fcompression 180ms (from cache)
94 http fetch GET 304 https://registry.npmjs.org/@types%2fconcat-stream 117ms (from cache)
95 http fetch GET 304 https://registry.npmjs.org/@types%2fconcat-map 131ms (from cache)
96 silly pacote tag manifest for @types/compression@ts3.6 fetched in 185ms
97 silly pacote tag manifest for @types/concat-stream@ts3.6 fetched in 124ms
98 silly pacote tag manifest for @types/concat-map@ts3.6 fetched in 139ms
99 http fetch GET 304 https://registry.npmjs.org/@types%2fboolbase 1318ms (from cache)
100 silly pacote tag manifest for @types/boolbase@ts3.6 fetched in 1324ms
101 http fetch GET 304 https://registry.npmjs.org/@types%2fbraces 1312ms (from cache)
102 silly pacote tag manifest for @types/braces@ts3.6 fetched in 1314ms
103 http fetch GET 304 https://registry.npmjs.org/@types%2fbuffer-xor 1267ms (from cache)
104 silly pacote tag manifest for @types/buffer-xor@ts3.6 fetched in 1269ms
105 http fetch GET 304 https://registry.npmjs.org/@types%2fcontent-disposition 97ms (from cache)
106 silly pacote tag manifest for @types/content-disposition@ts3.6 fetched in 100ms
107 http fetch GET 304 https://registry.npmjs.org/@types%2fconnect-history-api-fallback 140ms (from cache)
108 silly pacote tag manifest for @types/connect-history-api-fallback@ts3.6 fetched in 143ms
109 http fetch GET 304 https://registry.npmjs.org/@types%2fcookie 93ms (from cache)
110 silly pacote tag manifest for @types/cookie@ts3.6 fetched in 95ms
111 http fetch GET 304 https://registry.npmjs.org/@types%2fcore-js 86ms (from cache)
112 silly pacote tag manifest for @types/core-js@ts3.6 fetched in 88ms
113 http fetch GET 304 https://registry.npmjs.org/@types%2fcacache 1430ms (from cache)
114 silly pacote tag manifest for @types/cacache@ts3.6 fetched in 1431ms
115 http fetch GET 304 https://registry.npmjs.org/@types%2fcreate-hmac 85ms (from cache)
116 silly pacote tag manifest for @types/create-hmac@ts3.6 fetched in 86ms
117 http fetch GET 304 https://registry.npmjs.org/@types%2fcss 106ms (from cache)
118 http fetch GET 304 https://registry.npmjs.org/@types%2fcheck-types 1292ms (from cache)
119 silly pacote tag manifest for @types/css@ts3.6 fetched in 111ms
120 silly pacote tag manifest for @types/check-types@ts3.6 fetched in 1298ms
121 http fetch GET 304 https://registry.npmjs.org/@types%2fargparse 2568ms (from cache)
122 silly pacote tag manifest for @types/argparse@ts3.6 fetched in 2572ms
123 http fetch GET 304 https://registry.npmjs.org/@types%2fcontent-type 606ms (from cache)
124 silly pacote tag manifest for @types/content-type@ts3.6 fetched in 613ms
125 http fetch GET 304 https://registry.npmjs.org/@types%2fconvert-source-map 615ms (from cache)
126 silly pacote tag manifest for @types/convert-source-map@ts3.6 fetched in 616ms
127 http fetch GET 304 https://registry.npmjs.org/@types%2fcreate-hash 672ms (from cache)
128 silly pacote tag manifest for @types/create-hash@ts3.6 fetched in 678ms
129 http fetch GET 304 https://registry.npmjs.org/@types%2fcross-spawn 599ms (from cache)
130 silly pacote tag manifest for @types/cross-spawn@ts3.6 fetched in 605ms
131 http fetch GET 304 https://registry.npmjs.org/@types%2fcssstyle 120ms (from cache)
132 silly pacote tag manifest for @types/cssstyle@ts3.6 fetched in 129ms
133 http fetch GET 304 https://registry.npmjs.org/@types%2fcss-tree 612ms (from cache)
134 http fetch GET 304 https://registry.npmjs.org/@types%2fd 131ms (from cache)
135 silly pacote tag manifest for @types/css-tree@ts3.6 fetched in 620ms
136 silly pacote tag manifest for @types/d@ts3.6 fetched in 141ms
137 http fetch GET 304 https://registry.npmjs.org/@types%2fconfusing-browser-globals 1201ms (from cache)
138 silly pacote tag manifest for @types/confusing-browser-globals@ts3.6 fetched in 1205ms
139 http fetch GET 304 https://registry.npmjs.org/@types%2fcsso 590ms (from cache)
140 silly pacote tag manifest for @types/csso@ts3.6 fetched in 595ms
141 http fetch GET 304 https://registry.npmjs.org/@types%2fcssom 636ms (from cache)
142 silly pacote tag manifest for @types/cssom@ts3.6 fetched in 638ms
143 http fetch GET 304 https://registry.npmjs.org/@types%2fdecode-uri-component 130ms (from cache)
144 silly pacote tag manifest for @types/decode-uri-component@ts3.6 fetched in 134ms
145 http fetch GET 304 https://registry.npmjs.org/@types%2fdedent 89ms (from cache)
146 silly pacote tag manifest for @types/dedent@ts3.6 fetched in 93ms
147 http fetch GET 304 https://registry.npmjs.org/@types%2fdeep-equal 108ms (from cache)
148 silly pacote tag manifest for @types/deep-equal@ts3.6 fetched in 110ms
149 http fetch GET 304 https://registry.npmjs.org/@types%2fdefine-properties 110ms (from cache)
150 silly pacote tag manifest for @types/define-properties@ts3.6 fetched in 113ms
151 http fetch GET 304 https://registry.npmjs.org/@types%2fdefault-gateway 154ms (from cache)
152 silly pacote tag manifest for @types/default-gateway@ts3.6 fetched in 156ms
153 http fetch GET 304 https://registry.npmjs.org/@types%2fdepd 104ms (from cache)
154 silly pacote tag manifest for @types/depd@ts3.6 fetched in 105ms
155 http fetch GET 304 https://registry.npmjs.org/@types%2fdestroy 86ms (from cache)
156 silly pacote tag manifest for @types/destroy@ts3.6 fetched in 88ms
157 http fetch GET 304 https://registry.npmjs.org/@types%2fdamerau-levenshtein 567ms (from cache)
158 silly pacote tag manifest for @types/damerau-levenshtein@ts3.6 fetched in 569ms
159 http fetch GET 304 https://registry.npmjs.org/@types%2fcookie-signature 1510ms (from cache)
160 silly pacote tag manifest for @types/cookie-signature@ts3.6 fetched in 1516ms
161 http fetch GET 304 https://registry.npmjs.org/@types%2fdetect-node 142ms (from cache)
162 silly pacote tag manifest for @types/detect-node@ts3.6 fetched in 145ms
163 http fetch GET 304 https://registry.npmjs.org/@types%2fdata-urls 610ms (from cache)
164 silly pacote tag manifest for @types/data-urls@ts3.6 fetched in 613ms
165 http fetch GET 304 https://registry.npmjs.org/@types%2fdebug 614ms (from cache)
166 silly pacote tag manifest for @types/debug@ts3.6 fetched in 616ms
167 http fetch GET 304 https://registry.npmjs.org/@types%2fcssesc 1233ms (from cache)
168 silly pacote tag manifest for @types/cssesc@ts3.6 fetched in 1240ms
169 http fetch GET 304 https://registry.npmjs.org/@types%2fdoctrine 122ms (from cache)
170 silly pacote tag manifest for @types/doctrine@ts3.6 fetched in 123ms
171 http fetch GET 304 https://registry.npmjs.org/@types%2fdomutils 89ms (from cache)
172 silly pacote tag manifest for @types/domutils@ts3.6 fetched in 93ms
173 http fetch GET 304 https://registry.npmjs.org/@types%2fee-first 133ms (from cache)
174 http fetch GET 304 https://registry.npmjs.org/@types%2fejs 124ms (from cache)
175 silly pacote tag manifest for @types/ee-first@ts3.6 fetched in 152ms
176 silly pacote tag manifest for @types/ejs@ts3.6 fetched in 132ms
177 http fetch GET 304 https://registry.npmjs.org/@types%2fend-of-stream 106ms (from cache)
178 silly pacote tag manifest for @types/end-of-stream@ts3.6 fetched in 108ms
179 http fetch GET 304 https://registry.npmjs.org/@types%2fenhanced-resolve 84ms (from cache)
180 silly pacote tag manifest for @types/enhanced-resolve@ts3.6 fetched in 86ms
181 http fetch GET 304 https://registry.npmjs.org/@types%2fdir-glob 589ms (from cache)
182 silly pacote tag manifest for @types/dir-glob@ts3.6 fetched in 591ms
183 http fetch GET 304 https://registry.npmjs.org/@types%2fes-abstract 91ms (from cache)
184 silly pacote tag manifest for @types/es-abstract@ts3.6 fetched in 93ms
185 http fetch GET 304 https://registry.npmjs.org/@types%2fes-to-primitive 65ms (from cache)
186 silly pacote tag manifest for @types/es-to-primitive@ts3.6 fetched in 66ms
187 http fetch GET 304 https://registry.npmjs.org/@types%2fduplexify 595ms (from cache)
188 silly pacote tag manifest for @types/duplexify@ts3.6 fetched in 597ms
189 http fetch GET 304 https://registry.npmjs.org/@types%2felliptic 571ms (from cache)
190 silly pacote tag manifest for @types/elliptic@ts3.6 fetched in 574ms
191 http fetch GET 304 https://registry.npmjs.org/@types%2feslint 80ms (from cache)
192 silly pacote tag manifest for @types/eslint@ts3.6 fetched in 82ms
193 http fetch GET 304 https://registry.npmjs.org/@types%2feslint-scope 70ms (from cache)
194 silly pacote tag manifest for @types/eslint-scope@ts3.6 fetched in 71ms
195 http fetch GET 304 https://registry.npmjs.org/@types%2feslint-visitor-keys 84ms (from cache)
196 silly pacote tag manifest for @types/eslint-visitor-keys@ts3.6 fetched in 87ms
197 http fetch GET 304 https://registry.npmjs.org/@types%2fesprima 95ms (from cache)
198 silly pacote tag manifest for @types/esprima@ts3.6 fetched in 100ms
199 http fetch GET 304 https://registry.npmjs.org/@types%2fcss-declaration-sorter 2278ms (from cache)
200 silly pacote tag manifest for @types/css-declaration-sorter@ts3.6 fetched in 2281ms
201 http fetch GET 304 https://registry.npmjs.org/@types%2festraverse 110ms (from cache)
202 http fetch GET 304 https://registry.npmjs.org/@types%2fdiffie-hellman 1307ms (from cache)
203 silly pacote tag manifest for @types/estraverse@ts3.6 fetched in 120ms
204 silly pacote tag manifest for @types/diffie-hellman@ts3.6 fetched in 1322ms
205 http fetch GET 304 https://registry.npmjs.org/@types%2fescape-html 713ms (from cache)
206 http fetch GET 304 https://registry.npmjs.org/@types%2fdns-packet 1327ms (from cache)
207 silly pacote tag manifest for @types/escape-html@ts3.6 fetched in 725ms
208 silly pacote tag manifest for @types/dns-packet@ts3.6 fetched in 1341ms
209 http fetch GET 304 https://registry.npmjs.org/@types%2fesutils 100ms (from cache)
210 silly pacote tag manifest for @types/esutils@ts3.6 fetched in 102ms
211 http fetch GET 304 https://registry.npmjs.org/@types%2fetag 103ms (from cache)
212 silly pacote tag manifest for @types/etag@ts3.6 fetched in 108ms
213 http fetch GET 304 https://registry.npmjs.org/@types%2feslint-utils 633ms (from cache)
214 silly pacote tag manifest for @types/eslint-utils@ts3.6 fetched in 636ms
215 http fetch GET 304 https://registry.npmjs.org/@types%2fevents 132ms (from cache)
216 silly pacote tag manifest for @types/events@ts3.6 fetched in 139ms
217 http fetch GET 304 https://registry.npmjs.org/@types%2fexit 140ms (from cache)
218 silly pacote tag manifest for @types/exit@ts3.6 fetched in 149ms
219 http fetch GET 304 https://registry.npmjs.org/@types%2fexpress 136ms (from cache)
220 silly pacote tag manifest for @types/express@ts3.6 fetched in 148ms
221 http fetch GET 304 https://registry.npmjs.org/@types%2ffast-levenshtein 131ms (from cache)
222 silly pacote tag manifest for @types/fast-levenshtein@ts3.6 fetched in 135ms
223 http fetch GET 304 https://registry.npmjs.org/@types%2ffb-watchman 135ms (from cache)
224 silly pacote tag manifest for @types/fb-watchman@ts3.6 fetched in 139ms
225 http fetch GET 304 https://registry.npmjs.org/@types%2fesquery 623ms (from cache)
226 silly pacote tag manifest for @types/esquery@ts3.6 fetched in 633ms
227 http fetch GET 304 https://registry.npmjs.org/@types%2ffill-range 123ms (from cache)
228 silly registry:manifest no matching version for @types/fill-range@ts3.6 in the cache. Forcing revalidation.
229 http fetch GET 304 https://registry.npmjs.org/@types%2ffinalhandler 102ms (from cache)
230 silly pacote tag manifest for @types/finalhandler@ts3.6 fetched in 108ms
231 http fetch GET 304 https://registry.npmjs.org/@types%2fencodeurl 1499ms (from cache)
232 silly pacote tag manifest for @types/encodeurl@ts3.6 fetched in 1504ms
233 http fetch GET 304 https://registry.npmjs.org/@types%2fflat-cache 137ms (from cache)
234 silly pacote tag manifest for @types/flat-cache@ts3.6 fetched in 144ms
235 http fetch GET 304 https://registry.npmjs.org/@types%2fdomexception 1800ms (from cache)
236 silly pacote tag manifest for @types/domexception@ts3.6 fetched in 1818ms
237 http fetch GET 304 https://registry.npmjs.org/@types%2fflush-write-stream 138ms (from cache)
238 http fetch GET 304 https://registry.npmjs.org/@types%2ffile-entry-cache 428ms (from cache)
239 silly pacote tag manifest for @types/flush-write-stream@ts3.6 fetched in 151ms
240 silly pacote tag manifest for @types/file-entry-cache@ts3.6 fetched in 437ms
241 http fetch GET 304 https://registry.npmjs.org/@types%2fescodegen 1335ms (from cache)
242 http fetch GET 304 https://registry.npmjs.org/@types%2feventsource 641ms (from cache)
243 silly pacote tag manifest for @types/escodegen@ts3.6 fetched in 1351ms
244 silly pacote tag manifest for @types/eventsource@ts3.6 fetched in 659ms
245 http fetch GET 304 https://registry.npmjs.org/@types%2ffollow-redirects 154ms (from cache)
246 silly pacote tag manifest for @types/follow-redirects@ts3.6 fetched in 159ms
247 http fetch GET 304 https://registry.npmjs.org/@types%2ffresh 136ms (from cache)
248 silly pacote tag manifest for @types/fresh@ts3.6 fetched in 139ms
249 http fetch GET 304 https://registry.npmjs.org/@types%2ffs-extra 112ms (from cache)
250 silly pacote tag manifest for @types/fs-extra@ts3.6 fetched in 117ms
251 http fetch GET 304 https://registry.npmjs.org/@types%2ffunction-bind 119ms (from cache)
252 silly pacote tag manifest for @types/function-bind@ts3.6 fetched in 132ms
253 http fetch GET 304 https://registry.npmjs.org/@types%2ffunctional-red-black-tree 114ms (from cache)
254 silly pacote tag manifest for @types/functional-red-black-tree@ts3.6 fetched in 116ms
255 http fetch GET 304 https://registry.npmjs.org/@types%2fgensync 96ms (from cache)
256 silly registry:manifest no matching version for @types/gensync@ts3.6 in the cache. Forcing revalidation.
257 http fetch GET 304 https://registry.npmjs.org/@types%2fget-value 93ms (from cache)
258 silly pacote tag manifest for @types/get-value@ts3.6 fetched in 98ms
259 http fetch GET 304 https://registry.npmjs.org/@types%2fglob 94ms (from cache)
260 silly pacote tag manifest for @types/glob@ts3.6 fetched in 98ms
261 http fetch GET 304 https://registry.npmjs.org/@types%2ffind-cache-dir 592ms (from cache)
262 silly pacote tag manifest for @types/find-cache-dir@ts3.6 fetched in 595ms
263 http fetch GET 200 https://registry.npmjs.org/@types%2ffill-range 583ms
264 silly fetchPackageMetaData error for @types/fill-range@ts3.6 No matching version found for @types/fill-range@ts3.6.
265 http fetch GET 304 https://registry.npmjs.org/@types%2fglobal-prefix 68ms (from cache)
266 silly pacote tag manifest for @types/global-prefix@ts3.6 fetched in 71ms
267 http fetch GET 304 https://registry.npmjs.org/@types%2fglobal-modules 104ms (from cache)
268 silly pacote tag manifest for @types/global-modules@ts3.6 fetched in 105ms
269 http fetch GET 304 https://registry.npmjs.org/@types%2fgraceful-fs 111ms (from cache)
270 silly pacote tag manifest for @types/graceful-fs@ts3.6 fetched in 112ms
271 http fetch GET 304 https://registry.npmjs.org/@types%2fhas 83ms (from cache)
272 silly pacote tag manifest for @types/has@ts3.6 fetched in 85ms
273 http fetch GET 304 https://registry.npmjs.org/@types%2fhas-symbols 89ms (from cache)
274 silly pacote tag manifest for @types/has-symbols@ts3.6 fetched in 90ms
275 http fetch GET 304 https://registry.npmjs.org/@types%2fforwarded 578ms (from cache)
276 silly pacote tag manifest for @types/forwarded@ts3.6 fetched in 580ms
277 http fetch GET 304 https://registry.npmjs.org/@types%2fhe 96ms (from cache)
278 silly pacote tag manifest for @types/he@ts3.6 fetched in 99ms
279 http fetch GET 304 https://registry.npmjs.org/@types%2fhosted-git-info 97ms (from cache)
280 silly pacote tag manifest for @types/hosted-git-info@ts3.6 fetched in 100ms
281 http fetch GET 304 https://registry.npmjs.org/@types%2fhtml-minifier-terser 77ms (from cache)
282 silly pacote tag manifest for @types/html-minifier-terser@ts3.6 fetched in 80ms
283 http fetch GET 304 https://registry.npmjs.org/@types%2ffrom2 662ms (from cache)
284 silly pacote tag manifest for @types/from2@ts3.6 fetched in 664ms
285 http fetch GET 304 https://registry.npmjs.org/@types%2fhttp-errors 94ms (from cache)
286 silly pacote tag manifest for @types/http-errors@ts3.6 fetched in 97ms
287 http fetch GET 304 https://registry.npmjs.org/@types%2fhttp-proxy 94ms (from cache)
288 silly pacote tag manifest for @types/http-proxy@ts3.6 fetched in 96ms
289 http fetch GET 304 https://registry.npmjs.org/@types%2ficss-utils 84ms (from cache)
290 silly pacote tag manifest for @types/icss-utils@ts3.6 fetched in 88ms
291 http fetch GET 304 https://registry.npmjs.org/@types%2fiferr 86ms (from cache)
292 silly pacote tag manifest for @types/iferr@ts3.6 fetched in 89ms
293 http fetch GET 304 https://registry.npmjs.org/@types%2ffile-loader 1296ms (from cache)
294 silly pacote tag manifest for @types/file-loader@ts3.6 fetched in 1297ms
295 http fetch GET 200 https://registry.npmjs.org/@types%2fgensync 675ms
296 silly fetchPackageMetaData error for @types/gensync@ts3.6 No matching version found for @types/gensync@ts3.6.
297 http fetch GET 304 https://registry.npmjs.org/@types%2fimurmurhash 93ms (from cache)
298 silly pacote tag manifest for @types/imurmurhash@ts3.6 fetched in 96ms
299 http fetch GET 304 https://registry.npmjs.org/@types%2finherits 112ms (from cache)
300 silly pacote tag manifest for @types/inherits@ts3.6 fetched in 114ms
301 http fetch GET 304 https://registry.npmjs.org/@types%2fini 86ms (from cache)
302 silly pacote tag manifest for @types/ini@ts3.6 fetched in 88ms
303 http fetch GET 304 https://registry.npmjs.org/@types%2finternal-slot 88ms (from cache)
304 silly pacote tag manifest for @types/internal-slot@ts3.6 fetched in 90ms
305 http fetch GET 304 https://registry.npmjs.org/@types%2fis-arguments 81ms (from cache)
306 silly pacote tag manifest for @types/is-arguments@ts3.6 fetched in 83ms
307 http fetch GET 304 https://registry.npmjs.org/@types%2fip 136ms (from cache)
308 silly pacote tag manifest for @types/ip@ts3.6 fetched in 138ms
309 http fetch GET 304 https://registry.npmjs.org/@types%2fhtml-encoding-sniffer 588ms (from cache)
310 http fetch GET 304 https://registry.npmjs.org/@types%2fis-boolean-object 97ms (from cache)
311 silly registry:manifest no matching version for @types/is-boolean-object@ts3.6 in the cache. Forcing revalidation.
312 silly pacote tag manifest for @types/html-encoding-sniffer@ts3.6 fetched in 592ms
313 http fetch GET 304 https://registry.npmjs.org/@types%2fis-buffer 95ms (from cache)
314 silly pacote tag manifest for @types/is-buffer@ts3.6 fetched in 96ms
315 http fetch GET 304 https://registry.npmjs.org/@types%2fis-callable 89ms (from cache)
316 silly pacote tag manifest for @types/is-callable@ts3.6 fetched in 91ms
317 http fetch GET 304 https://registry.npmjs.org/@types%2fis-ci 83ms (from cache)
318 silly pacote tag manifest for @types/is-ci@ts3.6 fetched in 84ms
319 http fetch GET 304 https://registry.npmjs.org/@types%2fis-core-module 127ms (from cache)
320 http fetch GET 304 https://registry.npmjs.org/@types%2fis-data-descriptor 105ms (from cache)
321 silly registry:manifest no matching version for @types/is-data-descriptor@ts3.6 in the cache. Forcing revalidation.
322 silly pacote tag manifest for @types/is-core-module@ts3.6 fetched in 130ms
323 http fetch GET 304 https://registry.npmjs.org/@types%2fis-date-object 110ms (from cache)
324 silly pacote tag manifest for @types/is-date-object@ts3.6 fetched in 112ms
325 http fetch GET 304 https://registry.npmjs.org/@types%2fis-glob 120ms (from cache)
326 http fetch GET 200 https://registry.npmjs.org/@types%2fis-data-descriptor 127ms
327 silly pacote tag manifest for @types/is-glob@ts3.6 fetched in 129ms
328 silly fetchPackageMetaData error for @types/is-data-descriptor@ts3.6 No matching version found for @types/is-data-descriptor@ts3.6.
329 http fetch GET 304 https://registry.npmjs.org/@types%2fis-number 127ms (from cache)
330 silly pacote tag manifest for @types/is-number@ts3.6 fetched in 131ms
331 http fetch GET 304 https://registry.npmjs.org/@types%2fget-intrinsic 1318ms (from cache)
332 silly registry:manifest no matching version for @types/get-intrinsic@ts3.6 in the cache. Forcing revalidation.
333 http fetch GET 304 https://registry.npmjs.org/@types%2fis-regex 89ms (from cache)
334 silly pacote tag manifest for @types/is-regex@ts3.6 fetched in 91ms
335 http fetch GET 304 https://registry.npmjs.org/@types%2fis-typedarray 104ms (from cache)
336 silly pacote tag manifest for @types/is-typedarray@ts3.6 fetched in 106ms
337 http fetch GET 304 https://registry.npmjs.org/@types%2fis-string 136ms (from cache)
338 silly registry:manifest no matching version for @types/is-string@ts3.6 in the cache. Forcing revalidation.
339 http fetch GET 304 https://registry.npmjs.org/@types%2fglob-parent 1314ms (from cache)
340 silly pacote tag manifest for @types/glob-parent@ts3.6 fetched in 1316ms
341 http fetch GET 304 https://registry.npmjs.org/@types%2fis-windows 99ms (from cache)
342 silly pacote tag manifest for @types/is-windows@ts3.6 fetched in 100ms
343 http fetch GET 304 https://registry.npmjs.org/@types%2fisexe 71ms (from cache)
344 silly pacote tag manifest for @types/isexe@ts3.6 fetched in 79ms
345 http fetch GET 200 https://registry.npmjs.org/@types%2fis-boolean-object 576ms
346 silly fetchPackageMetaData error for @types/is-boolean-object@ts3.6 No matching version found for @types/is-boolean-object@ts3.6.
347 http fetch GET 304 https://registry.npmjs.org/@types%2fistanbul-lib-coverage 115ms (from cache)
348 silly pacote tag manifest for @types/istanbul-lib-coverage@ts3.6 fetched in 118ms
349 http fetch GET 304 https://registry.npmjs.org/@types%2fhex-color-regex 1277ms (from cache)
350 silly pacote tag manifest for @types/hex-color-regex@ts3.6 fetched in 1279ms
351 http fetch GET 304 https://registry.npmjs.org/@types%2fistanbul-reports 87ms (from cache)
352 silly pacote tag manifest for @types/istanbul-reports@ts3.6 fetched in 95ms
353 http fetch GET 304 https://registry.npmjs.org/@types%2fistanbul-lib-source-maps 138ms (from cache)
354 http fetch GET 304 https://registry.npmjs.org/@types%2fistanbul-lib-report 182ms (from cache)
355 silly pacote tag manifest for @types/istanbul-lib-source-maps@ts3.6 fetched in 146ms
356 silly pacote tag manifest for @types/istanbul-lib-report@ts3.6 fetched in 187ms
357 http fetch GET 304 https://registry.npmjs.org/@types%2fhtml-escaper 1352ms (from cache)
358 silly pacote tag manifest for @types/html-escaper@ts3.6 fetched in 1355ms
359 http fetch GET 304 https://registry.npmjs.org/@types%2fjs-yaml 93ms (from cache)
360 silly pacote tag manifest for @types/js-yaml@ts3.6 fetched in 95ms
361 http fetch GET 304 https://registry.npmjs.org/@types%2fjson-parse-better-errors 82ms (from cache)
362 silly pacote tag manifest for @types/json-parse-better-errors@ts3.6 fetched in 85ms
363 http fetch GET 304 https://registry.npmjs.org/@types%2fjsesc 139ms (from cache)
364 http fetch GET 304 https://registry.npmjs.org/@types%2fjsonfile 81ms (from cache)
365 silly pacote tag manifest for @types/jsesc@ts3.6 fetched in 146ms
366 silly pacote tag manifest for @types/jsonfile@ts3.6 fetched in 88ms
367 http fetch GET 304 https://registry.npmjs.org/@types%2fis-bigint 1243ms (from cache)
368 silly registry:manifest no matching version for @types/is-bigint@ts3.6 in the cache. Forcing revalidation.
369 http fetch GET 304 https://registry.npmjs.org/@types%2fistanbul-lib-instrument 582ms (from cache)
370 silly pacote tag manifest for @types/istanbul-lib-instrument@ts3.6 fetched in 583ms
371 http fetch GET 304 https://registry.npmjs.org/@types%2floader-runner 617ms (from cache)
372 silly pacote tag manifest for @types/loader-runner@ts3.6 fetched in 620ms
373 http fetch GET 304 https://registry.npmjs.org/@types%2flodash 85ms (from cache)
374 silly pacote tag manifest for @types/lodash@ts3.6 fetched in 92ms
375 http fetch GET 200 https://registry.npmjs.org/@types%2fget-intrinsic 1295ms
376 silly fetchPackageMetaData error for @types/get-intrinsic@ts3.6 No matching version found for @types/get-intrinsic@ts3.6.
377 http fetch GET 200 https://registry.npmjs.org/@types%2fis-bigint 581ms
378 silly fetchPackageMetaData error for @types/is-bigint@ts3.6 No matching version found for @types/is-bigint@ts3.6.
379 http fetch GET 304 https://registry.npmjs.org/@types%2flanguage-tags 1154ms (from cache)
380 silly registry:manifest no matching version for @types/language-tags@ts3.6 in the cache. Forcing revalidation.
381 http fetch GET 304 https://registry.npmjs.org/@types%2fkind-of 1291ms (from cache)
382 silly pacote tag manifest for @types/kind-of@ts3.6 fetched in 1293ms
383 http fetch GET 304 https://registry.npmjs.org/@types%2flodash.debounce 612ms (from cache)
384 silly pacote tag manifest for @types/lodash.debounce@ts3.6 fetched in 617ms
385 http fetch GET 304 https://registry.npmjs.org/@types%2flodash.memoize 624ms (from cache)
386 silly pacote tag manifest for @types/lodash.memoize@ts3.6 fetched in 628ms
387 http fetch GET 304 https://registry.npmjs.org/@types%2flodash.merge 639ms (from cache)
388 silly pacote tag manifest for @types/lodash.merge@ts3.6 fetched in 641ms
389 http fetch GET 304 https://registry.npmjs.org/@types%2floader-utils 1309ms (from cache)
390 http fetch GET 304 https://registry.npmjs.org/@types%2flz-string 116ms (from cache)
391 silly pacote tag manifest for @types/loader-utils@ts3.6 fetched in 1314ms
392 silly pacote tag manifest for @types/lz-string@ts3.6 fetched in 122ms
393 http fetch GET 200 https://registry.npmjs.org/@types%2fis-string 2199ms
394 silly fetchPackageMetaData error for @types/is-string@ts3.6 No matching version found for @types/is-string@ts3.6.
395 http fetch GET 304 https://registry.npmjs.org/@types%2fisarray 2270ms (from cache)
396 silly pacote tag manifest for @types/isarray@ts3.6 fetched in 2273ms
397 http fetch GET 304 https://registry.npmjs.org/@types%2flodash.template 584ms (from cache)
398 silly pacote tag manifest for @types/lodash.template@ts3.6 fetched in 586ms
399 http fetch GET 304 https://registry.npmjs.org/@types%2flodash.truncate 627ms (from cache)
400 silly pacote tag manifest for @types/lodash.truncate@ts3.6 fetched in 631ms
401 http fetch GET 304 https://registry.npmjs.org/@types%2flodash.uniq 641ms (from cache)
402 silly pacote tag manifest for @types/lodash.uniq@ts3.6 fetched in 645ms
403 http fetch GET 304 https://registry.npmjs.org/@types%2fjsdom 2269ms (from cache)
404 silly pacote tag manifest for @types/jsdom@ts3.6 fetched in 2273ms
405 http fetch GET 200 https://registry.npmjs.org/@types%2flanguage-tags 1268ms
406 silly fetchPackageMetaData error for @types/language-tags@ts3.6 No matching version found for @types/language-tags@ts3.6.
407 http fetch GET 304 https://registry.npmjs.org/@types%2fmedia-typer 1326ms (from cache)
408 silly pacote tag manifest for @types/media-typer@ts3.6 fetched in 1329ms
409 http fetch GET 304 https://registry.npmjs.org/@types%2farray.prototype.flatmap 23291ms (from cache)
410 silly pacote tag manifest for @types/array.prototype.flatmap@ts3.6 fetched in 23296ms
411 timing stage:rollbackFailedOptional Completed in 2ms
412 timing stage:runTopLevelLifecycles Completed in 23503ms
413 verbose type tag
414 verbose stack @types/call-bind: No matching version found for @types/call-bind@ts3.6.
414 verbose stack     at pickManifest (/usr/local/lib/node_modules/npm/node_modules/npm-pick-manifest/index.js:122:13)
414 verbose stack     at /usr/local/lib/node_modules/npm/node_modules/pacote/lib/fetchers/registry/manifest.js:43:18
414 verbose stack     at tryCatcher (/usr/local/lib/node_modules/npm/node_modules/bluebird/js/release/util.js:16:23)
414 verbose stack     at Promise._settlePromiseFromHandler (/usr/local/lib/node_modules/npm/node_modules/bluebird/js/release/promise.js:517:31)
414 verbose stack     at Promise._settlePromise (/usr/local/lib/node_modules/npm/node_modules/bluebird/js/release/promise.js:574:18)
414 verbose stack     at Promise._settlePromise0 (/usr/local/lib/node_modules/npm/node_modules/bluebird/js/release/promise.js:619:10)
414 verbose stack     at Promise._settlePromises (/usr/local/lib/node_modules/npm/node_modules/bluebird/js/release/promise.js:699:18)
414 verbose stack     at _drainQueueStep (/usr/local/lib/node_modules/npm/node_modules/bluebird/js/release/async.js:138:12)
414 verbose stack     at _drainQueue (/usr/local/lib/node_modules/npm/node_modules/bluebird/js/release/async.js:131:9)
414 verbose stack     at Async._drainQueues (/usr/local/lib/node_modules/npm/node_modules/bluebird/js/release/async.js:147:5)
414 verbose stack     at Immediate.Async.drainQueues [as _onImmediate] (/usr/local/lib/node_modules/npm/node_modules/bluebird/js/release/async.js:17:14)
414 verbose stack     at processImmediate (internal/timers.js:456:21)
415 verbose cwd /home/theia/.cache/typescript/3.6
416 verbose Linux 5.10.102.1-microsoft-standard-WSL2
417 verbose argv "/usr/local/bin/node" "/usr/local/bin/npm" "install" "--ignore-scripts" "@types/accepts@ts3.6" "@types/acorn@ts3.6" "@types/argparse@ts3.6" "@types/aria-query@ts3.6" "@types/arr-diff@ts3.6" "@types/arr-union@ts3.6" "@types/array-unique@ts3.6" "@types/array.prototype.flat@ts3.6" "@types/array.prototype.flatmap@ts3.6" "@types/asap@ts3.6" "@types/assert@ts3.6" "@types/async@ts3.6" "@types/atob@ts3.6" "@types/babel-plugin-macros@ts3.6" "@types/babylon@ts3.6" "@types/balanced-match@ts3.6" "@types/big.js@ts3.6" "@types/bluebird@ts3.6" "@types/bn.js@ts3.6" "@types/body-parser@ts3.6" "@types/bonjour@ts3.6" "@types/boolbase@ts3.6" "@types/brace-expansion@ts3.6" "@types/braces@ts3.6" "@types/brorand@ts3.6" "@types/bser@ts3.6" "@types/buffer-from@ts3.6" "@types/buffer-xor@ts3.6" "@types/bytes@ts3.6" "@types/cacache@ts3.6" "@types/call-bind@ts3.6" "@types/caniuse-api@ts3.6" "@types/caniuse-lite@ts3.6" "@types/case-sensitive-paths-webpack-plugin@ts3.6" "@types/check-types@ts3.6" "@types/chownr@ts3.6" "@types/cipher-base@ts3.6" "@types/clean-css@ts3.6" "@types/co@ts3.6" "@types/color@ts3.6" "@types/color-convert@ts3.6" "@types/color-name@ts3.6" "@types/color-string@ts3.6" "@types/combined-stream@ts3.6" "@types/common-tags@ts3.6" "@types/commondir@ts3.6" "@types/component-emitter@ts3.6" "@types/compose-function@ts3.6" "@types/compressible@ts3.6" "@types/compression@ts3.6" "@types/concat-map@ts3.6" "@types/concat-stream@ts3.6" "@types/confusing-browser-globals@ts3.6" "@types/connect-history-api-fallback@ts3.6" "@types/content-disposition@ts3.6" "@types/content-type@ts3.6" "@types/convert-source-map@ts3.6" "@types/cookie@ts3.6" "@types/cookie-signature@ts3.6" "@types/core-js@ts3.6" "@types/create-hash@ts3.6" "@types/create-hmac@ts3.6" "@types/cross-spawn@ts3.6" "@types/css@ts3.6" "@types/css-declaration-sorter@ts3.6" "@types/css-tree@ts3.6" "@types/cssesc@ts3.6" "@types/csso@ts3.6" "@types/cssom@ts3.6" "@types/cssstyle@ts3.6" "@types/d@ts3.6" "@types/damerau-levenshtein@ts3.6" "@types/data-urls@ts3.6" "@types/debug@ts3.6" "@types/decode-uri-component@ts3.6" "@types/dedent@ts3.6" "@types/deep-equal@ts3.6" "@types/default-gateway@ts3.6" "@types/define-properties@ts3.6" "@types/depd@ts3.6" "@types/destroy@ts3.6" "@types/detect-node@ts3.6" "@types/diffie-hellman@ts3.6" "@types/dir-glob@ts3.6" "@types/dns-packet@ts3.6" "@types/doctrine@ts3.6" "@types/domexception@ts3.6" "@types/domutils@ts3.6" "@types/duplexify@ts3.6" "@types/ee-first@ts3.6" "@types/ejs@ts3.6" "@types/elliptic@ts3.6" "@types/encodeurl@ts3.6" "@types/end-of-stream@ts3.6" "@types/enhanced-resolve@ts3.6" "@types/es-abstract@ts3.6" "@types/es-to-primitive@ts3.6" "@types/escape-html@ts3.6" "@types/escodegen@ts3.6" "@types/eslint@ts3.6" "@types/eslint-scope@ts3.6" "@types/eslint-utils@ts3.6" "@types/eslint-visitor-keys@ts3.6" "@types/esprima@ts3.6" "@types/esquery@ts3.6" "@types/estraverse@ts3.6" "@types/esutils@ts3.6" "@types/etag@ts3.6" "@types/events@ts3.6" "@types/eventsource@ts3.6" "@types/exit@ts3.6" "@types/express@ts3.6" "@types/fast-levenshtein@ts3.6" "@types/fb-watchman@ts3.6" "@types/file-entry-cache@ts3.6" "@types/file-loader@ts3.6" "@types/fill-range@ts3.6" "@types/finalhandler@ts3.6" "@types/find-cache-dir@ts3.6" "@types/flat-cache@ts3.6" "@types/flush-write-stream@ts3.6" "@types/follow-redirects@ts3.6" "@types/forwarded@ts3.6" "@types/fresh@ts3.6" "@types/from2@ts3.6" "@types/fs-extra@ts3.6" "@types/function-bind@ts3.6" "@types/functional-red-black-tree@ts3.6" "@types/gensync@ts3.6" "@types/get-intrinsic@ts3.6" "@types/get-value@ts3.6" "@types/glob@ts3.6" "@types/glob-parent@ts3.6" "@types/global-modules@ts3.6" "@types/global-prefix@ts3.6" "@types/graceful-fs@ts3.6" "@types/has@ts3.6" "@types/has-symbols@ts3.6" "@types/he@ts3.6" "@types/hex-color-regex@ts3.6" "@types/hosted-git-info@ts3.6" "@types/html-encoding-sniffer@ts3.6" "@types/html-escaper@ts3.6" "@types/html-minifier-terser@ts3.6" "@types/http-errors@ts3.6" "@types/http-proxy@ts3.6" "@types/icss-utils@ts3.6" "@types/iferr@ts3.6" "@types/imurmurhash@ts3.6" "@types/inherits@ts3.6" "@types/ini@ts3.6" "@types/internal-slot@ts3.6" "@types/ip@ts3.6" "@types/is-arguments@ts3.6" "@types/is-bigint@ts3.6" "@types/is-boolean-object@ts3.6" "@types/is-buffer@ts3.6" "@types/is-callable@ts3.6" "@types/is-ci@ts3.6" "@types/is-core-module@ts3.6" "@types/is-data-descriptor@ts3.6" "@types/is-date-object@ts3.6" "@types/is-glob@ts3.6" "@types/is-number@ts3.6" "@types/is-regex@ts3.6" "@types/is-string@ts3.6" "@types/is-typedarray@ts3.6" "@types/is-windows@ts3.6" "@types/isarray@ts3.6" "@types/isexe@ts3.6" "@types/istanbul-lib-coverage@ts3.6" "@types/istanbul-lib-instrument@ts3.6" "@types/istanbul-lib-report@ts3.6" "@types/istanbul-lib-source-maps@ts3.6" "@types/istanbul-reports@ts3.6" "@types/js-yaml@ts3.6" "@types/jsdom@ts3.6" "@types/jsesc@ts3.6" "@types/json-parse-better-errors@ts3.6" "@types/jsonfile@ts3.6" "@types/kind-of@ts3.6" "@types/language-tags@ts3.6" "@types/loader-runner@ts3.6" "@types/loader-utils@ts3.6" "@types/lodash@ts3.6" "@types/lodash.debounce@ts3.6" "@types/lodash.memoize@ts3.6" "@types/lodash.merge@ts3.6" "@types/lodash.template@ts3.6" "@types/lodash.truncate@ts3.6" "@types/lodash.uniq@ts3.6" "@types/lz-string@ts3.6" "@types/media-typer@ts3.6" "--save-dev" "--user-agent=typesInstaller/3.6.3"
418 verbose node v12.18.3
419 verbose npm  v6.14.6
420 error code ETARGET
421 error notarget No matching version found for @types/call-bind@ts3.6.
422 error notarget In most cases you or one of your dependencies are requesting
422 error notarget a package version that doesn't exist.
423 verbose exit [ 1, true ]
