0 info it worked if it ends with ok
1 verbose cli [
1 verbose cli   '/usr/local/bin/node',
1 verbose cli   '/usr/local/bin/npm',
1 verbose cli   'install',
1 verbose cli   '--ignore-scripts',
1 verbose cli   '@types/lz-string@ts3.6',
1 verbose cli   '@types/media-typer@ts3.6',
1 verbose cli   '@types/memory-fs@ts3.6',
1 verbose cli   '@types/memorystream@ts3.6',
1 verbose cli   '@types/merge-descriptors@ts3.6',
1 verbose cli   '@types/merge-stream@ts3.6',
1 verbose cli   '@types/merge2@ts3.6',
1 verbose cli   '@types/methods@ts3.6',
1 verbose cli   '@types/micromatch@ts3.6',
1 verbose cli   '@types/mime@ts3.6',
1 verbose cli   '@types/mime-db@ts3.6',
1 verbose cli   '@types/mime-types@ts3.6',
1 verbose cli   '@types/min-indent@ts3.6',
1 verbose cli   '@types/minimalistic-assert@ts3.6',
1 verbose cli   '@types/minimatch@ts3.6',
1 verbose cli   '@types/minimist@ts3.6',
1 verbose cli   '@types/minipass@ts3.6',
1 verbose cli   '@types/minizlib@ts3.6',
1 verbose cli   '@types/mkdirp@ts3.6',
1 verbose cli   '@types/move-concurrently@ts3.6',
1 verbose cli   '@types/ms@ts3.6',
1 verbose cli   '@types/multicast-dns@ts3.6',
1 verbose cli   '@types/natural-compare@ts3.6',
1 verbose cli   '@types/negotiator@ts3.6',
1 verbose cli   '@types/next-tick@ts3.6',
1 verbose cli   '@types/nice-try@ts3.6',
1 verbose cli   '@types/node-forge@ts3.6',
1 verbose cli   '@types/node-int64@ts3.6',
1 verbose cli   '@types/node-notifier@ts3.6',
1 verbose cli   '@types/normalize-package-data@ts3.6',
1 verbose cli   '@types/normalize-path@ts3.6',
1 verbose cli   '@types/num2fraction@ts3.6',
1 verbose cli   '@types/nwsapi@ts3.6',
1 verbose cli   '@types/object-assign@ts3.6',
1 verbose cli   '@types/object-inspect@ts3.6',
1 verbose cli   '@types/object-keys@ts3.6',
1 verbose cli   '@types/object.fromentries@ts3.6',
1 verbose cli   '@types/object.getownpropertydescriptors@ts3.6',
1 verbose cli   '@types/object.pick@ts3.6',
1 verbose cli   '@types/on-finished@ts3.6',
1 verbose cli   '@types/on-headers@ts3.6',
1 verbose cli   '@types/once@ts3.6',
1 verbose cli   '@types/optimize-css-assets-webpack-plugin@ts3.6',
1 verbose cli   '@types/pako@ts3.6',
1 verbose cli   '@types/parallel-transform@ts3.6',
1 verbose cli   '@types/parse-json@ts3.6',
1 verbose cli   '@types/parse5@ts3.6',
1 verbose cli   '@types/parseurl@ts3.6',
1 verbose cli   '@types/pascalcase@ts3.6',
1 verbose cli   '@types/path-browserify@ts3.6',
1 verbose cli   '@types/path-is-absolute@ts3.6',
1 verbose cli   '@types/path-is-inside@ts3.6',
1 verbose cli   '@types/path-parse@ts3.6',
1 verbose cli   '@types/pbkdf2@ts3.6',
1 verbose cli   '@types/picomatch@ts3.6',
1 verbose cli   '@types/pify@ts3.6',
1 verbose cli   '@types/postcss-flexbugs-fixes@ts3.6',
1 verbose cli   '@types/postcss-gap-properties@ts3.6',
1 verbose cli   '@types/postcss-modules-extract-imports@ts3.6',
1 verbose cli   '@types/postcss-modules-local-by-default@ts3.6',
1 verbose cli   '@types/postcss-modules-scope@ts3.6',
1 verbose cli   '@types/postcss-modules-values@ts3.6',
1 verbose cli   '@types/postcss-normalize@ts3.6',
1 verbose cli   '@types/postcss-preset-env@ts3.6',
1 verbose cli   '@types/postcss-safe-parser@ts3.6',
1 verbose cli   '@types/prelude-ls@ts3.6',
1 verbose cli   '@types/prettier-linter-helpers@ts3.6',
1 verbose cli   '@types/progress@ts3.6',
1 verbose cli   '@types/promise-inflight@ts3.6',
1 verbose cli   '@types/prompts@ts3.6',
1 verbose cli   '@types/prop-types@ts3.6',
1 verbose cli   '@types/proxy-addr@ts3.6',
1 verbose cli   '@types/psl@ts3.6',
1 verbose cli   '@types/pump@ts3.6',
1 verbose cli   '@types/pumpify@ts3.6',
1 verbose cli   '@types/punycode@ts3.6',
1 verbose cli   '@types/q@ts3.6',
1 verbose cli   '@types/qs@ts3.6',
1 verbose cli   '@types/querystringify@ts3.6',
1 verbose cli   '@types/raf@ts3.6',
1 verbose cli   '@types/randombytes@ts3.6',
1 verbose cli   '@types/range-parser@ts3.6',
1 verbose cli   '@types/react-dev-utils@ts3.6',
1 verbose cli   '@types/react-is@ts3.6',
1 verbose cli   '@types/readable-stream@ts3.6',
1 verbose cli   '@types/recursive-readdir@ts3.6',
1 verbose cli   '@types/regenerate@ts3.6',
1 verbose cli   '@types/regenerator-runtime@ts3.6',
1 verbose cli   '@types/regex-not@ts3.6',
1 verbose cli   '@types/relateurl@ts3.6',
1 verbose cli   '@types/repeat-element@ts3.6',
1 verbose cli   '@types/repeat-string@ts3.6',
1 verbose cli   '@types/require-directory@ts3.6',
1 verbose cli   '@types/require-from-string@ts3.6',
1 verbose cli   '@types/requires-port@ts3.6',
1 verbose cli   '@types/resolve@ts3.6',
1 verbose cli   ... 102 more items
1 verbose cli ]
2 info using npm@6.14.6
3 info using node@v12.18.3
4 verbose npm-session fded06077d7c1d77
5 silly install loadCurrentTree
6 silly install readLocalPackageData
7 http fetch GET 200 https://registry.npmjs.org/@types%2flz-string 133ms (from cache)
8 http fetch GET 200 https://registry.npmjs.org/@types%2fmemorystream 133ms (from cache)
9 http fetch GET 200 https://registry.npmjs.org/@types%2fmime 123ms (from cache)
10 silly pacote tag manifest for @types/lz-string@ts3.6 fetched in 156ms
11 silly pacote tag manifest for @types/memorystream@ts3.6 fetched in 149ms
12 silly pacote tag manifest for @types/mime@ts3.6 fetched in 143ms
13 http fetch GET 304 https://registry.npmjs.org/@types%2fmerge-descriptors 311ms (from cache)
14 http fetch GET 304 https://registry.npmjs.org/@types%2fmethods 308ms (from cache)
15 silly pacote tag manifest for @types/merge-descriptors@ts3.6 fetched in 315ms
16 http fetch GET 304 https://registry.npmjs.org/@types%2fmedia-typer 321ms (from cache)
17 silly pacote tag manifest for @types/methods@ts3.6 fetched in 313ms
18 silly pacote tag manifest for @types/media-typer@ts3.6 fetched in 329ms
19 http fetch GET 200 https://registry.npmjs.org/@types%2fminimalistic-assert 13ms (from cache)
20 http fetch GET 200 https://registry.npmjs.org/@types%2fminimatch 14ms (from cache)
21 http fetch GET 304 https://registry.npmjs.org/@types%2fmime-db 191ms (from cache)
22 silly pacote tag manifest for @types/minimalistic-assert@ts3.6 fetched in 22ms
23 silly pacote tag manifest for @types/minimatch@ts3.6 fetched in 22ms
24 silly pacote tag manifest for @types/mime-db@ts3.6 fetched in 197ms
25 http fetch GET 304 https://registry.npmjs.org/@types%2fminimist 90ms (from cache)
26 http fetch GET 304 https://registry.npmjs.org/@types%2fminipass 79ms (from cache)
27 silly pacote tag manifest for @types/minimist@ts3.6 fetched in 93ms
28 silly pacote tag manifest for @types/minipass@ts3.6 fetched in 84ms
29 http fetch GET 200 https://registry.npmjs.org/@types%2fms 11ms (from cache)
30 silly pacote tag manifest for @types/ms@ts3.6 fetched in 13ms
31 http fetch GET 304 https://registry.npmjs.org/@types%2fminizlib 110ms (from cache)
32 silly pacote tag manifest for @types/minizlib@ts3.6 fetched in 112ms
33 http fetch GET 304 https://registry.npmjs.org/@types%2fnatural-compare 77ms (from cache)
34 silly pacote tag manifest for @types/natural-compare@ts3.6 fetched in 79ms
35 http fetch GET 304 https://registry.npmjs.org/@types%2fnegotiator 121ms (from cache)
36 silly pacote tag manifest for @types/negotiator@ts3.6 fetched in 124ms
37 http fetch GET 304 https://registry.npmjs.org/@types%2fnext-tick 70ms (from cache)
38 silly pacote tag manifest for @types/next-tick@ts3.6 fetched in 71ms
39 http fetch GET 304 https://registry.npmjs.org/@types%2fmerge-stream 758ms (from cache)
40 silly pacote tag manifest for @types/merge-stream@ts3.6 fetched in 761ms
41 http fetch GET 304 https://registry.npmjs.org/@types%2fnice-try 66ms (from cache)
42 silly pacote tag manifest for @types/nice-try@ts3.6 fetched in 68ms
43 http fetch GET 304 https://registry.npmjs.org/@types%2fmerge2 815ms (from cache)
44 silly pacote tag manifest for @types/merge2@ts3.6 fetched in 817ms
45 http fetch GET 304 https://registry.npmjs.org/@types%2fmicromatch 837ms (from cache)
46 silly pacote tag manifest for @types/micromatch@ts3.6 fetched in 842ms
47 http fetch GET 304 https://registry.npmjs.org/@types%2fmkdirp 613ms (from cache)
48 silly pacote tag manifest for @types/mkdirp@ts3.6 fetched in 616ms
49 http fetch GET 304 https://registry.npmjs.org/@types%2fmulticast-dns 619ms (from cache)
50 silly pacote tag manifest for @types/multicast-dns@ts3.6 fetched in 622ms
51 http fetch GET 304 https://registry.npmjs.org/@types%2fmemory-fs 1091ms (from cache)
52 silly pacote tag manifest for @types/memory-fs@ts3.6 fetched in 1093ms
53 http fetch GET 304 https://registry.npmjs.org/@types%2fnormalize-package-data 272ms (from cache)
54 silly pacote tag manifest for @types/normalize-package-data@ts3.6 fetched in 275ms
55 http fetch GET 200 https://registry.npmjs.org/@types%2fobject-assign 7ms (from cache)
56 silly pacote tag manifest for @types/object-assign@ts3.6 fetched in 10ms
57 http fetch GET 304 https://registry.npmjs.org/@types%2fobject-inspect 147ms (from cache)
58 silly pacote tag manifest for @types/object-inspect@ts3.6 fetched in 150ms
59 http fetch GET 200 https://registry.npmjs.org/@types%2fobject-keys 13ms (from cache)
60 silly pacote tag manifest for @types/object-keys@ts3.6 fetched in 17ms
61 http fetch GET 304 https://registry.npmjs.org/@types%2fnode-forge 616ms (from cache)
62 silly pacote tag manifest for @types/node-forge@ts3.6 fetched in 619ms
63 http fetch GET 304 https://registry.npmjs.org/@types%2fnode-int64 612ms (from cache)
64 silly pacote tag manifest for @types/node-int64@ts3.6 fetched in 617ms
65 http fetch GET 304 https://registry.npmjs.org/@types%2fnode-notifier 611ms (from cache)
66 silly pacote tag manifest for @types/node-notifier@ts3.6 fetched in 613ms
67 http fetch GET 304 https://registry.npmjs.org/@types%2fmin-indent 1326ms (from cache)
68 silly pacote tag manifest for @types/min-indent@ts3.6 fetched in 1332ms
69 http fetch GET 200 https://registry.npmjs.org/@types%2fon-headers 5ms (from cache)
70 silly pacote tag manifest for @types/on-headers@ts3.6 fetched in 8ms
71 http fetch GET 304 https://registry.npmjs.org/@types%2fobject.pick 116ms (from cache)
72 silly pacote tag manifest for @types/object.pick@ts3.6 fetched in 127ms
73 http fetch GET 304 https://registry.npmjs.org/@types%2fon-finished 131ms (from cache)
74 silly pacote tag manifest for @types/on-finished@ts3.6 fetched in 143ms
75 http fetch GET 304 https://registry.npmjs.org/@types%2fmime-types 1456ms (from cache)
76 silly pacote tag manifest for @types/mime-types@ts3.6 fetched in 1482ms
77 http fetch GET 304 https://registry.npmjs.org/@types%2fobject.fromentries 358ms (from cache)
78 http fetch GET 304 https://registry.npmjs.org/@types%2fnormalize-path 710ms (from cache)
79 silly pacote tag manifest for @types/object.fromentries@ts3.6 fetched in 371ms
80 silly pacote tag manifest for @types/normalize-path@ts3.6 fetched in 722ms
81 http fetch GET 304 https://registry.npmjs.org/@types%2fonce 200ms (from cache)
82 silly pacote tag manifest for @types/once@ts3.6 fetched in 205ms
83 http fetch GET 304 https://registry.npmjs.org/@types%2fnum2fraction 641ms (from cache)
84 silly pacote tag manifest for @types/num2fraction@ts3.6 fetched in 646ms
85 http fetch GET 304 https://registry.npmjs.org/@types%2fnwsapi 622ms (from cache)
86 http fetch GET 200 https://registry.npmjs.org/@types%2fparseurl 10ms (from cache)
87 silly pacote tag manifest for @types/nwsapi@ts3.6 fetched in 627ms
88 silly pacote tag manifest for @types/parseurl@ts3.6 fetched in 17ms
89 http fetch GET 304 https://registry.npmjs.org/@types%2fparse-json 89ms (from cache)
90 silly pacote tag manifest for @types/parse-json@ts3.6 fetched in 92ms
91 http fetch GET 304 https://registry.npmjs.org/@types%2fparse5 104ms (from cache)
92 silly pacote tag manifest for @types/parse5@ts3.6 fetched in 106ms
93 http fetch GET 304 https://registry.npmjs.org/@types%2fpath-is-absolute 82ms (from cache)
94 silly pacote tag manifest for @types/path-is-absolute@ts3.6 fetched in 84ms
95 http fetch GET 304 https://registry.npmjs.org/@types%2fpath-parse 89ms (from cache)
96 http fetch GET 304 https://registry.npmjs.org/@types%2fpath-is-inside 110ms (from cache)
97 silly pacote tag manifest for @types/path-parse@ts3.6 fetched in 92ms
98 silly pacote tag manifest for @types/path-is-inside@ts3.6 fetched in 113ms
99 http fetch GET 304 https://registry.npmjs.org/@types%2fpbkdf2 97ms (from cache)
100 silly pacote tag manifest for @types/pbkdf2@ts3.6 fetched in 99ms
101 http fetch GET 304 https://registry.npmjs.org/@types%2fpify 98ms (from cache)
102 silly pacote tag manifest for @types/pify@ts3.6 fetched in 100ms
103 http fetch GET 304 https://registry.npmjs.org/@types%2fpostcss-flexbugs-fixes 103ms (from cache)
104 silly pacote tag manifest for @types/postcss-flexbugs-fixes@ts3.6 fetched in 105ms
105 http fetch GET 304 https://registry.npmjs.org/@types%2fmove-concurrently 1668ms (from cache)
106 silly pacote tag manifest for @types/move-concurrently@ts3.6 fetched in 1670ms
107 http fetch GET 304 https://registry.npmjs.org/@types%2fpostcss-gap-properties 136ms (from cache)
108 silly pacote tag manifest for @types/postcss-gap-properties@ts3.6 fetched in 138ms
109 http fetch GET 304 https://registry.npmjs.org/@types%2fpascalcase 694ms (from cache)
110 silly pacote tag manifest for @types/pascalcase@ts3.6 fetched in 697ms
111 http fetch GET 200 https://registry.npmjs.org/@types%2fpostcss-modules-values 5ms (from cache)
112 silly pacote tag manifest for @types/postcss-modules-values@ts3.6 fetched in 8ms
113 http fetch GET 304 https://registry.npmjs.org/@types%2fpostcss-normalize 89ms (from cache)
114 silly pacote tag manifest for @types/postcss-normalize@ts3.6 fetched in 92ms
115 http fetch GET 200 https://registry.npmjs.org/@types%2fpostcss-preset-env 91ms
116 silly fetchPackageMetaData error for @types/postcss-preset-env@ts3.6 No matching version found for @types/postcss-preset-env@ts3.6.
117 http fetch GET 200 https://registry.npmjs.org/@types%2fpostcss-safe-parser 5ms (from cache)
118 silly pacote tag manifest for @types/postcss-safe-parser@ts3.6 fetched in 7ms
119 http fetch GET 304 https://registry.npmjs.org/@types%2fprelude-ls 90ms (from cache)
120 silly pacote tag manifest for @types/prelude-ls@ts3.6 fetched in 96ms
121 http fetch GET 304 https://registry.npmjs.org/@types%2fprettier-linter-helpers 91ms (from cache)
122 silly pacote tag manifest for @types/prettier-linter-helpers@ts3.6 fetched in 94ms
123 http fetch GET 304 https://registry.npmjs.org/@types%2foptimize-css-assets-webpack-plugin 1326ms (from cache)
124 silly pacote tag manifest for @types/optimize-css-assets-webpack-plugin@ts3.6 fetched in 1332ms
125 http fetch GET 304 https://registry.npmjs.org/@types%2fprogress 94ms (from cache)
126 silly pacote tag manifest for @types/progress@ts3.6 fetched in 97ms
127 http fetch GET 304 https://registry.npmjs.org/@types%2fpako 1332ms (from cache)
128 silly pacote tag manifest for @types/pako@ts3.6 fetched in 1333ms
129 http fetch GET 304 https://registry.npmjs.org/@types%2fparallel-transform 1312ms (from cache)
130 silly pacote tag manifest for @types/parallel-transform@ts3.6 fetched in 1313ms
131 http fetch GET 200 https://registry.npmjs.org/@types%2fpath-browserify 1280ms
132 silly fetchPackageMetaData error for @types/path-browserify@ts3.6 No matching version found for @types/path-browserify@ts3.6.
133 http fetch GET 304 https://registry.npmjs.org/@types%2fprop-types 93ms (from cache)
134 silly pacote tag manifest for @types/prop-types@ts3.6 fetched in 96ms
135 http fetch GET 304 https://registry.npmjs.org/@types%2fproxy-addr 103ms (from cache)
136 silly pacote tag manifest for @types/proxy-addr@ts3.6 fetched in 105ms
137 http fetch GET 304 https://registry.npmjs.org/@types%2fpsl 71ms (from cache)
138 silly pacote tag manifest for @types/psl@ts3.6 fetched in 73ms
139 http fetch GET 304 https://registry.npmjs.org/@types%2fpicomatch 1376ms (from cache)
140 silly pacote tag manifest for @types/picomatch@ts3.6 fetched in 1379ms
141 http fetch GET 304 https://registry.npmjs.org/@types%2fpostcss-modules-extract-imports 1288ms (from cache)
142 silly pacote tag manifest for @types/postcss-modules-extract-imports@ts3.6 fetched in 1290ms
143 http fetch GET 304 https://registry.npmjs.org/@types%2fq 70ms (from cache)
144 silly pacote tag manifest for @types/q@ts3.6 fetched in 72ms
145 http fetch GET 304 https://registry.npmjs.org/@types%2fpostcss-modules-local-by-default 1319ms (from cache)
146 http fetch GET 304 https://registry.npmjs.org/@types%2fqs 106ms (from cache)
147 http fetch GET 304 https://registry.npmjs.org/@types%2fobject.getownpropertydescriptors 2027ms (from cache)
148 silly pacote tag manifest for @types/postcss-modules-local-by-default@ts3.6 fetched in 1325ms
149 silly pacote tag manifest for @types/qs@ts3.6 fetched in 112ms
150 silly pacote tag manifest for @types/object.getownpropertydescriptors@ts3.6 fetched in 2033ms
151 http fetch GET 304 https://registry.npmjs.org/@types%2frange-parser 90ms (from cache)
152 http fetch GET 304 https://registry.npmjs.org/@types%2fraf 95ms (from cache)
153 silly pacote tag manifest for @types/range-parser@ts3.6 fetched in 92ms
154 silly pacote tag manifest for @types/raf@ts3.6 fetched in 97ms
155 http fetch GET 200 https://registry.npmjs.org/@types%2freact-is 4ms (from cache)
156 silly pacote tag manifest for @types/react-is@ts3.6 fetched in 7ms
157 http fetch GET 304 https://registry.npmjs.org/@types%2freadable-stream 78ms (from cache)
158 silly pacote tag manifest for @types/readable-stream@ts3.6 fetched in 79ms
159 http fetch GET 200 https://registry.npmjs.org/@types%2frecursive-readdir 2ms (from cache)
160 silly pacote tag manifest for @types/recursive-readdir@ts3.6 fetched in 3ms
161 http fetch GET 304 https://registry.npmjs.org/@types%2fpumpify 566ms (from cache)
162 silly pacote tag manifest for @types/pumpify@ts3.6 fetched in 567ms
163 http fetch GET 304 https://registry.npmjs.org/@types%2fpunycode 563ms (from cache)
164 silly pacote tag manifest for @types/punycode@ts3.6 fetched in 564ms
165 http fetch GET 304 https://registry.npmjs.org/@types%2fpostcss-modules-scope 1549ms (from cache)
166 silly pacote tag manifest for @types/postcss-modules-scope@ts3.6 fetched in 1551ms
167 http fetch GET 200 https://registry.npmjs.org/@types%2frelateurl 3ms (from cache)
168 silly pacote tag manifest for @types/relateurl@ts3.6 fetched in 4ms
169 http fetch GET 200 https://registry.npmjs.org/@types%2fregex-not 72ms
170 silly fetchPackageMetaData error for @types/regex-not@ts3.6 No matching version found for @types/regex-not@ts3.6.
171 http fetch GET 200 https://registry.npmjs.org/@types%2frepeat-string 3ms (from cache)
172 silly pacote tag manifest for @types/repeat-string@ts3.6 fetched in 5ms
173 http fetch GET 304 https://registry.npmjs.org/@types%2frepeat-element 71ms (from cache)
174 silly pacote tag manifest for @types/repeat-element@ts3.6 fetched in 72ms
175 http fetch GET 304 https://registry.npmjs.org/@types%2fquerystringify 629ms (from cache)
176 silly pacote tag manifest for @types/querystringify@ts3.6 fetched in 630ms
177 http fetch GET 304 https://registry.npmjs.org/@types%2freact-dev-utils 595ms (from cache)
178 silly pacote tag manifest for @types/react-dev-utils@ts3.6 fetched in 596ms
179 http fetch GET 304 https://registry.npmjs.org/@types%2fpromise-inflight 1251ms (from cache)
180 silly pacote tag manifest for @types/promise-inflight@ts3.6 fetched in 1254ms
181 http fetch GET 304 https://registry.npmjs.org/@types%2frandombytes 716ms (from cache)
182 silly pacote tag manifest for @types/randombytes@ts3.6 fetched in 718ms
183 http fetch GET 200 https://registry.npmjs.org/@types%2fregenerate 554ms
184 silly fetchPackageMetaData error for @types/regenerate@ts3.6 No matching version found for @types/regenerate@ts3.6.
185 http fetch GET 304 https://registry.npmjs.org/@types%2fresolve 98ms (from cache)
186 silly pacote tag manifest for @types/resolve@ts3.6 fetched in 99ms
187 http fetch GET 304 https://registry.npmjs.org/@types%2fretry 97ms (from cache)
188 silly pacote tag manifest for @types/retry@ts3.6 fetched in 99ms
189 http fetch GET 200 https://registry.npmjs.org/@types%2frun-parallel 2ms (from cache)
190 silly pacote tag manifest for @types/run-parallel@ts3.6 fetched in 4ms
191 http fetch GET 304 https://registry.npmjs.org/@types%2frimraf 105ms (from cache)
192 silly pacote tag manifest for @types/rimraf@ts3.6 fetched in 107ms
193 http fetch GET 304 https://registry.npmjs.org/@types%2fpump 1272ms (from cache)
194 silly pacote tag manifest for @types/pump@ts3.6 fetched in 1273ms
195 http fetch GET 304 https://registry.npmjs.org/@types%2frequire-directory 581ms (from cache)
196 http fetch GET 304 https://registry.npmjs.org/@types%2fsafe-regex 70ms (from cache)
197 silly pacote tag manifest for @types/require-directory@ts3.6 fetched in 584ms
198 silly pacote tag manifest for @types/safe-regex@ts3.6 fetched in 73ms
199 http fetch GET 304 https://registry.npmjs.org/@types%2fsafer-buffer 73ms (from cache)
200 silly pacote tag manifest for @types/safer-buffer@ts3.6 fetched in 75ms
201 http fetch GET 304 https://registry.npmjs.org/@types%2fscheduler 66ms (from cache)
202 silly pacote tag manifest for @types/scheduler@ts3.6 fetched in 68ms
203 http fetch GET 304 https://registry.npmjs.org/@types%2fsax 83ms (from cache)
204 silly pacote tag manifest for @types/sax@ts3.6 fetched in 84ms
205 http fetch GET 200 https://registry.npmjs.org/@types%2fsemver 2ms (from cache)
206 silly pacote tag manifest for @types/semver@ts3.6 fetched in 4ms
207 http fetch GET 304 https://registry.npmjs.org/@types%2fsemver-compare 62ms (from cache)
208 silly pacote tag manifest for @types/semver-compare@ts3.6 fetched in 63ms
209 http fetch GET 304 https://registry.npmjs.org/@types%2fsend 66ms (from cache)
210 silly pacote tag manifest for @types/send@ts3.6 fetched in 67ms
211 http fetch GET 304 https://registry.npmjs.org/@types%2fripemd160 607ms (from cache)
212 silly pacote tag manifest for @types/ripemd160@ts3.6 fetched in 609ms
213 http fetch GET 304 https://registry.npmjs.org/@types%2frsvp 565ms (from cache)
214 silly pacote tag manifest for @types/rsvp@ts3.6 fetched in 567ms
215 http fetch GET 304 https://registry.npmjs.org/@types%2fserve-index 88ms (from cache)
216 http fetch GET 304 https://registry.npmjs.org/@types%2fserve-static 83ms (from cache)
217 silly pacote tag manifest for @types/serve-index@ts3.6 fetched in 91ms
218 silly pacote tag manifest for @types/serve-static@ts3.6 fetched in 87ms
219 http fetch GET 304 https://registry.npmjs.org/@types%2fsane 626ms (from cache)
220 silly pacote tag manifest for @types/sane@ts3.6 fetched in 627ms
221 http fetch GET 304 https://registry.npmjs.org/@types%2fset-value 74ms (from cache)
222 silly pacote tag manifest for @types/set-value@ts3.6 fetched in 75ms
223 http fetch GET 304 https://registry.npmjs.org/@types%2fregenerator-runtime 1332ms (from cache)
224 silly pacote tag manifest for @types/regenerator-runtime@ts3.6 fetched in 1333ms
225 http fetch GET 200 https://registry.npmjs.org/@types%2fselfsigned 581ms
226 silly fetchPackageMetaData error for @types/selfsigned@ts3.6 No matching version found for @types/selfsigned@ts3.6.
227 http fetch GET 304 https://registry.npmjs.org/@types%2fshebang-command 82ms (from cache)
228 silly pacote tag manifest for @types/shebang-command@ts3.6 fetched in 83ms
229 http fetch GET 304 https://registry.npmjs.org/@types%2frequire-from-string 1275ms (from cache)
230 silly pacote tag manifest for @types/require-from-string@ts3.6 fetched in 1276ms
231 http fetch GET 200 https://registry.npmjs.org/@types%2fslice-ansi 2ms (from cache)
232 silly pacote tag manifest for @types/slice-ansi@ts3.6 fetched in 4ms
233 http fetch GET 304 https://registry.npmjs.org/@types%2fsignal-exit 66ms (from cache)
234 http fetch GET 200 https://registry.npmjs.org/@types%2fsockjs 2ms (from cache)
235 silly pacote tag manifest for @types/signal-exit@ts3.6 fetched in 68ms
236 silly pacote tag manifest for @types/sockjs@ts3.6 fetched in 5ms
237 http fetch GET 304 https://registry.npmjs.org/@types%2fserialize-javascript 558ms (from cache)
238 silly pacote tag manifest for @types/serialize-javascript@ts3.6 fetched in 559ms
239 http fetch GET 200 https://registry.npmjs.org/@types%2fsimple-swizzle 88ms
240 silly fetchPackageMetaData error for @types/simple-swizzle@ts3.6 No matching version found for @types/simple-swizzle@ts3.6.
241 http fetch GET 304 https://registry.npmjs.org/@types%2fsource-list-map 72ms (from cache)
242 silly pacote tag manifest for @types/source-list-map@ts3.6 fetched in 73ms
243 http fetch GET 304 https://registry.npmjs.org/@types%2fprompts 2237ms (from cache)
244 silly pacote tag manifest for @types/prompts@ts3.6 fetched in 2239ms
245 http fetch GET 304 https://registry.npmjs.org/@types%2fspdx-correct 58ms (from cache)
246 silly pacote tag manifest for @types/spdx-correct@ts3.6 fetched in 59ms
247 http fetch GET 304 https://registry.npmjs.org/@types%2fspdx-expression-parse 93ms (from cache)
248 silly pacote tag manifest for @types/spdx-expression-parse@ts3.6 fetched in 95ms
249 http fetch GET 304 https://registry.npmjs.org/@types%2fspdy 80ms (from cache)
250 silly pacote tag manifest for @types/spdy@ts3.6 fetched in 82ms
251 http fetch GET 304 https://registry.npmjs.org/@types%2frequires-port 1273ms (from cache)
252 silly pacote tag manifest for @types/requires-port@ts3.6 fetched in 1274ms
253 http fetch GET 304 https://registry.npmjs.org/@types%2fsprintf 83ms (from cache)
254 silly pacote tag manifest for @types/sprintf@ts3.6 fetched in 83ms
255 http fetch GET 304 https://registry.npmjs.org/@types%2fstatuses 59ms (from cache)
256 silly pacote tag manifest for @types/statuses@ts3.6 fetched in 62ms
257 http fetch GET 304 https://registry.npmjs.org/@types%2fssri 100ms (from cache)
258 http fetch GET 304 https://registry.npmjs.org/@types%2fstack-utils 82ms (from cache)
259 silly pacote tag manifest for @types/ssri@ts3.6 fetched in 102ms
260 silly pacote tag manifest for @types/stack-utils@ts3.6 fetched in 84ms
261 http fetch GET 304 https://registry.npmjs.org/@types%2fsetimmediate 567ms (from cache)
262 silly pacote tag manifest for @types/setimmediate@ts3.6 fetched in 569ms
263 http fetch GET 200 https://registry.npmjs.org/@types%2fstring-natural-compare 2ms (from cache)
264 silly pacote tag manifest for @types/string-natural-compare@ts3.6 fetched in 4ms
265 http fetch GET 200 https://registry.npmjs.org/@types%2fstring.prototype.matchall 2ms (from cache)
266 silly pacote tag manifest for @types/string.prototype.matchall@ts3.6 fetched in 3ms
267 http fetch GET 304 https://registry.npmjs.org/@types%2fstringify-object 84ms (from cache)
268 silly pacote tag manifest for @types/stringify-object@ts3.6 fetched in 85ms
269 http fetch GET 304 https://registry.npmjs.org/@types%2fshell-quote 581ms (from cache)
270 silly pacote tag manifest for @types/shell-quote@ts3.6 fetched in 582ms
271 http fetch GET 200 https://registry.npmjs.org/@types%2fstrip-final-newline 3ms (from cache)
272 silly pacote tag manifest for @types/strip-final-newline@ts3.6 fetched in 5ms
273 http fetch GET 304 https://registry.npmjs.org/@types%2fsupports-color 68ms (from cache)
274 silly pacote tag manifest for @types/supports-color@ts3.6 fetched in 69ms
275 http fetch GET 304 https://registry.npmjs.org/@types%2fsass-loader 1329ms (from cache)
276 silly pacote tag manifest for @types/sass-loader@ts3.6 fetched in 1331ms
277 http fetch GET 304 https://registry.npmjs.org/@types%2fsprintf-js 597ms (from cache)
278 silly pacote tag manifest for @types/sprintf-js@ts3.6 fetched in 600ms
279 http fetch GET 304 https://registry.npmjs.org/@types%2fstream-each 566ms (from cache)
280 silly pacote tag manifest for @types/stream-each@ts3.6 fetched in 567ms
281 http fetch GET 304 https://registry.npmjs.org/@types%2fstrict-uri-encode 603ms (from cache)
282 silly pacote tag manifest for @types/strict-uri-encode@ts3.6 fetched in 604ms
283 http fetch GET 304 https://registry.npmjs.org/@types%2ftapable 82ms (from cache)
284 silly pacote tag manifest for @types/tapable@ts3.6 fetched in 83ms
285 http fetch GET 304 https://registry.npmjs.org/@types%2ftar 66ms (from cache)
286 silly pacote tag manifest for @types/tar@ts3.6 fetched in 67ms
287 http fetch GET 304 https://registry.npmjs.org/@types%2ftext-table 57ms (from cache)
288 silly pacote tag manifest for @types/text-table@ts3.6 fetched in 60ms
289 http fetch GET 304 https://registry.npmjs.org/@types%2fthrough 74ms (from cache)
290 silly pacote tag manifest for @types/through@ts3.6 fetched in 75ms
291 http fetch GET 304 https://registry.npmjs.org/@types%2fstrip-comments 569ms (from cache)
292 silly pacote tag manifest for @types/strip-comments@ts3.6 fetched in 571ms
293 http fetch GET 304 https://registry.npmjs.org/@types%2fsha.js 1269ms (from cache)
294 silly pacote tag manifest for @types/sha.js@ts3.6 fetched in 1271ms
295 http fetch GET 200 https://registry.npmjs.org/@types%2ftmpl 4ms (from cache)
296 silly registry:manifest no matching version for @types/tmpl@ts3.6 in the cache. Forcing revalidation.
297 http fetch GET 304 https://registry.npmjs.org/@types%2fsvgo 574ms (from cache)
298 silly pacote tag manifest for @types/svgo@ts3.6 fetched in 575ms
299 http fetch GET 304 https://registry.npmjs.org/@types%2fsockjs-client 1230ms (from cache)
300 silly pacote tag manifest for @types/sockjs-client@ts3.6 fetched in 1232ms
301 http fetch GET 200 https://registry.npmjs.org/@types%2ftmpl 84ms
302 silly fetchPackageMetaData error for @types/tmpl@ts3.6 No matching version found for @types/tmpl@ts3.6.
303 http fetch GET 304 https://registry.npmjs.org/@types%2fto-regex 71ms (from cache)
304 silly registry:manifest no matching version for @types/to-regex@ts3.6 in the cache. Forcing revalidation.
305 http fetch GET 304 https://registry.npmjs.org/@types%2fto-regex-range 65ms (from cache)
306 silly registry:manifest no matching version for @types/to-regex-range@ts3.6 in the cache. Forcing revalidation.
307 http fetch GET 304 https://registry.npmjs.org/@types%2ftough-cookie 70ms (from cache)
308 silly pacote tag manifest for @types/tough-cookie@ts3.6 fetched in 72ms
309 http fetch GET 200 https://registry.npmjs.org/@types%2fto-regex 65ms
310 silly fetchPackageMetaData error for @types/to-regex@ts3.6 No matching version found for @types/to-regex@ts3.6.
311 http fetch GET 200 https://registry.npmjs.org/@types%2ftryer 4ms (from cache)
312 silly pacote tag manifest for @types/tryer@ts3.6 fetched in 6ms
313 http fetch GET 304 https://registry.npmjs.org/@types%2fsource-map-support 1268ms (from cache)
314 http fetch GET 200 https://registry.npmjs.org/@types%2ftype-detect 6ms (from cache)
315 silly pacote tag manifest for @types/source-map-support@ts3.6 fetched in 1271ms
316 silly pacote tag manifest for @types/type-detect@ts3.6 fetched in 8ms
317 http fetch GET 200 https://registry.npmjs.org/@types%2ftype-is 3ms (from cache)
318 silly pacote tag manifest for @types/type-is@ts3.6 fetched in 5ms
319 http fetch GET 200 https://registry.npmjs.org/@types%2fto-regex-range 87ms
320 silly fetchPackageMetaData error for @types/to-regex-range@ts3.6 No matching version found for @types/to-regex-range@ts3.6.
321 http fetch GET 304 https://registry.npmjs.org/@types%2ftype-check 104ms (from cache)
322 http fetch GET 304 https://registry.npmjs.org/@types%2fsymbol-tree 646ms (from cache)
323 silly pacote tag manifest for @types/type-check@ts3.6 fetched in 109ms
324 http fetch GET 304 https://registry.npmjs.org/@types%2ftypedarray-to-buffer 100ms (from cache)
325 silly registry:manifest no matching version for @types/typedarray-to-buffer@ts3.6 in the cache. Forcing revalidation.
326 silly pacote tag manifest for @types/symbol-tree@ts3.6 fetched in 653ms
327 http fetch GET 304 https://registry.npmjs.org/@types%2furix 93ms (from cache)
328 silly pacote tag manifest for @types/urix@ts3.6 fetched in 95ms
329 http fetch GET 304 https://registry.npmjs.org/@types%2fthrough2 588ms (from cache)
330 silly pacote tag manifest for @types/through2@ts3.6 fetched in 589ms
331 http fetch GET 304 https://registry.npmjs.org/@types%2futil-deprecate 66ms (from cache)
332 silly pacote tag manifest for @types/util-deprecate@ts3.6 fetched in 67ms
333 http fetch GET 304 https://registry.npmjs.org/@types%2futils-merge 78ms (from cache)
334 silly pacote tag manifest for @types/utils-merge@ts3.6 fetched in 82ms
335 http fetch GET 200 https://registry.npmjs.org/@types%2fuuid 6ms (from cache)
336 silly pacote tag manifest for @types/uuid@ts3.6 fetched in 11ms
337 http fetch GET 304 https://registry.npmjs.org/@types%2fvalidate-npm-package-license 123ms (from cache)
338 silly pacote tag manifest for @types/validate-npm-package-license@ts3.6 fetched in 125ms
339 http fetch GET 304 https://registry.npmjs.org/@types%2fsvg-parser 1229ms (from cache)
340 silly pacote tag manifest for @types/svg-parser@ts3.6 fetched in 1231ms
341 http fetch GET 304 https://registry.npmjs.org/@types%2fvary 74ms (from cache)
342 silly pacote tag manifest for @types/vary@ts3.6 fetched in 75ms
343 http fetch GET 200 https://registry.npmjs.org/@types%2ftypedarray-to-buffer 588ms
344 silly fetchPackageMetaData error for @types/typedarray-to-buffer@ts3.6 No matching version found for @types/typedarray-to-buffer@ts3.6.
345 http fetch GET 304 https://registry.npmjs.org/@types%2furl-parse 592ms (from cache)
346 silly pacote tag manifest for @types/url-parse@ts3.6 fetched in 594ms
347 http fetch GET 304 https://registry.npmjs.org/@types%2fwebidl-conversions 60ms (from cache)
348 silly pacote tag manifest for @types/webidl-conversions@ts3.6 fetched in 61ms
349 http fetch GET 304 https://registry.npmjs.org/@types%2fwatchpack 70ms (from cache)
350 silly pacote tag manifest for @types/watchpack@ts3.6 fetched in 73ms
351 http fetch GET 304 https://registry.npmjs.org/@types%2fwebpack 88ms (from cache)
352 silly pacote tag manifest for @types/webpack@ts3.6 fetched in 95ms
353 http fetch GET 304 https://registry.npmjs.org/@types%2fwebpack-sources 91ms (from cache)
354 silly pacote tag manifest for @types/webpack-sources@ts3.6 fetched in 96ms
355 http fetch GET 200 https://registry.npmjs.org/@types%2fwhatwg-encoding 6ms (from cache)
356 silly pacote tag manifest for @types/whatwg-encoding@ts3.6 fetched in 9ms
357 http fetch GET 304 https://registry.npmjs.org/@types%2ftimsort 1266ms (from cache)
358 silly pacote tag manifest for @types/timsort@ts3.6 fetched in 1267ms
359 http fetch GET 304 https://registry.npmjs.org/@types%2fthunky 1319ms (from cache)
360 silly pacote tag manifest for @types/thunky@ts3.6 fetched in 1320ms
361 http fetch GET 304 https://registry.npmjs.org/@types%2fwhatwg-url 92ms (from cache)
362 silly pacote tag manifest for @types/whatwg-url@ts3.6 fetched in 96ms
363 http fetch GET 200 https://registry.npmjs.org/@types%2fwhich-pm-runs 5ms (from cache)
364 silly pacote tag manifest for @types/which-pm-runs@ts3.6 fetched in 8ms
365 http fetch GET 304 https://registry.npmjs.org/@types%2fwhich 112ms (from cache)
366 silly pacote tag manifest for @types/which@ts3.6 fetched in 116ms
367 http fetch GET 304 https://registry.npmjs.org/@types%2fstream-shift 2254ms (from cache)
368 silly pacote tag manifest for @types/stream-shift@ts3.6 fetched in 2257ms
369 http fetch GET 304 https://registry.npmjs.org/@types%2funiq 1272ms (from cache)
370 silly pacote tag manifest for @types/uniq@ts3.6 fetched in 1274ms
371 http fetch GET 304 https://registry.npmjs.org/@types%2fworkbox-webpack-plugin 117ms (from cache)
372 silly pacote tag manifest for @types/workbox-webpack-plugin@ts3.6 fetched in 121ms
373 http fetch GET 304 https://registry.npmjs.org/@types%2fwebpack-manifest-plugin 591ms (from cache)
374 silly pacote tag manifest for @types/webpack-manifest-plugin@ts3.6 fetched in 592ms
375 http fetch GET 304 https://registry.npmjs.org/@types%2funiversalify 1294ms (from cache)
376 silly pacote tag manifest for @types/universalify@ts3.6 fetched in 1295ms
377 http fetch GET 200 https://registry.npmjs.org/@types%2fxml-name-validator 2ms (from cache)
378 silly registry:manifest no matching version for @types/xml-name-validator@ts3.6 in the cache. Forcing revalidation.
379 http fetch GET 200 https://registry.npmjs.org/@types%2fxml-name-validator 99ms
380 silly fetchPackageMetaData error for @types/xml-name-validator@ts3.6 No matching version found for @types/xml-name-validator@ts3.6.
381 http fetch GET 304 https://registry.npmjs.org/@types%2fws 117ms (from cache)
382 http fetch GET 304 https://registry.npmjs.org/@types%2fwrite-file-atomic 131ms (from cache)
383 silly pacote tag manifest for @types/ws@ts3.6 fetched in 121ms
384 silly pacote tag manifest for @types/write-file-atomic@ts3.6 fetched in 135ms
385 http fetch GET 200 https://registry.npmjs.org/@types%2fyallist 3ms (from cache)
386 silly pacote tag manifest for @types/yallist@ts3.6 fetched in 5ms
387 http fetch GET 200 https://registry.npmjs.org/@types%2fyargs 5ms (from cache)
388 silly pacote tag manifest for @types/yargs@ts3.6 fetched in 8ms
389 http fetch GET 200 https://registry.npmjs.org/@types%2fvideo-react 2ms (from cache)
390 silly registry:manifest no matching version for @types/video-react@ts3.6 in the cache. Forcing revalidation.
391 http fetch GET 304 https://registry.npmjs.org/@types%2fwhatwg-mimetype 585ms (from cache)
392 silly pacote tag manifest for @types/whatwg-mimetype@ts3.6 fetched in 586ms
393 http fetch GET 304 https://registry.npmjs.org/@types%2fyargs-parser 67ms (from cache)
394 silly pacote tag manifest for @types/yargs-parser@ts3.6 fetched in 68ms
395 http fetch GET 304 https://registry.npmjs.org/@types%2futil.promisify 1368ms (from cache)
396 silly pacote tag manifest for @types/util.promisify@ts3.6 fetched in 1369ms
397 http fetch GET 304 https://registry.npmjs.org/@types%2fworkbox-sw 584ms (from cache)
398 silly pacote tag manifest for @types/workbox-sw@ts3.6 fetched in 588ms
399 http fetch GET 304 https://registry.npmjs.org/@types%2fw3c-hr-time 1335ms (from cache)
400 silly pacote tag manifest for @types/w3c-hr-time@ts3.6 fetched in 1340ms
401 http fetch GET 304 https://registry.npmjs.org/@types%2fw3c-xmlserializer 1294ms (from cache)
402 silly pacote tag manifest for @types/w3c-xmlserializer@ts3.6 fetched in 1297ms
403 http fetch GET 304 https://registry.npmjs.org/@types%2fxtend 587ms (from cache)
404 silly pacote tag manifest for @types/xtend@ts3.6 fetched in 590ms
405 http fetch GET 304 https://registry.npmjs.org/@types%2fwrap-ansi 832ms (from cache)
406 silly pacote tag manifest for @types/wrap-ansi@ts3.6 fetched in 836ms
407 http fetch GET 304 https://registry.npmjs.org/@types%2fworkbox-build 1343ms (from cache)
408 silly pacote tag manifest for @types/workbox-build@ts3.6 fetched in 1347ms
409 http fetch GET 200 https://registry.npmjs.org/@types%2fvideo-react 1465ms
410 silly fetchPackageMetaData error for @types/video-react@ts3.6 No matching version found for @types/video-react@ts3.6.
411 timing stage:rollbackFailedOptional Completed in 3ms
412 timing stage:runTopLevelLifecycles Completed in 9389ms
413 verbose type tag
414 verbose stack @types/postcss-preset-env: No matching version found for @types/postcss-preset-env@ts3.6.
414 verbose stack     at pickManifest (/usr/local/lib/node_modules/npm/node_modules/npm-pick-manifest/index.js:122:13)
414 verbose stack     at /usr/local/lib/node_modules/npm/node_modules/pacote/lib/fetchers/registry/manifest.js:24:14
414 verbose stack     at tryCatcher (/usr/local/lib/node_modules/npm/node_modules/bluebird/js/release/util.js:16:23)
414 verbose stack     at Promise._settlePromiseFromHandler (/usr/local/lib/node_modules/npm/node_modules/bluebird/js/release/promise.js:517:31)
414 verbose stack     at Promise._settlePromise (/usr/local/lib/node_modules/npm/node_modules/bluebird/js/release/promise.js:574:18)
414 verbose stack     at Promise._settlePromise0 (/usr/local/lib/node_modules/npm/node_modules/bluebird/js/release/promise.js:619:10)
414 verbose stack     at Promise._settlePromises (/usr/local/lib/node_modules/npm/node_modules/bluebird/js/release/promise.js:699:18)
414 verbose stack     at _drainQueueStep (/usr/local/lib/node_modules/npm/node_modules/bluebird/js/release/async.js:138:12)
414 verbose stack     at _drainQueue (/usr/local/lib/node_modules/npm/node_modules/bluebird/js/release/async.js:131:9)
414 verbose stack     at Async._drainQueues (/usr/local/lib/node_modules/npm/node_modules/bluebird/js/release/async.js:147:5)
414 verbose stack     at Immediate.Async.drainQueues [as _onImmediate] (/usr/local/lib/node_modules/npm/node_modules/bluebird/js/release/async.js:17:14)
414 verbose stack     at processImmediate (internal/timers.js:456:21)
415 verbose cwd /home/theia/.cache/typescript/3.6
416 verbose Linux 5.10.102.1-microsoft-standard-WSL2
417 verbose argv "/usr/local/bin/node" "/usr/local/bin/npm" "install" "--ignore-scripts" "@types/lz-string@ts3.6" "@types/media-typer@ts3.6" "@types/memory-fs@ts3.6" "@types/memorystream@ts3.6" "@types/merge-descriptors@ts3.6" "@types/merge-stream@ts3.6" "@types/merge2@ts3.6" "@types/methods@ts3.6" "@types/micromatch@ts3.6" "@types/mime@ts3.6" "@types/mime-db@ts3.6" "@types/mime-types@ts3.6" "@types/min-indent@ts3.6" "@types/minimalistic-assert@ts3.6" "@types/minimatch@ts3.6" "@types/minimist@ts3.6" "@types/minipass@ts3.6" "@types/minizlib@ts3.6" "@types/mkdirp@ts3.6" "@types/move-concurrently@ts3.6" "@types/ms@ts3.6" "@types/multicast-dns@ts3.6" "@types/natural-compare@ts3.6" "@types/negotiator@ts3.6" "@types/next-tick@ts3.6" "@types/nice-try@ts3.6" "@types/node-forge@ts3.6" "@types/node-int64@ts3.6" "@types/node-notifier@ts3.6" "@types/normalize-package-data@ts3.6" "@types/normalize-path@ts3.6" "@types/num2fraction@ts3.6" "@types/nwsapi@ts3.6" "@types/object-assign@ts3.6" "@types/object-inspect@ts3.6" "@types/object-keys@ts3.6" "@types/object.fromentries@ts3.6" "@types/object.getownpropertydescriptors@ts3.6" "@types/object.pick@ts3.6" "@types/on-finished@ts3.6" "@types/on-headers@ts3.6" "@types/once@ts3.6" "@types/optimize-css-assets-webpack-plugin@ts3.6" "@types/pako@ts3.6" "@types/parallel-transform@ts3.6" "@types/parse-json@ts3.6" "@types/parse5@ts3.6" "@types/parseurl@ts3.6" "@types/pascalcase@ts3.6" "@types/path-browserify@ts3.6" "@types/path-is-absolute@ts3.6" "@types/path-is-inside@ts3.6" "@types/path-parse@ts3.6" "@types/pbkdf2@ts3.6" "@types/picomatch@ts3.6" "@types/pify@ts3.6" "@types/postcss-flexbugs-fixes@ts3.6" "@types/postcss-gap-properties@ts3.6" "@types/postcss-modules-extract-imports@ts3.6" "@types/postcss-modules-local-by-default@ts3.6" "@types/postcss-modules-scope@ts3.6" "@types/postcss-modules-values@ts3.6" "@types/postcss-normalize@ts3.6" "@types/postcss-preset-env@ts3.6" "@types/postcss-safe-parser@ts3.6" "@types/prelude-ls@ts3.6" "@types/prettier-linter-helpers@ts3.6" "@types/progress@ts3.6" "@types/promise-inflight@ts3.6" "@types/prompts@ts3.6" "@types/prop-types@ts3.6" "@types/proxy-addr@ts3.6" "@types/psl@ts3.6" "@types/pump@ts3.6" "@types/pumpify@ts3.6" "@types/punycode@ts3.6" "@types/q@ts3.6" "@types/qs@ts3.6" "@types/querystringify@ts3.6" "@types/raf@ts3.6" "@types/randombytes@ts3.6" "@types/range-parser@ts3.6" "@types/react-dev-utils@ts3.6" "@types/react-is@ts3.6" "@types/readable-stream@ts3.6" "@types/recursive-readdir@ts3.6" "@types/regenerate@ts3.6" "@types/regenerator-runtime@ts3.6" "@types/regex-not@ts3.6" "@types/relateurl@ts3.6" "@types/repeat-element@ts3.6" "@types/repeat-string@ts3.6" "@types/require-directory@ts3.6" "@types/require-from-string@ts3.6" "@types/requires-port@ts3.6" "@types/resolve@ts3.6" "@types/retry@ts3.6" "@types/rimraf@ts3.6" "@types/ripemd160@ts3.6" "@types/rsvp@ts3.6" "@types/run-parallel@ts3.6" "@types/safe-regex@ts3.6" "@types/safer-buffer@ts3.6" "@types/sane@ts3.6" "@types/sass-loader@ts3.6" "@types/sax@ts3.6" "@types/scheduler@ts3.6" "@types/selfsigned@ts3.6" "@types/semver@ts3.6" "@types/semver-compare@ts3.6" "@types/send@ts3.6" "@types/serialize-javascript@ts3.6" "@types/serve-index@ts3.6" "@types/serve-static@ts3.6" "@types/set-value@ts3.6" "@types/setimmediate@ts3.6" "@types/sha.js@ts3.6" "@types/shebang-command@ts3.6" "@types/shell-quote@ts3.6" "@types/signal-exit@ts3.6" "@types/simple-swizzle@ts3.6" "@types/slice-ansi@ts3.6" "@types/sockjs@ts3.6" "@types/sockjs-client@ts3.6" "@types/source-list-map@ts3.6" "@types/source-map-support@ts3.6" "@types/spdx-correct@ts3.6" "@types/spdx-expression-parse@ts3.6" "@types/spdy@ts3.6" "@types/sprintf@ts3.6" "@types/sprintf-js@ts3.6" "@types/ssri@ts3.6" "@types/stack-utils@ts3.6" "@types/statuses@ts3.6" "@types/stream-each@ts3.6" "@types/stream-shift@ts3.6" "@types/strict-uri-encode@ts3.6" "@types/string-natural-compare@ts3.6" "@types/string.prototype.matchall@ts3.6" "@types/stringify-object@ts3.6" "@types/strip-comments@ts3.6" "@types/strip-final-newline@ts3.6" "@types/supports-color@ts3.6" "@types/svg-parser@ts3.6" "@types/svgo@ts3.6" "@types/symbol-tree@ts3.6" "@types/tapable@ts3.6" "@types/tar@ts3.6" "@types/text-table@ts3.6" "@types/through@ts3.6" "@types/through2@ts3.6" "@types/thunky@ts3.6" "@types/timsort@ts3.6" "@types/tmpl@ts3.6" "@types/to-regex@ts3.6" "@types/to-regex-range@ts3.6" "@types/tough-cookie@ts3.6" "@types/tryer@ts3.6" "@types/type-check@ts3.6" "@types/type-detect@ts3.6" "@types/type-is@ts3.6" "@types/typedarray-to-buffer@ts3.6" "@types/uniq@ts3.6" "@types/universalify@ts3.6" "@types/urix@ts3.6" "@types/url-parse@ts3.6" "@types/util-deprecate@ts3.6" "@types/util.promisify@ts3.6" "@types/utils-merge@ts3.6" "@types/uuid@ts3.6" "@types/validate-npm-package-license@ts3.6" "@types/vary@ts3.6" "@types/w3c-hr-time@ts3.6" "@types/w3c-xmlserializer@ts3.6" "@types/watchpack@ts3.6" "@types/webidl-conversions@ts3.6" "@types/webpack@ts3.6" "@types/webpack-manifest-plugin@ts3.6" "@types/webpack-sources@ts3.6" "@types/whatwg-encoding@ts3.6" "@types/whatwg-mimetype@ts3.6" "@types/whatwg-url@ts3.6" "@types/which@ts3.6" "@types/which-pm-runs@ts3.6" "@types/workbox-build@ts3.6" "@types/workbox-sw@ts3.6" "@types/workbox-webpack-plugin@ts3.6" "@types/wrap-ansi@ts3.6" "@types/write-file-atomic@ts3.6" "@types/ws@ts3.6" "@types/xml-name-validator@ts3.6" "@types/xtend@ts3.6" "@types/yallist@ts3.6" "@types/yargs@ts3.6" "@types/yargs-parser@ts3.6" "@types/video-react@ts3.6" "--save-dev" "--user-agent=typesInstaller/3.6.3"
418 verbose node v12.18.3
419 verbose npm  v6.14.6
420 error code ETARGET
421 error notarget No matching version found for @types/postcss-preset-env@ts3.6.
422 error notarget In most cases you or one of your dependencies are requesting
422 error notarget a package version that doesn't exist.
423 verbose exit [ 1, true ]
