0 info it worked if it ends with ok
1 verbose cli [
1 verbose cli   '/usr/local/bin/node',
1 verbose cli   '/usr/local/bin/npm',
1 verbose cli   'install',
1 verbose cli   '--ignore-scripts',
1 verbose cli   '@types/testing-library__jest-dom@ts3.6',
1 verbose cli   '@types/react@ts3.6',
1 verbose cli   '@types/react-dom@ts3.6',
1 verbose cli   '@types/eslint-config-prettier@ts3.6',
1 verbose cli   '@types/eslint-plugin-prettier@ts3.6',
1 verbose cli   '@types/prettier@ts3.6',
1 verbose cli   '@types/accepts@ts3.6',
1 verbose cli   '@types/acorn@ts3.6',
1 verbose cli   '@types/argparse@ts3.6',
1 verbose cli   '@types/aria-query@ts3.6',
1 verbose cli   '@types/arr-diff@ts3.6',
1 verbose cli   '@types/arr-union@ts3.6',
1 verbose cli   '@types/array-unique@ts3.6',
1 verbose cli   '@types/array.prototype.flat@ts3.6',
1 verbose cli   '@types/array.prototype.flatmap@ts3.6',
1 verbose cli   '@types/asap@ts3.6',
1 verbose cli   '@types/assert@ts3.6',
1 verbose cli   '@types/async@ts3.6',
1 verbose cli   '@types/atob@ts3.6',
1 verbose cli   '@types/babel-plugin-macros@ts3.6',
1 verbose cli   '@types/babylon@ts3.6',
1 verbose cli   '@types/balanced-match@ts3.6',
1 verbose cli   '@types/big.js@ts3.6',
1 verbose cli   '@types/bluebird@ts3.6',
1 verbose cli   '@types/bn.js@ts3.6',
1 verbose cli   '@types/body-parser@ts3.6',
1 verbose cli   '@types/bonjour@ts3.6',
1 verbose cli   '@types/boolbase@ts3.6',
1 verbose cli   '@types/brace-expansion@ts3.6',
1 verbose cli   '@types/braces@ts3.6',
1 verbose cli   '@types/brorand@ts3.6',
1 verbose cli   '@types/bser@ts3.6',
1 verbose cli   '@types/buffer-from@ts3.6',
1 verbose cli   '@types/buffer-xor@ts3.6',
1 verbose cli   '@types/bytes@ts3.6',
1 verbose cli   '@types/cacache@ts3.6',
1 verbose cli   '@types/call-bind@ts3.6',
1 verbose cli   '@types/caniuse-api@ts3.6',
1 verbose cli   '@types/caniuse-lite@ts3.6',
1 verbose cli   '@types/case-sensitive-paths-webpack-plugin@ts3.6',
1 verbose cli   '@types/check-types@ts3.6',
1 verbose cli   '@types/chownr@ts3.6',
1 verbose cli   '@types/cipher-base@ts3.6',
1 verbose cli   '@types/clean-css@ts3.6',
1 verbose cli   '@types/co@ts3.6',
1 verbose cli   '@types/color@ts3.6',
1 verbose cli   '@types/color-convert@ts3.6',
1 verbose cli   '@types/color-name@ts3.6',
1 verbose cli   '@types/color-string@ts3.6',
1 verbose cli   '@types/combined-stream@ts3.6',
1 verbose cli   '@types/common-tags@ts3.6',
1 verbose cli   '@types/commondir@ts3.6',
1 verbose cli   '@types/component-emitter@ts3.6',
1 verbose cli   '@types/compose-function@ts3.6',
1 verbose cli   '@types/compressible@ts3.6',
1 verbose cli   '@types/compression@ts3.6',
1 verbose cli   '@types/concat-map@ts3.6',
1 verbose cli   '@types/concat-stream@ts3.6',
1 verbose cli   '@types/confusing-browser-globals@ts3.6',
1 verbose cli   '@types/connect-history-api-fallback@ts3.6',
1 verbose cli   '@types/content-disposition@ts3.6',
1 verbose cli   '@types/content-type@ts3.6',
1 verbose cli   '@types/convert-source-map@ts3.6',
1 verbose cli   '@types/cookie@ts3.6',
1 verbose cli   '@types/cookie-signature@ts3.6',
1 verbose cli   '@types/core-js@ts3.6',
1 verbose cli   '@types/create-hash@ts3.6',
1 verbose cli   '@types/create-hmac@ts3.6',
1 verbose cli   '@types/cross-spawn@ts3.6',
1 verbose cli   '@types/css@ts3.6',
1 verbose cli   '@types/css-declaration-sorter@ts3.6',
1 verbose cli   '@types/css-tree@ts3.6',
1 verbose cli   '@types/cssesc@ts3.6',
1 verbose cli   '@types/csso@ts3.6',
1 verbose cli   '@types/cssom@ts3.6',
1 verbose cli   '@types/cssstyle@ts3.6',
1 verbose cli   '@types/d@ts3.6',
1 verbose cli   '@types/damerau-levenshtein@ts3.6',
1 verbose cli   '@types/data-urls@ts3.6',
1 verbose cli   '@types/debug@ts3.6',
1 verbose cli   '@types/decode-uri-component@ts3.6',
1 verbose cli   '@types/dedent@ts3.6',
1 verbose cli   '@types/deep-equal@ts3.6',
1 verbose cli   '@types/default-gateway@ts3.6',
1 verbose cli   '@types/define-properties@ts3.6',
1 verbose cli   '@types/depd@ts3.6',
1 verbose cli   '@types/destroy@ts3.6',
1 verbose cli   '@types/detect-node@ts3.6',
1 verbose cli   '@types/diffie-hellman@ts3.6',
1 verbose cli   '@types/dir-glob@ts3.6',
1 verbose cli   '@types/dns-packet@ts3.6',
1 verbose cli   '@types/doctrine@ts3.6',
1 verbose cli   '@types/domexception@ts3.6',
1 verbose cli   '@types/domutils@ts3.6',
1 verbose cli   '@types/duplexify@ts3.6',
1 verbose cli   '@types/ee-first@ts3.6',
1 verbose cli   ... 103 more items
1 verbose cli ]
2 info using npm@6.14.6
3 info using node@v12.18.3
4 verbose npm-session c947124b57ccec88
5 silly install loadCurrentTree
6 silly install readLocalPackageData
7 http fetch GET 304 https://registry.npmjs.org/@types%2feslint-plugin-prettier 574ms (from cache)
8 http fetch GET 304 https://registry.npmjs.org/@types%2feslint-config-prettier 576ms (from cache)
9 http fetch GET 304 https://registry.npmjs.org/@types%2facorn 570ms (from cache)
10 http fetch GET 304 https://registry.npmjs.org/@types%2freact-dom 591ms (from cache)
11 http fetch GET 304 https://registry.npmjs.org/@types%2faria-query 572ms (from cache)
12 http fetch GET 304 https://registry.npmjs.org/@types%2fargparse 585ms (from cache)
13 silly pacote tag manifest for @types/eslint-config-prettier@ts3.6 fetched in 610ms
14 silly pacote tag manifest for @types/eslint-plugin-prettier@ts3.6 fetched in 617ms
15 http fetch GET 304 https://registry.npmjs.org/@types%2faccepts 626ms (from cache)
16 http fetch GET 304 https://registry.npmjs.org/@types%2ftesting-library__jest-dom 643ms (from cache)
17 silly pacote tag manifest for @types/acorn@ts3.6 fetched in 629ms
18 silly pacote tag manifest for @types/react-dom@ts3.6 fetched in 653ms
19 silly pacote tag manifest for @types/aria-query@ts3.6 fetched in 632ms
20 http fetch GET 304 https://registry.npmjs.org/@types%2fprettier 648ms (from cache)
21 silly pacote tag manifest for @types/argparse@ts3.6 fetched in 646ms
22 http fetch GET 304 https://registry.npmjs.org/@types%2freact 671ms (from cache)
23 silly pacote tag manifest for @types/testing-library__jest-dom@ts3.6 fetched in 704ms
24 silly pacote tag manifest for @types/accepts@ts3.6 fetched in 681ms
25 silly pacote tag manifest for @types/prettier@ts3.6 fetched in 704ms
26 silly pacote tag manifest for @types/react@ts3.6 fetched in 730ms
27 http fetch GET 304 https://registry.npmjs.org/@types%2farray-unique 281ms (from cache)
28 http fetch GET 304 https://registry.npmjs.org/@types%2farr-diff 300ms (from cache)
29 http fetch GET 304 https://registry.npmjs.org/@types%2farr-union 298ms (from cache)
30 http fetch GET 304 https://registry.npmjs.org/@types%2farray.prototype.flat 276ms (from cache)
31 http fetch GET 304 https://registry.npmjs.org/@types%2farray.prototype.flatmap 279ms (from cache)
32 silly pacote tag manifest for @types/arr-union@ts3.6 fetched in 314ms
33 silly pacote tag manifest for @types/array-unique@ts3.6 fetched in 300ms
34 silly pacote tag manifest for @types/arr-diff@ts3.6 fetched in 322ms
35 silly pacote tag manifest for @types/array.prototype.flat@ts3.6 fetched in 300ms
36 http fetch GET 304 https://registry.npmjs.org/@types%2fatob 242ms (from cache)
37 silly pacote tag manifest for @types/array.prototype.flatmap@ts3.6 fetched in 307ms
38 http fetch GET 304 https://registry.npmjs.org/@types%2fasync 278ms (from cache)
39 http fetch GET 304 https://registry.npmjs.org/@types%2fassert 297ms (from cache)
40 http fetch GET 304 https://registry.npmjs.org/@types%2fbabel-plugin-macros 264ms (from cache)
41 http fetch GET 304 https://registry.npmjs.org/@types%2fasap 321ms (from cache)
42 silly pacote tag manifest for @types/atob@ts3.6 fetched in 280ms
43 silly pacote tag manifest for @types/async@ts3.6 fetched in 313ms
44 silly pacote tag manifest for @types/assert@ts3.6 fetched in 316ms
45 silly pacote tag manifest for @types/babel-plugin-macros@ts3.6 fetched in 285ms
46 silly pacote tag manifest for @types/asap@ts3.6 fetched in 338ms
47 http fetch GET 304 https://registry.npmjs.org/@types%2fbalanced-match 221ms (from cache)
48 http fetch GET 304 https://registry.npmjs.org/@types%2fbabylon 223ms (from cache)
49 http fetch GET 304 https://registry.npmjs.org/@types%2fbn.js 211ms (from cache)
50 http fetch GET 304 https://registry.npmjs.org/@types%2fbig.js 231ms (from cache)
51 http fetch GET 304 https://registry.npmjs.org/@types%2fbluebird 228ms (from cache)
52 silly pacote tag manifest for @types/balanced-match@ts3.6 fetched in 242ms
53 silly pacote tag manifest for @types/babylon@ts3.6 fetched in 246ms
54 silly pacote tag manifest for @types/big.js@ts3.6 fetched in 254ms
55 silly pacote tag manifest for @types/bn.js@ts3.6 fetched in 241ms
56 http fetch GET 304 https://registry.npmjs.org/@types%2fbody-parser 209ms (from cache)
57 silly pacote tag manifest for @types/bluebird@ts3.6 fetched in 258ms
58 silly pacote tag manifest for @types/body-parser@ts3.6 fetched in 241ms
59 http fetch GET 304 https://registry.npmjs.org/@types%2fbonjour 241ms (from cache)
60 http fetch GET 304 https://registry.npmjs.org/@types%2fboolbase 246ms (from cache)
61 http fetch GET 304 https://registry.npmjs.org/@types%2fbrace-expansion 245ms (from cache)
62 silly pacote tag manifest for @types/bonjour@ts3.6 fetched in 256ms
63 silly pacote tag manifest for @types/boolbase@ts3.6 fetched in 258ms
64 silly pacote tag manifest for @types/brace-expansion@ts3.6 fetched in 257ms
65 http fetch GET 304 https://registry.npmjs.org/@types%2fbraces 257ms (from cache)
66 silly pacote tag manifest for @types/braces@ts3.6 fetched in 269ms
67 http fetch GET 304 https://registry.npmjs.org/@types%2fbrorand 130ms (from cache)
68 silly pacote tag manifest for @types/brorand@ts3.6 fetched in 139ms
69 http fetch GET 304 https://registry.npmjs.org/@types%2fbuffer-from 136ms (from cache)
70 silly pacote tag manifest for @types/buffer-from@ts3.6 fetched in 148ms
71 http fetch GET 304 https://registry.npmjs.org/@types%2fbser 160ms (from cache)
72 silly pacote tag manifest for @types/bser@ts3.6 fetched in 171ms
73 http fetch GET 304 https://registry.npmjs.org/@types%2fbytes 169ms (from cache)
74 silly pacote tag manifest for @types/bytes@ts3.6 fetched in 183ms
75 http fetch GET 304 https://registry.npmjs.org/@types%2fcaniuse-api 183ms (from cache)
76 http fetch GET 304 https://registry.npmjs.org/@types%2fbuffer-xor 242ms (from cache)
77 http fetch GET 304 https://registry.npmjs.org/@types%2fcall-bind 201ms (from cache)
78 silly pacote tag manifest for @types/caniuse-api@ts3.6 fetched in 200ms
79 silly registry:manifest no matching version for @types/call-bind@ts3.6 in the cache. Forcing revalidation.
80 http fetch GET 304 https://registry.npmjs.org/@types%2fcaniuse-lite 203ms (from cache)
81 silly pacote tag manifest for @types/buffer-xor@ts3.6 fetched in 265ms
82 silly pacote tag manifest for @types/caniuse-lite@ts3.6 fetched in 224ms
83 http fetch GET 304 https://registry.npmjs.org/@types%2fcase-sensitive-paths-webpack-plugin 228ms (from cache)
84 http fetch GET 304 https://registry.npmjs.org/@types%2fcheck-types 183ms (from cache)
85 http fetch GET 304 https://registry.npmjs.org/@types%2fchownr 167ms (from cache)
86 silly pacote tag manifest for @types/case-sensitive-paths-webpack-plugin@ts3.6 fetched in 233ms
87 silly pacote tag manifest for @types/check-types@ts3.6 fetched in 190ms
88 silly pacote tag manifest for @types/chownr@ts3.6 fetched in 178ms
89 http fetch GET 200 https://registry.npmjs.org/@types%2fcall-bind 151ms
90 silly fetchPackageMetaData error for @types/call-bind@ts3.6 No matching version found for @types/call-bind@ts3.6.
91 http fetch GET 304 https://registry.npmjs.org/@types%2fcolor 220ms (from cache)
92 http fetch GET 304 https://registry.npmjs.org/@types%2fcolor-convert 204ms (from cache)
93 silly pacote tag manifest for @types/color@ts3.6 fetched in 229ms
94 http fetch GET 304 https://registry.npmjs.org/@types%2fco 241ms (from cache)
95 http fetch GET 304 https://registry.npmjs.org/@types%2fcolor-string 186ms (from cache)
96 http fetch GET 304 https://registry.npmjs.org/@types%2fcombined-stream 180ms (from cache)
97 http fetch GET 304 https://registry.npmjs.org/@types%2fcolor-name 193ms (from cache)
98 silly pacote tag manifest for @types/color-convert@ts3.6 fetched in 218ms
99 silly pacote tag manifest for @types/co@ts3.6 fetched in 252ms
100 silly pacote tag manifest for @types/color-string@ts3.6 fetched in 200ms
101 silly pacote tag manifest for @types/combined-stream@ts3.6 fetched in 195ms
102 silly pacote tag manifest for @types/color-name@ts3.6 fetched in 205ms
103 http fetch GET 304 https://registry.npmjs.org/@types%2fcommon-tags 141ms (from cache)
104 silly pacote tag manifest for @types/common-tags@ts3.6 fetched in 147ms
105 http fetch GET 304 https://registry.npmjs.org/@types%2fcomponent-emitter 135ms (from cache)
106 silly pacote tag manifest for @types/component-emitter@ts3.6 fetched in 144ms
107 http fetch GET 304 https://registry.npmjs.org/@types%2fcompose-function 158ms (from cache)
108 silly pacote tag manifest for @types/compose-function@ts3.6 fetched in 171ms
109 http fetch GET 304 https://registry.npmjs.org/@types%2fcompressible 171ms (from cache)
110 silly pacote tag manifest for @types/compressible@ts3.6 fetched in 185ms
111 http fetch GET 304 https://registry.npmjs.org/@types%2fconcat-map 191ms (from cache)
112 http fetch GET 304 https://registry.npmjs.org/@types%2fcommondir 216ms (from cache)
113 silly pacote tag manifest for @types/concat-map@ts3.6 fetched in 203ms
114 silly pacote tag manifest for @types/commondir@ts3.6 fetched in 235ms
115 http fetch GET 304 https://registry.npmjs.org/@types%2fcompression 223ms (from cache)
116 http fetch GET 304 https://registry.npmjs.org/@types%2fconcat-stream 192ms (from cache)
117 silly pacote tag manifest for @types/compression@ts3.6 fetched in 242ms
118 silly pacote tag manifest for @types/concat-stream@ts3.6 fetched in 199ms
119 http fetch GET 304 https://registry.npmjs.org/@types%2fcacache 739ms (from cache)
120 silly pacote tag manifest for @types/cacache@ts3.6 fetched in 745ms
121 http fetch GET 304 https://registry.npmjs.org/@types%2fconfusing-browser-globals 136ms (from cache)
122 silly pacote tag manifest for @types/confusing-browser-globals@ts3.6 fetched in 140ms
123 http fetch GET 304 https://registry.npmjs.org/@types%2fconnect-history-api-fallback 120ms (from cache)
124 silly pacote tag manifest for @types/connect-history-api-fallback@ts3.6 fetched in 126ms
125 http fetch GET 304 https://registry.npmjs.org/@types%2fcontent-disposition 122ms (from cache)
126 silly pacote tag manifest for @types/content-disposition@ts3.6 fetched in 129ms
127 http fetch GET 304 https://registry.npmjs.org/@types%2fclean-css 659ms (from cache)
128 silly pacote tag manifest for @types/clean-css@ts3.6 fetched in 672ms
129 http fetch GET 304 https://registry.npmjs.org/@types%2fcontent-type 158ms (from cache)
130 silly pacote tag manifest for @types/content-type@ts3.6 fetched in 166ms
131 http fetch GET 304 https://registry.npmjs.org/@types%2fconvert-source-map 168ms (from cache)
132 http fetch GET 304 https://registry.npmjs.org/@types%2fcookie-signature 140ms (from cache)
133 http fetch GET 304 https://registry.npmjs.org/@types%2fcore-js 131ms (from cache)
134 silly pacote tag manifest for @types/convert-source-map@ts3.6 fetched in 180ms
135 silly pacote tag manifest for @types/cookie-signature@ts3.6 fetched in 153ms
136 silly pacote tag manifest for @types/core-js@ts3.6 fetched in 145ms
137 http fetch GET 304 https://registry.npmjs.org/@types%2fcreate-hmac 137ms (from cache)
138 silly pacote tag manifest for @types/create-hmac@ts3.6 fetched in 145ms
139 http fetch GET 304 https://registry.npmjs.org/@types%2fcreate-hash 165ms (from cache)
140 silly pacote tag manifest for @types/create-hash@ts3.6 fetched in 172ms
141 http fetch GET 304 https://registry.npmjs.org/@types%2fcross-spawn 133ms (from cache)
142 silly pacote tag manifest for @types/cross-spawn@ts3.6 fetched in 141ms
143 http fetch GET 304 https://registry.npmjs.org/@types%2fcss 113ms (from cache)
144 silly pacote tag manifest for @types/css@ts3.6 fetched in 147ms
145 http fetch GET 304 https://registry.npmjs.org/@types%2fcss-declaration-sorter 192ms (from cache)
146 http fetch GET 304 https://registry.npmjs.org/@types%2fcss-tree 176ms (from cache)
147 silly pacote tag manifest for @types/css-declaration-sorter@ts3.6 fetched in 202ms
148 silly pacote tag manifest for @types/css-tree@ts3.6 fetched in 191ms
149 http fetch GET 304 https://registry.npmjs.org/@types%2fcssesc 198ms (from cache)
150 http fetch GET 304 https://registry.npmjs.org/@types%2fcssom 180ms (from cache)
151 http fetch GET 304 https://registry.npmjs.org/@types%2fcssstyle 170ms (from cache)
152 http fetch GET 304 https://registry.npmjs.org/@types%2fcsso 216ms (from cache)
153 silly pacote tag manifest for @types/cssesc@ts3.6 fetched in 224ms
154 silly pacote tag manifest for @types/cssom@ts3.6 fetched in 192ms
155 silly pacote tag manifest for @types/cssstyle@ts3.6 fetched in 182ms
156 silly pacote tag manifest for @types/csso@ts3.6 fetched in 230ms
157 http fetch GET 304 https://registry.npmjs.org/@types%2fd 192ms (from cache)
158 silly pacote tag manifest for @types/d@ts3.6 fetched in 199ms
159 http fetch GET 304 https://registry.npmjs.org/@types%2fdamerau-levenshtein 161ms (from cache)
160 silly pacote tag manifest for @types/damerau-levenshtein@ts3.6 fetched in 170ms
161 http fetch GET 304 https://registry.npmjs.org/@types%2fdata-urls 104ms (from cache)
162 silly pacote tag manifest for @types/data-urls@ts3.6 fetched in 110ms
163 http fetch GET 304 https://registry.npmjs.org/@types%2fdebug 120ms (from cache)
164 silly pacote tag manifest for @types/debug@ts3.6 fetched in 123ms
165 http fetch GET 304 https://registry.npmjs.org/@types%2fdedent 112ms (from cache)
166 silly pacote tag manifest for @types/dedent@ts3.6 fetched in 118ms
167 http fetch GET 304 https://registry.npmjs.org/@types%2fdefault-gateway 135ms (from cache)
168 silly pacote tag manifest for @types/default-gateway@ts3.6 fetched in 141ms
169 http fetch GET 304 https://registry.npmjs.org/@types%2fdecode-uri-component 168ms (from cache)
170 http fetch GET 304 https://registry.npmjs.org/@types%2fdefine-properties 136ms (from cache)
171 http fetch GET 304 https://registry.npmjs.org/@types%2fdepd 124ms (from cache)
172 silly pacote tag manifest for @types/decode-uri-component@ts3.6 fetched in 178ms
173 silly pacote tag manifest for @types/define-properties@ts3.6 fetched in 149ms
174 silly pacote tag manifest for @types/depd@ts3.6 fetched in 139ms
175 http fetch GET 304 https://registry.npmjs.org/@types%2fdetect-node 137ms (from cache)
176 http fetch GET 304 https://registry.npmjs.org/@types%2fdestroy 161ms (from cache)
177 silly pacote tag manifest for @types/detect-node@ts3.6 fetched in 144ms
178 silly pacote tag manifest for @types/destroy@ts3.6 fetched in 174ms
179 http fetch GET 304 https://registry.npmjs.org/@types%2fdiffie-hellman 146ms (from cache)
180 silly pacote tag manifest for @types/diffie-hellman@ts3.6 fetched in 153ms
181 http fetch GET 304 https://registry.npmjs.org/@types%2fdir-glob 126ms (from cache)
182 silly pacote tag manifest for @types/dir-glob@ts3.6 fetched in 132ms
183 http fetch GET 304 https://registry.npmjs.org/@types%2fdoctrine 135ms (from cache)
184 silly pacote tag manifest for @types/doctrine@ts3.6 fetched in 145ms
185 http fetch GET 304 https://registry.npmjs.org/@types%2fdns-packet 170ms (from cache)
186 http fetch GET 304 https://registry.npmjs.org/@types%2fdomexception 167ms (from cache)
187 silly pacote tag manifest for @types/dns-packet@ts3.6 fetched in 179ms
188 silly pacote tag manifest for @types/domexception@ts3.6 fetched in 174ms
189 http fetch GET 304 https://registry.npmjs.org/@types%2fdomutils 154ms (from cache)
190 silly pacote tag manifest for @types/domutils@ts3.6 fetched in 163ms
191 http fetch GET 304 https://registry.npmjs.org/@types%2fee-first 124ms (from cache)
192 silly pacote tag manifest for @types/ee-first@ts3.6 fetched in 129ms
193 http fetch GET 304 https://registry.npmjs.org/@types%2fduplexify 182ms (from cache)
194 http fetch GET 304 https://registry.npmjs.org/@types%2fejs 140ms (from cache)
195 silly pacote tag manifest for @types/duplexify@ts3.6 fetched in 189ms
196 silly pacote tag manifest for @types/ejs@ts3.6 fetched in 147ms
197 http fetch GET 304 https://registry.npmjs.org/@types%2felliptic 145ms (from cache)
198 silly pacote tag manifest for @types/elliptic@ts3.6 fetched in 150ms
199 http fetch GET 304 https://registry.npmjs.org/@types%2fencodeurl 123ms (from cache)
200 http fetch GET 304 https://registry.npmjs.org/@types%2fend-of-stream 121ms (from cache)
201 silly pacote tag manifest for @types/encodeurl@ts3.6 fetched in 130ms
202 silly pacote tag manifest for @types/end-of-stream@ts3.6 fetched in 131ms
203 http fetch GET 304 https://registry.npmjs.org/@types%2fenhanced-resolve 129ms (from cache)
204 http fetch GET 304 https://registry.npmjs.org/@types%2fes-abstract 131ms (from cache)
205 silly pacote tag manifest for @types/enhanced-resolve@ts3.6 fetched in 147ms
206 silly pacote tag manifest for @types/es-abstract@ts3.6 fetched in 149ms
207 http fetch GET 304 https://registry.npmjs.org/@types%2fcipher-base 1583ms (from cache)
208 http fetch GET 304 https://registry.npmjs.org/@types%2fes-to-primitive 170ms (from cache)
209 http fetch GET 304 https://registry.npmjs.org/@types%2fescape-html 169ms (from cache)
210 silly pacote tag manifest for @types/cipher-base@ts3.6 fetched in 1597ms
211 silly pacote tag manifest for @types/es-to-primitive@ts3.6 fetched in 182ms
212 silly pacote tag manifest for @types/escape-html@ts3.6 fetched in 182ms
213 http fetch GET 304 https://registry.npmjs.org/@types%2fescodegen 149ms (from cache)
214 http fetch GET 304 https://registry.npmjs.org/@types%2feslint-scope 136ms (from cache)
215 silly pacote tag manifest for @types/escodegen@ts3.6 fetched in 157ms
216 silly pacote tag manifest for @types/eslint-scope@ts3.6 fetched in 145ms
217 http fetch GET 304 https://registry.npmjs.org/@types%2feslint 158ms (from cache)
218 silly pacote tag manifest for @types/eslint@ts3.6 fetched in 168ms
219 http fetch GET 304 https://registry.npmjs.org/@types%2feslint-visitor-keys 117ms (from cache)
220 http fetch GET 304 https://registry.npmjs.org/@types%2feslint-utils 130ms (from cache)
221 silly pacote tag manifest for @types/eslint-visitor-keys@ts3.6 fetched in 122ms
222 silly pacote tag manifest for @types/eslint-utils@ts3.6 fetched in 136ms
223 http fetch GET 304 https://registry.npmjs.org/@types%2festraverse 148ms (from cache)
224 silly pacote tag manifest for @types/estraverse@ts3.6 fetched in 157ms
225 http fetch GET 304 https://registry.npmjs.org/@types%2fesutils 138ms (from cache)
226 silly pacote tag manifest for @types/esutils@ts3.6 fetched in 146ms
227 http fetch GET 304 https://registry.npmjs.org/@types%2fesprima 182ms (from cache)
228 http fetch GET 304 https://registry.npmjs.org/@types%2fetag 152ms (from cache)
229 silly pacote tag manifest for @types/esprima@ts3.6 fetched in 195ms
230 silly pacote tag manifest for @types/etag@ts3.6 fetched in 164ms
231 http fetch GET 304 https://registry.npmjs.org/@types%2fevents 153ms (from cache)
232 silly pacote tag manifest for @types/events@ts3.6 fetched in 163ms
233 http fetch GET 304 https://registry.npmjs.org/@types%2fexit 152ms (from cache)
234 http fetch GET 304 https://registry.npmjs.org/@types%2feventsource 158ms (from cache)
235 silly pacote tag manifest for @types/exit@ts3.6 fetched in 160ms
236 silly pacote tag manifest for @types/eventsource@ts3.6 fetched in 167ms
237 http fetch GET 304 https://registry.npmjs.org/@types%2ffast-levenshtein 104ms (from cache)
238 http fetch GET 304 https://registry.npmjs.org/@types%2fexpress 123ms (from cache)
239 silly pacote tag manifest for @types/fast-levenshtein@ts3.6 fetched in 114ms
240 silly pacote tag manifest for @types/express@ts3.6 fetched in 135ms
241 http fetch GET 304 https://registry.npmjs.org/@types%2ffile-entry-cache 130ms (from cache)
242 http fetch GET 304 https://registry.npmjs.org/@types%2ffb-watchman 136ms (from cache)
243 http fetch GET 304 https://registry.npmjs.org/@types%2ffile-loader 120ms (from cache)
244 silly pacote tag manifest for @types/file-entry-cache@ts3.6 fetched in 137ms
245 silly pacote tag manifest for @types/fb-watchman@ts3.6 fetched in 145ms
246 silly pacote tag manifest for @types/file-loader@ts3.6 fetched in 128ms
247 http fetch GET 304 https://registry.npmjs.org/@types%2ffinalhandler 122ms (from cache)
248 silly pacote tag manifest for @types/finalhandler@ts3.6 fetched in 128ms
249 http fetch GET 304 https://registry.npmjs.org/@types%2fcookie 1379ms (from cache)
250 silly pacote tag manifest for @types/cookie@ts3.6 fetched in 1384ms
251 http fetch GET 304 https://registry.npmjs.org/@types%2fflat-cache 96ms (from cache)
252 silly pacote tag manifest for @types/flat-cache@ts3.6 fetched in 100ms
253 http fetch GET 304 https://registry.npmjs.org/@types%2ffind-cache-dir 109ms (from cache)
254 silly pacote tag manifest for @types/find-cache-dir@ts3.6 fetched in 111ms
255 http fetch GET 304 https://registry.npmjs.org/@types%2fflush-write-stream 137ms (from cache)
256 http fetch GET 304 https://registry.npmjs.org/@types%2ffollow-redirects 138ms (from cache)
257 http fetch GET 304 https://registry.npmjs.org/@types%2fforwarded 134ms (from cache)
258 http fetch GET 304 https://registry.npmjs.org/@types%2ffresh 116ms (from cache)
259 silly pacote tag manifest for @types/flush-write-stream@ts3.6 fetched in 147ms
260 silly pacote tag manifest for @types/forwarded@ts3.6 fetched in 146ms
261 silly pacote tag manifest for @types/follow-redirects@ts3.6 fetched in 151ms
262 silly pacote tag manifest for @types/fresh@ts3.6 fetched in 134ms
263 http fetch GET 304 https://registry.npmjs.org/@types%2ffrom2 137ms (from cache)
264 silly pacote tag manifest for @types/from2@ts3.6 fetched in 145ms
265 http fetch GET 304 https://registry.npmjs.org/@types%2ffunction-bind 132ms (from cache)
266 silly pacote tag manifest for @types/function-bind@ts3.6 fetched in 136ms
267 http fetch GET 304 https://registry.npmjs.org/@types%2ffs-extra 176ms (from cache)
268 silly pacote tag manifest for @types/fs-extra@ts3.6 fetched in 182ms
269 http fetch GET 304 https://registry.npmjs.org/@types%2ffunctional-red-black-tree 186ms (from cache)
270 http fetch GET 304 https://registry.npmjs.org/@types%2fget-intrinsic 183ms (from cache)
271 http fetch GET 304 https://registry.npmjs.org/@types%2fdeep-equal 1284ms (from cache)
272 silly registry:manifest no matching version for @types/get-intrinsic@ts3.6 in the cache. Forcing revalidation.
273 silly pacote tag manifest for @types/functional-red-black-tree@ts3.6 fetched in 199ms
274 silly pacote tag manifest for @types/deep-equal@ts3.6 fetched in 1296ms
275 http fetch GET 304 https://registry.npmjs.org/@types%2fgensync 213ms (from cache)
276 silly registry:manifest no matching version for @types/gensync@ts3.6 in the cache. Forcing revalidation.
277 http fetch GET 304 https://registry.npmjs.org/@types%2fget-value 220ms (from cache)
278 silly pacote tag manifest for @types/get-value@ts3.6 fetched in 229ms
279 http fetch GET 304 https://registry.npmjs.org/@types%2fglob 200ms (from cache)
280 silly pacote tag manifest for @types/glob@ts3.6 fetched in 212ms
281 http fetch GET 304 https://registry.npmjs.org/@types%2fglob-parent 209ms (from cache)
282 silly pacote tag manifest for @types/glob-parent@ts3.6 fetched in 217ms
283 http fetch GET 304 https://registry.npmjs.org/@types%2fglobal-modules 195ms (from cache)
284 silly pacote tag manifest for @types/global-modules@ts3.6 fetched in 200ms
285 http fetch GET 200 https://registry.npmjs.org/@types%2fget-intrinsic 121ms
286 silly fetchPackageMetaData error for @types/get-intrinsic@ts3.6 No matching version found for @types/get-intrinsic@ts3.6.
287 http fetch GET 304 https://registry.npmjs.org/@types%2fglobal-prefix 132ms (from cache)
288 silly pacote tag manifest for @types/global-prefix@ts3.6 fetched in 139ms
289 http fetch GET 200 https://registry.npmjs.org/@types%2fgensync 121ms
290 silly fetchPackageMetaData error for @types/gensync@ts3.6 No matching version found for @types/gensync@ts3.6.
291 http fetch GET 304 https://registry.npmjs.org/@types%2fgraceful-fs 165ms (from cache)
292 silly pacote tag manifest for @types/graceful-fs@ts3.6 fetched in 175ms
293 http fetch GET 304 https://registry.npmjs.org/@types%2fhas 142ms (from cache)
294 silly pacote tag manifest for @types/has@ts3.6 fetched in 155ms
295 http fetch GET 304 https://registry.npmjs.org/@types%2fhe 133ms (from cache)
296 http fetch GET 304 https://registry.npmjs.org/@types%2fhas-symbols 154ms (from cache)
297 silly pacote tag manifest for @types/he@ts3.6 fetched in 145ms
298 silly pacote tag manifest for @types/has-symbols@ts3.6 fetched in 163ms
299 http fetch GET 304 https://registry.npmjs.org/@types%2fhex-color-regex 156ms (from cache)
300 silly pacote tag manifest for @types/hex-color-regex@ts3.6 fetched in 160ms
301 http fetch GET 304 https://registry.npmjs.org/@types%2fhosted-git-info 141ms (from cache)
302 silly pacote tag manifest for @types/hosted-git-info@ts3.6 fetched in 145ms
303 http fetch GET 304 https://registry.npmjs.org/@types%2fhtml-encoding-sniffer 147ms (from cache)
304 silly pacote tag manifest for @types/html-encoding-sniffer@ts3.6 fetched in 158ms
305 http fetch GET 304 https://registry.npmjs.org/@types%2fhtml-minifier-terser 141ms (from cache)
306 http fetch GET 304 https://registry.npmjs.org/@types%2fhtml-escaper 180ms (from cache)
307 silly pacote tag manifest for @types/html-minifier-terser@ts3.6 fetched in 157ms
308 silly pacote tag manifest for @types/html-escaper@ts3.6 fetched in 196ms
309 http fetch GET 304 https://registry.npmjs.org/@types%2fhttp-errors 172ms (from cache)
310 silly pacote tag manifest for @types/http-errors@ts3.6 fetched in 182ms
311 http fetch GET 304 https://registry.npmjs.org/@types%2fhttp-proxy 162ms (from cache)
312 http fetch GET 304 https://registry.npmjs.org/@types%2ficss-utils 162ms (from cache)
313 silly pacote tag manifest for @types/http-proxy@ts3.6 fetched in 182ms
314 silly pacote tag manifest for @types/icss-utils@ts3.6 fetched in 184ms
315 http fetch GET 304 https://registry.npmjs.org/@types%2fiferr 155ms (from cache)
316 silly pacote tag manifest for @types/iferr@ts3.6 fetched in 179ms
317 http fetch GET 304 https://registry.npmjs.org/@types%2fimurmurhash 186ms (from cache)
318 silly pacote tag manifest for @types/imurmurhash@ts3.6 fetched in 196ms
319 http fetch GET 304 https://registry.npmjs.org/@types%2finherits 168ms (from cache)
320 silly pacote tag manifest for @types/inherits@ts3.6 fetched in 175ms
321 http fetch GET 304 https://registry.npmjs.org/@types%2fini 140ms (from cache)
322 http fetch GET 304 https://registry.npmjs.org/@types%2finternal-slot 134ms (from cache)
323 silly pacote tag manifest for @types/ini@ts3.6 fetched in 148ms
324 silly pacote tag manifest for @types/internal-slot@ts3.6 fetched in 140ms
325 http fetch GET 304 https://registry.npmjs.org/@types%2fis-arguments 131ms (from cache)
326 http fetch GET 304 https://registry.npmjs.org/@types%2fis-bigint 130ms (from cache)
327 silly registry:manifest no matching version for @types/is-bigint@ts3.6 in the cache. Forcing revalidation.
328 silly pacote tag manifest for @types/is-arguments@ts3.6 fetched in 150ms
329 http fetch GET 304 https://registry.npmjs.org/@types%2fip 187ms (from cache)
330 http fetch GET 304 https://registry.npmjs.org/@types%2fis-boolean-object 138ms (from cache)
331 silly registry:manifest no matching version for @types/is-boolean-object@ts3.6 in the cache. Forcing revalidation.
332 silly pacote tag manifest for @types/ip@ts3.6 fetched in 218ms
333 http fetch GET 304 https://registry.npmjs.org/@types%2fis-buffer 179ms (from cache)
334 silly pacote tag manifest for @types/is-buffer@ts3.6 fetched in 185ms
335 http fetch GET 304 https://registry.npmjs.org/@types%2fis-ci 163ms (from cache)
336 http fetch GET 200 https://registry.npmjs.org/@types%2fis-bigint 109ms
337 http fetch GET 304 https://registry.npmjs.org/@types%2fis-callable 181ms (from cache)
338 silly fetchPackageMetaData error for @types/is-bigint@ts3.6 No matching version found for @types/is-bigint@ts3.6.
339 http fetch GET 304 https://registry.npmjs.org/@types%2fis-core-module 172ms (from cache)
340 silly pacote tag manifest for @types/is-ci@ts3.6 fetched in 179ms
341 silly pacote tag manifest for @types/is-callable@ts3.6 fetched in 197ms
342 silly pacote tag manifest for @types/is-core-module@ts3.6 fetched in 185ms
343 http fetch GET 304 https://registry.npmjs.org/@types%2fis-data-descriptor 170ms (from cache)
344 silly registry:manifest no matching version for @types/is-data-descriptor@ts3.6 in the cache. Forcing revalidation.
345 http fetch GET 304 https://registry.npmjs.org/@types%2ffill-range 1191ms (from cache)
346 silly registry:manifest no matching version for @types/fill-range@ts3.6 in the cache. Forcing revalidation.
347 http fetch GET 304 https://registry.npmjs.org/@types%2fis-date-object 143ms (from cache)
348 http fetch GET 200 https://registry.npmjs.org/@types%2fis-boolean-object 162ms
349 silly fetchPackageMetaData error for @types/is-boolean-object@ts3.6 No matching version found for @types/is-boolean-object@ts3.6.
350 silly pacote tag manifest for @types/is-date-object@ts3.6 fetched in 167ms
351 http fetch GET 304 https://registry.npmjs.org/@types%2fis-glob 161ms (from cache)
352 silly pacote tag manifest for @types/is-glob@ts3.6 fetched in 167ms
353 http fetch GET 304 https://registry.npmjs.org/@types%2fis-number 156ms (from cache)
354 http fetch GET 304 https://registry.npmjs.org/@types%2fis-string 150ms (from cache)
355 silly registry:manifest no matching version for @types/is-string@ts3.6 in the cache. Forcing revalidation.
356 http fetch GET 304 https://registry.npmjs.org/@types%2fis-typedarray 150ms (from cache)
357 silly pacote tag manifest for @types/is-number@ts3.6 fetched in 180ms
358 silly pacote tag manifest for @types/is-typedarray@ts3.6 fetched in 174ms
359 http fetch GET 304 https://registry.npmjs.org/@types%2fis-regex 192ms (from cache)
360 silly pacote tag manifest for @types/is-regex@ts3.6 fetched in 211ms
361 http fetch GET 200 https://registry.npmjs.org/@types%2fis-data-descriptor 157ms
362 silly fetchPackageMetaData error for @types/is-data-descriptor@ts3.6 No matching version found for @types/is-data-descriptor@ts3.6.
363 http fetch GET 200 https://registry.npmjs.org/@types%2ffill-range 154ms
364 silly fetchPackageMetaData error for @types/fill-range@ts3.6 No matching version found for @types/fill-range@ts3.6.
365 http fetch GET 304 https://registry.npmjs.org/@types%2fis-windows 166ms (from cache)
366 silly pacote tag manifest for @types/is-windows@ts3.6 fetched in 172ms
367 http fetch GET 304 https://registry.npmjs.org/@types%2fisarray 180ms (from cache)
368 http fetch GET 304 https://registry.npmjs.org/@types%2fisexe 138ms (from cache)
369 silly pacote tag manifest for @types/isarray@ts3.6 fetched in 189ms
370 silly pacote tag manifest for @types/isexe@ts3.6 fetched in 146ms
371 http fetch GET 304 https://registry.npmjs.org/@types%2fistanbul-lib-instrument 123ms (from cache)
372 http fetch GET 304 https://registry.npmjs.org/@types%2fistanbul-lib-coverage 135ms (from cache)
373 silly pacote tag manifest for @types/istanbul-lib-instrument@ts3.6 fetched in 128ms
374 silly pacote tag manifest for @types/istanbul-lib-coverage@ts3.6 fetched in 144ms
375 http fetch GET 304 https://registry.npmjs.org/@types%2fistanbul-lib-report 167ms (from cache)
376 silly pacote tag manifest for @types/istanbul-lib-report@ts3.6 fetched in 180ms
377 http fetch GET 304 https://registry.npmjs.org/@types%2fistanbul-lib-source-maps 180ms (from cache)
378 http fetch GET 304 https://registry.npmjs.org/@types%2fistanbul-reports 171ms (from cache)
379 http fetch GET 304 https://registry.npmjs.org/@types%2fjs-yaml 138ms (from cache)
380 silly pacote tag manifest for @types/istanbul-lib-source-maps@ts3.6 fetched in 200ms
381 silly pacote tag manifest for @types/istanbul-reports@ts3.6 fetched in 195ms
382 silly pacote tag manifest for @types/js-yaml@ts3.6 fetched in 165ms
383 http fetch GET 304 https://registry.npmjs.org/@types%2fjsesc 166ms (from cache)
384 http fetch GET 304 https://registry.npmjs.org/@types%2fjson-parse-better-errors 148ms (from cache)
385 http fetch GET 304 https://registry.npmjs.org/@types%2fjsdom 174ms (from cache)
386 silly pacote tag manifest for @types/jsesc@ts3.6 fetched in 175ms
387 silly pacote tag manifest for @types/json-parse-better-errors@ts3.6 fetched in 160ms
388 http fetch GET 304 https://registry.npmjs.org/@types%2fjsonfile 153ms (from cache)
389 silly pacote tag manifest for @types/jsdom@ts3.6 fetched in 187ms
390 silly pacote tag manifest for @types/jsonfile@ts3.6 fetched in 162ms
391 http fetch GET 304 https://registry.npmjs.org/@types%2fkind-of 110ms (from cache)
392 silly pacote tag manifest for @types/kind-of@ts3.6 fetched in 114ms
393 http fetch GET 304 https://registry.npmjs.org/@types%2flanguage-tags 101ms (from cache)
394 silly registry:manifest no matching version for @types/language-tags@ts3.6 in the cache. Forcing revalidation.
395 http fetch GET 304 https://registry.npmjs.org/@types%2floader-runner 113ms (from cache)
396 silly pacote tag manifest for @types/loader-runner@ts3.6 fetched in 116ms
397 http fetch GET 304 https://registry.npmjs.org/@types%2floader-utils 169ms (from cache)
398 http fetch GET 304 https://registry.npmjs.org/@types%2flodash.memoize 130ms (from cache)
399 http fetch GET 304 https://registry.npmjs.org/@types%2flodash 141ms (from cache)
400 http fetch GET 304 https://registry.npmjs.org/@types%2flodash.debounce 143ms (from cache)
401 silly pacote tag manifest for @types/loader-utils@ts3.6 fetched in 186ms
402 silly pacote tag manifest for @types/lodash.memoize@ts3.6 fetched in 148ms
403 silly pacote tag manifest for @types/lodash@ts3.6 fetched in 156ms
404 silly pacote tag manifest for @types/lodash.debounce@ts3.6 fetched in 154ms
405 http fetch GET 304 https://registry.npmjs.org/@types%2flodash.template 131ms (from cache)
406 http fetch GET 304 https://registry.npmjs.org/@types%2flodash.merge 158ms (from cache)
407 silly pacote tag manifest for @types/lodash.template@ts3.6 fetched in 139ms
408 silly pacote tag manifest for @types/lodash.merge@ts3.6 fetched in 163ms
409 http fetch GET 304 https://registry.npmjs.org/@types%2flodash.truncate 100ms (from cache)
410 silly pacote tag manifest for @types/lodash.truncate@ts3.6 fetched in 103ms
411 http fetch GET 304 https://registry.npmjs.org/@types%2flodash.uniq 92ms (from cache)
412 silly pacote tag manifest for @types/lodash.uniq@ts3.6 fetched in 96ms
413 http fetch GET 304 https://registry.npmjs.org/@types%2fesquery 2316ms (from cache)
414 silly pacote tag manifest for @types/esquery@ts3.6 fetched in 2319ms
415 http fetch GET 200 https://registry.npmjs.org/@types%2flanguage-tags 593ms
416 silly fetchPackageMetaData error for @types/language-tags@ts3.6 No matching version found for @types/language-tags@ts3.6.
417 http fetch GET 200 https://registry.npmjs.org/@types%2fis-string 1254ms
418 silly fetchPackageMetaData error for @types/is-string@ts3.6 No matching version found for @types/is-string@ts3.6.
419 timing stage:rollbackFailedOptional Completed in 1ms
420 timing stage:runTopLevelLifecycles Completed in 5828ms
421 verbose type tag
422 verbose stack @types/call-bind: No matching version found for @types/call-bind@ts3.6.
422 verbose stack     at pickManifest (/usr/local/lib/node_modules/npm/node_modules/npm-pick-manifest/index.js:122:13)
422 verbose stack     at /usr/local/lib/node_modules/npm/node_modules/pacote/lib/fetchers/registry/manifest.js:43:18
422 verbose stack     at tryCatcher (/usr/local/lib/node_modules/npm/node_modules/bluebird/js/release/util.js:16:23)
422 verbose stack     at Promise._settlePromiseFromHandler (/usr/local/lib/node_modules/npm/node_modules/bluebird/js/release/promise.js:517:31)
422 verbose stack     at Promise._settlePromise (/usr/local/lib/node_modules/npm/node_modules/bluebird/js/release/promise.js:574:18)
422 verbose stack     at Promise._settlePromise0 (/usr/local/lib/node_modules/npm/node_modules/bluebird/js/release/promise.js:619:10)
422 verbose stack     at Promise._settlePromises (/usr/local/lib/node_modules/npm/node_modules/bluebird/js/release/promise.js:699:18)
422 verbose stack     at _drainQueueStep (/usr/local/lib/node_modules/npm/node_modules/bluebird/js/release/async.js:138:12)
422 verbose stack     at _drainQueue (/usr/local/lib/node_modules/npm/node_modules/bluebird/js/release/async.js:131:9)
422 verbose stack     at Async._drainQueues (/usr/local/lib/node_modules/npm/node_modules/bluebird/js/release/async.js:147:5)
422 verbose stack     at Immediate.Async.drainQueues [as _onImmediate] (/usr/local/lib/node_modules/npm/node_modules/bluebird/js/release/async.js:17:14)
422 verbose stack     at processImmediate (internal/timers.js:456:21)
423 verbose cwd /home/theia/.cache/typescript/3.6
424 verbose Linux 5.10.102.1-microsoft-standard-WSL2
425 verbose argv "/usr/local/bin/node" "/usr/local/bin/npm" "install" "--ignore-scripts" "@types/testing-library__jest-dom@ts3.6" "@types/react@ts3.6" "@types/react-dom@ts3.6" "@types/eslint-config-prettier@ts3.6" "@types/eslint-plugin-prettier@ts3.6" "@types/prettier@ts3.6" "@types/accepts@ts3.6" "@types/acorn@ts3.6" "@types/argparse@ts3.6" "@types/aria-query@ts3.6" "@types/arr-diff@ts3.6" "@types/arr-union@ts3.6" "@types/array-unique@ts3.6" "@types/array.prototype.flat@ts3.6" "@types/array.prototype.flatmap@ts3.6" "@types/asap@ts3.6" "@types/assert@ts3.6" "@types/async@ts3.6" "@types/atob@ts3.6" "@types/babel-plugin-macros@ts3.6" "@types/babylon@ts3.6" "@types/balanced-match@ts3.6" "@types/big.js@ts3.6" "@types/bluebird@ts3.6" "@types/bn.js@ts3.6" "@types/body-parser@ts3.6" "@types/bonjour@ts3.6" "@types/boolbase@ts3.6" "@types/brace-expansion@ts3.6" "@types/braces@ts3.6" "@types/brorand@ts3.6" "@types/bser@ts3.6" "@types/buffer-from@ts3.6" "@types/buffer-xor@ts3.6" "@types/bytes@ts3.6" "@types/cacache@ts3.6" "@types/call-bind@ts3.6" "@types/caniuse-api@ts3.6" "@types/caniuse-lite@ts3.6" "@types/case-sensitive-paths-webpack-plugin@ts3.6" "@types/check-types@ts3.6" "@types/chownr@ts3.6" "@types/cipher-base@ts3.6" "@types/clean-css@ts3.6" "@types/co@ts3.6" "@types/color@ts3.6" "@types/color-convert@ts3.6" "@types/color-name@ts3.6" "@types/color-string@ts3.6" "@types/combined-stream@ts3.6" "@types/common-tags@ts3.6" "@types/commondir@ts3.6" "@types/component-emitter@ts3.6" "@types/compose-function@ts3.6" "@types/compressible@ts3.6" "@types/compression@ts3.6" "@types/concat-map@ts3.6" "@types/concat-stream@ts3.6" "@types/confusing-browser-globals@ts3.6" "@types/connect-history-api-fallback@ts3.6" "@types/content-disposition@ts3.6" "@types/content-type@ts3.6" "@types/convert-source-map@ts3.6" "@types/cookie@ts3.6" "@types/cookie-signature@ts3.6" "@types/core-js@ts3.6" "@types/create-hash@ts3.6" "@types/create-hmac@ts3.6" "@types/cross-spawn@ts3.6" "@types/css@ts3.6" "@types/css-declaration-sorter@ts3.6" "@types/css-tree@ts3.6" "@types/cssesc@ts3.6" "@types/csso@ts3.6" "@types/cssom@ts3.6" "@types/cssstyle@ts3.6" "@types/d@ts3.6" "@types/damerau-levenshtein@ts3.6" "@types/data-urls@ts3.6" "@types/debug@ts3.6" "@types/decode-uri-component@ts3.6" "@types/dedent@ts3.6" "@types/deep-equal@ts3.6" "@types/default-gateway@ts3.6" "@types/define-properties@ts3.6" "@types/depd@ts3.6" "@types/destroy@ts3.6" "@types/detect-node@ts3.6" "@types/diffie-hellman@ts3.6" "@types/dir-glob@ts3.6" "@types/dns-packet@ts3.6" "@types/doctrine@ts3.6" "@types/domexception@ts3.6" "@types/domutils@ts3.6" "@types/duplexify@ts3.6" "@types/ee-first@ts3.6" "@types/ejs@ts3.6" "@types/elliptic@ts3.6" "@types/encodeurl@ts3.6" "@types/end-of-stream@ts3.6" "@types/enhanced-resolve@ts3.6" "@types/es-abstract@ts3.6" "@types/es-to-primitive@ts3.6" "@types/escape-html@ts3.6" "@types/escodegen@ts3.6" "@types/eslint@ts3.6" "@types/eslint-scope@ts3.6" "@types/eslint-utils@ts3.6" "@types/eslint-visitor-keys@ts3.6" "@types/esprima@ts3.6" "@types/esquery@ts3.6" "@types/estraverse@ts3.6" "@types/esutils@ts3.6" "@types/etag@ts3.6" "@types/events@ts3.6" "@types/eventsource@ts3.6" "@types/exit@ts3.6" "@types/express@ts3.6" "@types/fast-levenshtein@ts3.6" "@types/fb-watchman@ts3.6" "@types/file-entry-cache@ts3.6" "@types/file-loader@ts3.6" "@types/fill-range@ts3.6" "@types/finalhandler@ts3.6" "@types/find-cache-dir@ts3.6" "@types/flat-cache@ts3.6" "@types/flush-write-stream@ts3.6" "@types/follow-redirects@ts3.6" "@types/forwarded@ts3.6" "@types/fresh@ts3.6" "@types/from2@ts3.6" "@types/fs-extra@ts3.6" "@types/function-bind@ts3.6" "@types/functional-red-black-tree@ts3.6" "@types/gensync@ts3.6" "@types/get-intrinsic@ts3.6" "@types/get-value@ts3.6" "@types/glob@ts3.6" "@types/glob-parent@ts3.6" "@types/global-modules@ts3.6" "@types/global-prefix@ts3.6" "@types/graceful-fs@ts3.6" "@types/has@ts3.6" "@types/has-symbols@ts3.6" "@types/he@ts3.6" "@types/hex-color-regex@ts3.6" "@types/hosted-git-info@ts3.6" "@types/html-encoding-sniffer@ts3.6" "@types/html-escaper@ts3.6" "@types/html-minifier-terser@ts3.6" "@types/http-errors@ts3.6" "@types/http-proxy@ts3.6" "@types/icss-utils@ts3.6" "@types/iferr@ts3.6" "@types/imurmurhash@ts3.6" "@types/inherits@ts3.6" "@types/ini@ts3.6" "@types/internal-slot@ts3.6" "@types/ip@ts3.6" "@types/is-arguments@ts3.6" "@types/is-bigint@ts3.6" "@types/is-boolean-object@ts3.6" "@types/is-buffer@ts3.6" "@types/is-callable@ts3.6" "@types/is-ci@ts3.6" "@types/is-core-module@ts3.6" "@types/is-data-descriptor@ts3.6" "@types/is-date-object@ts3.6" "@types/is-glob@ts3.6" "@types/is-number@ts3.6" "@types/is-regex@ts3.6" "@types/is-string@ts3.6" "@types/is-typedarray@ts3.6" "@types/is-windows@ts3.6" "@types/isarray@ts3.6" "@types/isexe@ts3.6" "@types/istanbul-lib-coverage@ts3.6" "@types/istanbul-lib-instrument@ts3.6" "@types/istanbul-lib-report@ts3.6" "@types/istanbul-lib-source-maps@ts3.6" "@types/istanbul-reports@ts3.6" "@types/js-yaml@ts3.6" "@types/jsdom@ts3.6" "@types/jsesc@ts3.6" "@types/json-parse-better-errors@ts3.6" "@types/jsonfile@ts3.6" "@types/kind-of@ts3.6" "@types/language-tags@ts3.6" "@types/loader-runner@ts3.6" "@types/loader-utils@ts3.6" "@types/lodash@ts3.6" "@types/lodash.debounce@ts3.6" "@types/lodash.memoize@ts3.6" "@types/lodash.merge@ts3.6" "@types/lodash.template@ts3.6" "@types/lodash.truncate@ts3.6" "@types/lodash.uniq@ts3.6" "--save-dev" "--user-agent=typesInstaller/3.6.3"
426 verbose node v12.18.3
427 verbose npm  v6.14.6
428 error code ETARGET
429 error notarget No matching version found for @types/call-bind@ts3.6.
430 error notarget In most cases you or one of your dependencies are requesting
430 error notarget a package version that doesn't exist.
431 verbose exit [ 1, true ]
